2024-10-16 12:21:14,547 - INFO - Iniciando o crawler com ordenação: mais_recentes e modo: ata_de_registro_de_precos
2024-10-16 12:21:14,547 - INFO - Processo iniciado pelo usuário.
2024-10-16 12:21:14,547 - INFO - Carregando IDs existentes em memória.
2024-10-16 12:21:14,628 - INFO - Carregados 10103 IDs existentes de pncp_data_ata_de_registro_de_precos.csv.
2024-10-16 12:21:14,766 - INFO - Carregados 8333 IDs existentes de pncp_itens_ata_de_registro_de_precos.csv.
2024-10-16 12:21:14,801 - INFO - Carregados 8415 IDs existentes de pncp_arquivos_ata_de_registro_de_precos.csv.
2024-10-16 12:21:14,802 - INFO - Total de IDs carregados para dados principais: 10103
2024-10-16 12:21:14,802 - INFO - Total de IDs carregados para itens: 8333
2024-10-16 12:21:14,802 - INFO - Total de IDs carregados para arquivos: 8415
2024-10-16 12:21:14,802 - INFO - Buscando dados da página 1.
2024-10-16 12:21:16,501 - INFO - 149 registros adicionados ao arquivo pncp_data_ata_de_registro_de_precos.csv.
2024-10-16 12:21:16,501 - INFO - Salvos 149 novos itens da página 1.
2024-10-16 12:21:16,501 - INFO - Progresso: 500 itens processados, 149 novos, 351 duplicados.
2024-10-16 12:21:17,501 - INFO - Buscando dados da página 2.
2024-10-16 12:21:19,231 - INFO - Nenhum item novo na página 2.
2024-10-16 12:21:19,231 - INFO - Progresso: 1000 itens processados, 149 novos, 851 duplicados.
2024-10-16 12:21:20,231 - INFO - Buscando dados da página 3.
2024-10-16 12:21:21,849 - INFO - Nenhum item novo na página 3.
2024-10-16 12:21:21,850 - INFO - Progresso: 1500 itens processados, 149 novos, 1351 duplicados.
2024-10-16 12:21:22,851 - INFO - Buscando dados da página 4.
2024-10-16 12:21:24,490 - INFO - Nenhum item novo na página 4.
2024-10-16 12:21:24,490 - INFO - Progresso: 2000 itens processados, 149 novos, 1851 duplicados.
2024-10-16 12:21:24,998 - INFO - Cancelamento solicitado pelo usuário.
2024-10-16 12:21:25,490 - INFO - Processo cancelado pelo usuário durante a coleta de dados principais.
2024-10-16 12:21:25,490 - INFO - Sanitizando arquivos CSV para remover duplicatas.
2024-10-16 12:21:25,873 - INFO - Arquivo 'pncp_data_ata_de_registro_de_precos.csv' sanitizado. Linhas removidas: 120.
2024-10-16 12:21:27,027 - INFO - Processo de crawling concluído.
2024-10-16 12:21:27,027 - INFO - Tempo de execução: 12.48 segundos.
2024-10-16 12:21:27,027 - INFO - Total de itens processados (dados principais): 2000
2024-10-16 12:21:27,027 - INFO - Novos itens salvos (dados principais): 149
2024-10-16 12:21:27,027 - INFO - Itens duplicados (não salvos): 1851
2024-10-16 12:21:27,027 - INFO - Número de erros encontrados: 0
2024-10-16 12:21:27,027 - INFO - Páginas processadas: 5
2024-10-16 12:21:27,027 - INFO - Parâmetro de ordenação utilizado: mais_recentes
2024-10-16 12:21:27,027 - INFO - Total de arquivos complementares salvos: 0
2024-10-16 12:21:27,027 - INFO - Total de linhas duplicadas removidas: 120
2024-10-16 12:21:27,028 - INFO - Processo de crawling concluído. Verifique os arquivos CSV na pasta 'Dados_CSV' para os resultados.
