2024-10-16 12:12:23,982 - INFO - Iniciando o crawler com ordenação: mais_recentes e modo: ata_de_registro_de_precos
2024-10-16 12:12:23,982 - INFO - Processo iniciado pelo usuário.
2024-10-16 12:12:23,982 - INFO - Carregando IDs existentes em memória.
2024-10-16 12:12:24,049 - INFO - Carregados 10103 IDs existentes de pncp_data_ata_de_registro_de_precos.csv.
2024-10-16 12:12:24,201 - INFO - Carregados 8333 IDs existentes de pncp_itens_ata_de_registro_de_precos.csv.
2024-10-16 12:12:24,236 - INFO - Carregados 8415 IDs existentes de pncp_arquivos_ata_de_registro_de_precos.csv.
2024-10-16 12:12:24,236 - INFO - Total de IDs carregados para dados principais: 10103
2024-10-16 12:12:24,236 - INFO - Total de IDs carregados para itens: 8333
2024-10-16 12:12:24,236 - INFO - Total de IDs carregados para arquivos: 8415
2024-10-16 12:12:24,236 - INFO - Buscando dados da página 1.
2024-10-16 12:12:25,475 - INFO - 20 registros adicionados ao arquivo pncp_data_ata_de_registro_de_precos.csv.
2024-10-16 12:12:25,475 - INFO - Salvos 20 novos itens da página 1.
2024-10-16 12:12:25,475 - INFO - Progresso: 20 itens processados, 20 novos, 0 duplicados.
2024-10-16 12:12:26,475 - INFO - Iniciando coleta de dados adicionais (itens e arquivos).
2024-10-16 12:12:26,572 - INFO - Total de registros para coleta adicional: 10240
2024-10-16 12:12:26,579 - INFO - Total de novos itens a serem buscados: 1914
2024-10-16 12:12:26,579 - INFO - Total de novos arquivos a serem buscados: 1933
2024-10-16 12:12:26,579 - INFO - Iniciando processamento paralelo dos dados adicionais.
2024-10-16 12:12:26,580 - INFO - Iniciando download de dados adicionais para PNCP 83102277000152-1-000220/2024-000001.
2024-10-16 12:12:26,580 - INFO - Itens já existentes para PNCP 83102277000152-1-000220/2024-000001.
2024-10-16 12:12:26,580 - INFO - Arquivos já existentes para PNCP 83102277000152-1-000220/2024-000001.
2024-10-16 12:12:26,580 - INFO - Iniciando download de dados adicionais para PNCP 10839508000131-1-000036/2024-000017.
2024-10-16 12:12:26,580 - INFO - Itens já existentes para PNCP 10839508000131-1-000036/2024-000017.
2024-10-16 12:12:26,580 - INFO - Arquivos já existentes para PNCP 10839508000131-1-000036/2024-000017.
2024-10-16 12:12:26,580 - INFO - Iniciando download de dados adicionais para PNCP 46523239000147-1-000052/2024-000005.
2024-10-16 12:12:26,580 - INFO - Itens já existentes para PNCP 46523239000147-1-000052/2024-000005.
2024-10-16 12:12:26,581 - INFO - Arquivos já existentes para PNCP 46523239000147-1-000052/2024-000005.
2024-10-16 12:12:26,581 - INFO - Iniciando download de dados adicionais para PNCP 10724903000179-1-000094/2024-000014.
2024-10-16 12:12:26,582 - INFO - Iniciando download de dados adicionais para PNCP 10724903000179-1-000094/2024-000013.
2024-10-16 12:12:26,583 - INFO - Itens já existentes para PNCP 10724903000179-1-000094/2024-000014.
2024-10-16 12:12:26,583 - INFO - Iniciando download de dados adicionais para PNCP 00394452000103-1-018235/2024-000001.
2024-10-16 12:12:26,583 - INFO - Itens já existentes para PNCP 10724903000179-1-000094/2024-000013.
2024-10-16 12:12:26,584 - INFO - Iniciando download de dados adicionais para PNCP 00394429000100-1-000856/2024-000001.
2024-10-16 12:12:26,585 - INFO - Arquivos já existentes para PNCP 10724903000179-1-000094/2024-000013.
2024-10-16 12:12:26,584 - INFO - Iniciando download de dados adicionais para PNCP 82892316000108-1-000526/2024-000004.
2024-10-16 12:12:26,584 - INFO - Arquivos já existentes para PNCP 10724903000179-1-000094/2024-000014.
2024-10-16 12:12:26,584 - INFO - Itens já existentes para PNCP 00394452000103-1-018235/2024-000001.
2024-10-16 12:12:26,584 - INFO - Iniciando download de dados adicionais para PNCP 23802507000164-1-000025/2024-000001.
2024-10-16 12:12:26,584 - INFO - Iniciando download de dados adicionais para PNCP 82939380000199-1-000189/2024-000007.
2024-10-16 12:12:26,605 - INFO - Itens já existentes para PNCP 00394429000100-1-000856/2024-000001.
2024-10-16 12:12:26,627 - INFO - Arquivos já existentes para PNCP 00394429000100-1-000856/2024-000001.
2024-10-16 12:12:26,627 - INFO - Iniciando download de dados adicionais para PNCP 13393178000191-1-000036/2024-000001.
2024-10-16 12:12:26,627 - INFO - Itens já existentes para PNCP 13393178000191-1-000036/2024-000001.
2024-10-16 12:12:26,606 - INFO - Iniciando download de dados adicionais para PNCP 10724903000179-1-000094/2024-000012.
2024-10-16 12:12:26,627 - INFO - Itens já existentes para PNCP 82892316000108-1-000526/2024-000004.
2024-10-16 12:12:26,627 - INFO - Arquivos já existentes para PNCP 00394452000103-1-018235/2024-000001.
2024-10-16 12:12:26,627 - INFO - Iniciando download de dados adicionais para PNCP 00394452000103-1-015972/2024-000007.
2024-10-16 12:12:26,611 - INFO - Iniciando download de dados adicionais para PNCP 00394452000103-1-017242/2024-000003.
2024-10-16 12:12:26,611 - INFO - Iniciando download de dados adicionais para PNCP 04071106000137-1-000011/2024-000007.
2024-10-16 12:12:26,611 - INFO - Iniciando download de dados adicionais para PNCP 00394452000103-1-017242/2024-000004.
2024-10-16 12:12:26,627 - INFO - Itens já existentes para PNCP 23802507000164-1-000025/2024-000001.
2024-10-16 12:12:26,633 - INFO - Arquivos já existentes para PNCP 23802507000164-1-000025/2024-000001.
2024-10-16 12:12:26,628 - INFO - Itens já existentes para PNCP 10724903000179-1-000094/2024-000012.
2024-10-16 12:12:26,628 - INFO - Itens já existentes para PNCP 82939380000199-1-000189/2024-000007.
2024-10-16 12:12:26,633 - INFO - Itens já existentes para PNCP 04071106000137-1-000011/2024-000007.
2024-10-16 12:12:26,633 - INFO - Itens já existentes para PNCP 00394452000103-1-017242/2024-000004.
2024-10-16 12:12:26,633 - INFO - Iniciando download de dados adicionais para PNCP 82939380000199-1-000189/2024-000006.
2024-10-16 12:12:26,633 - INFO - Itens já existentes para PNCP 00394452000103-1-015972/2024-000007.
2024-10-16 12:12:26,634 - INFO - Iniciando download de dados adicionais para PNCP 00394452000103-1-017242/2024-000002.
2024-10-16 12:12:26,634 - INFO - Arquivos já existentes para PNCP 10724903000179-1-000094/2024-000012.
2024-10-16 12:12:26,634 - INFO - Arquivos já existentes para PNCP 04071106000137-1-000011/2024-000007.
2024-10-16 12:12:26,634 - INFO - Itens já existentes para PNCP 82939380000199-1-000189/2024-000006.
2024-10-16 12:12:26,627 - INFO - Arquivos já existentes para PNCP 13393178000191-1-000036/2024-000001.
2024-10-16 12:12:26,634 - INFO - Arquivos já existentes para PNCP 00394452000103-1-015972/2024-000007.
2024-10-16 12:12:26,634 - INFO - Arquivos já existentes para PNCP 00394452000103-1-017242/2024-000004.
2024-10-16 12:12:26,634 - INFO - Arquivos já existentes para PNCP 82939380000199-1-000189/2024-000007.
2024-10-16 12:12:26,635 - INFO - Itens já existentes para PNCP 00394452000103-1-017242/2024-000002.
2024-10-16 12:12:26,655 - INFO - Iniciando download de dados adicionais para PNCP 18029371000161-1-000095/2024-000006.
2024-10-16 12:12:26,666 - INFO - Arquivos já existentes para PNCP 82939380000199-1-000189/2024-000006.
2024-10-16 12:12:26,666 - INFO - Iniciando download de dados adicionais para PNCP 00394452000103-1-008272/2024-000027.
2024-10-16 12:12:26,681 - INFO - Iniciando download de dados adicionais para PNCP 00394452000103-1-017242/2024-000001.
2024-10-16 12:12:26,681 - INFO - Itens já existentes para PNCP 00394452000103-1-017242/2024-000003.
2024-10-16 12:12:26,681 - INFO - Iniciando download de dados adicionais para PNCP 00394452000103-1-008272/2024-000025.
2024-10-16 12:12:26,694 - INFO - Itens já existentes para PNCP 18029371000161-1-000095/2024-000006.
2024-10-16 12:12:26,695 - INFO - Arquivos já existentes para PNCP 18029371000161-1-000095/2024-000006.
2024-10-16 12:12:26,696 - INFO - Iniciando download de dados adicionais para PNCP 00394452000103-1-008272/2024-000023.
2024-10-16 12:12:26,696 - INFO - Itens já existentes para PNCP 00394452000103-1-008272/2024-000023.
2024-10-16 12:12:26,696 - INFO - Arquivos já existentes para PNCP 00394452000103-1-008272/2024-000023.
2024-10-16 12:12:26,696 - INFO - Iniciando download de dados adicionais para PNCP 00394452000103-1-016581/2024-000022.
2024-10-16 12:12:26,696 - INFO - Itens já existentes para PNCP 00394452000103-1-016581/2024-000022.
2024-10-16 12:12:26,696 - INFO - Arquivos já existentes para PNCP 00394452000103-1-016581/2024-000022.
2024-10-16 12:12:26,696 - INFO - Iniciando download de dados adicionais para PNCP 00394452000103-1-015601/2024-000018.
2024-10-16 12:12:26,697 - INFO - Itens já existentes para PNCP 00394452000103-1-015601/2024-000018.
2024-10-16 12:12:26,697 - INFO - Arquivos já existentes para PNCP 00394452000103-1-015601/2024-000018.
2024-10-16 12:12:26,697 - INFO - Iniciando download de dados adicionais para PNCP 18659334000137-1-000443/2024-000001.
2024-10-16 12:12:26,697 - INFO - Buscando itens para PNCP 18659334000137-1-000443/2024-000001.
2024-10-16 12:12:26,706 - INFO - Iniciando download de dados adicionais para PNCP 00394452000103-1-008272/2024-000026.
2024-10-16 12:12:26,707 - INFO - Itens já existentes para PNCP 00394452000103-1-008272/2024-000026.
2024-10-16 12:12:26,707 - INFO - Arquivos já existentes para PNCP 00394452000103-1-008272/2024-000026.
2024-10-16 12:12:26,707 - INFO - Iniciando download de dados adicionais para PNCP 18029371000161-1-000095/2024-000005.
2024-10-16 12:12:26,707 - INFO - Buscando itens para PNCP 18029371000161-1-000095/2024-000005.
2024-10-16 12:12:26,708 - INFO - Itens já existentes para PNCP 00394452000103-1-008272/2024-000027.
2024-10-16 12:12:26,708 - INFO - Arquivos já existentes para PNCP 00394452000103-1-008272/2024-000027.
2024-10-16 12:12:26,708 - INFO - Iniciando download de dados adicionais para PNCP 00394452000103-1-016493/2024-000001.
2024-10-16 12:12:26,708 - INFO - Itens já existentes para PNCP 00394452000103-1-016493/2024-000001.
2024-10-16 12:12:26,708 - INFO - Arquivos já existentes para PNCP 00394452000103-1-016493/2024-000001.
2024-10-16 12:12:26,709 - INFO - Iniciando download de dados adicionais para PNCP 18659334000137-1-000448/2024-000009.
2024-10-16 12:12:26,709 - INFO - Itens já existentes para PNCP 18659334000137-1-000448/2024-000009.
2024-10-16 12:12:26,709 - INFO - Arquivos já existentes para PNCP 18659334000137-1-000448/2024-000009.
2024-10-16 12:12:26,709 - INFO - Iniciando download de dados adicionais para PNCP 18029371000161-1-000095/2024-000004.
2024-10-16 12:12:26,709 - INFO - Buscando itens para PNCP 18029371000161-1-000095/2024-000004.
2024-10-16 12:12:26,710 - INFO - Iniciando download de dados adicionais para PNCP 00394452000103-1-008272/2024-000024.
2024-10-16 12:12:26,710 - INFO - Itens já existentes para PNCP 00394452000103-1-008272/2024-000024.
2024-10-16 12:12:26,710 - INFO - Arquivos já existentes para PNCP 00394452000103-1-008272/2024-000024.
2024-10-16 12:12:26,710 - INFO - Iniciando download de dados adicionais para PNCP 15126437000143-1-002559/2024-000003.
2024-10-16 12:12:26,710 - INFO - Itens já existentes para PNCP 15126437000143-1-002559/2024-000003.
2024-10-16 12:12:26,710 - INFO - Arquivos já existentes para PNCP 15126437000143-1-002559/2024-000003.
2024-10-16 12:12:26,711 - INFO - Iniciando download de dados adicionais para PNCP 78956513000168-1-000053/2024-000034.
2024-10-16 12:12:26,711 - INFO - Itens já existentes para PNCP 78956513000168-1-000053/2024-000034.
2024-10-16 12:12:26,711 - INFO - Arquivos já existentes para PNCP 78956513000168-1-000053/2024-000034.
2024-10-16 12:12:26,711 - INFO - Iniciando download de dados adicionais para PNCP 82911249000113-1-000182/2024-000001.
2024-10-16 12:12:26,711 - INFO - Itens já existentes para PNCP 82911249000113-1-000182/2024-000001.
2024-10-16 12:12:26,711 - INFO - Arquivos já existentes para PNCP 82911249000113-1-000182/2024-000001.
2024-10-16 12:12:26,711 - INFO - Iniciando download de dados adicionais para PNCP 00394452000103-1-017754/2024-000001.
2024-10-16 12:12:26,711 - INFO - Itens já existentes para PNCP 00394452000103-1-017754/2024-000001.
2024-10-16 12:12:26,711 - INFO - Arquivos já existentes para PNCP 00394452000103-1-017754/2024-000001.
2024-10-16 12:12:26,711 - INFO - Iniciando download de dados adicionais para PNCP 78956513000168-1-000053/2024-000033.
2024-10-16 12:12:26,711 - INFO - Itens já existentes para PNCP 78956513000168-1-000053/2024-000033.
2024-10-16 12:12:26,712 - INFO - Arquivos já existentes para PNCP 78956513000168-1-000053/2024-000033.
2024-10-16 12:12:26,712 - INFO - Iniciando download de dados adicionais para PNCP 46363933000144-1-000186/2024-000006.
2024-10-16 12:12:26,712 - INFO - Itens já existentes para PNCP 46363933000144-1-000186/2024-000006.
2024-10-16 12:12:26,712 - INFO - Arquivos já existentes para PNCP 46363933000144-1-000186/2024-000006.
2024-10-16 12:12:26,712 - INFO - Iniciando download de dados adicionais para PNCP 15126437000143-1-002559/2024-000002.
2024-10-16 12:12:26,712 - INFO - Itens já existentes para PNCP 15126437000143-1-002559/2024-000002.
2024-10-16 12:12:26,712 - INFO - Arquivos já existentes para PNCP 15126437000143-1-002559/2024-000002.
2024-10-16 12:12:26,712 - INFO - Iniciando download de dados adicionais para PNCP 46363933000144-1-000186/2024-000005.
2024-10-16 12:12:26,712 - INFO - Itens já existentes para PNCP 46363933000144-1-000186/2024-000005.
2024-10-16 12:12:26,712 - INFO - Arquivos já existentes para PNCP 46363933000144-1-000186/2024-000005.
2024-10-16 12:12:26,712 - INFO - Iniciando download de dados adicionais para PNCP 46363933000144-1-000186/2024-000004.
2024-10-16 12:12:26,712 - INFO - Itens já existentes para PNCP 46363933000144-1-000186/2024-000004.
2024-10-16 12:12:26,712 - INFO - Arquivos já existentes para PNCP 46363933000144-1-000186/2024-000004.
2024-10-16 12:12:26,713 - INFO - Iniciando download de dados adicionais para PNCP 78956513000168-1-000053/2024-000032.
2024-10-16 12:12:26,713 - INFO - Itens já existentes para PNCP 78956513000168-1-000053/2024-000032.
2024-10-16 12:12:26,713 - INFO - Arquivos já existentes para PNCP 78956513000168-1-000053/2024-000032.
2024-10-16 12:12:26,713 - INFO - Iniciando download de dados adicionais para PNCP 60747318000162-1-000211/2024-000001.
2024-10-16 12:12:26,713 - INFO - Itens já existentes para PNCP 60747318000162-1-000211/2024-000001.
2024-10-16 12:12:26,713 - INFO - Arquivos já existentes para PNCP 60747318000162-1-000211/2024-000001.
2024-10-16 12:12:26,713 - INFO - Iniciando download de dados adicionais para PNCP 46363933000144-1-000186/2024-000003.
2024-10-16 12:12:26,713 - INFO - Itens já existentes para PNCP 46363933000144-1-000186/2024-000003.
2024-10-16 12:12:26,713 - INFO - Arquivos já existentes para PNCP 46363933000144-1-000186/2024-000003.
2024-10-16 12:12:26,713 - INFO - Iniciando download de dados adicionais para PNCP 46363933000144-1-000186/2024-000002.
2024-10-16 12:12:26,713 - INFO - Itens já existentes para PNCP 46363933000144-1-000186/2024-000002.
2024-10-16 12:12:26,713 - INFO - Arquivos já existentes para PNCP 46363933000144-1-000186/2024-000002.
2024-10-16 12:12:26,713 - INFO - Iniciando download de dados adicionais para PNCP 78956513000168-1-000053/2024-000031.
2024-10-16 12:12:26,714 - INFO - Itens já existentes para PNCP 78956513000168-1-000053/2024-000031.
2024-10-16 12:12:26,714 - INFO - Arquivos já existentes para PNCP 78956513000168-1-000053/2024-000031.
2024-10-16 12:12:26,714 - INFO - Iniciando download de dados adicionais para PNCP 13906409000113-1-000069/2024-000001.
2024-10-16 12:12:26,714 - INFO - Itens já existentes para PNCP 13906409000113-1-000069/2024-000001.
2024-10-16 12:12:26,714 - INFO - Arquivos já existentes para PNCP 13906409000113-1-000069/2024-000001.
2024-10-16 12:12:26,714 - INFO - Iniciando download de dados adicionais para PNCP 46363933000144-1-000186/2024-000001.
2024-10-16 12:12:26,714 - INFO - Itens já existentes para PNCP 46363933000144-1-000186/2024-000001.
2024-10-16 12:12:26,714 - INFO - Arquivos já existentes para PNCP 46363933000144-1-000186/2024-000001.
2024-10-16 12:12:26,714 - INFO - Iniciando download de dados adicionais para PNCP 15126437000143-1-002559/2024-000001.
2024-10-16 12:12:26,714 - INFO - Itens já existentes para PNCP 15126437000143-1-002559/2024-000001.
2024-10-16 12:12:26,714 - INFO - Arquivos já existentes para PNCP 00394452000103-1-017242/2024-000002.
2024-10-16 12:12:26,714 - INFO - Iniciando download de dados adicionais para PNCP 00394452000103-1-008272/2024-000028.
2024-10-16 12:12:26,714 - INFO - Arquivos já existentes para PNCP 82892316000108-1-000526/2024-000004.
2024-10-16 12:12:26,714 - INFO - Itens já existentes para PNCP 00394452000103-1-008272/2024-000025.
2024-10-16 12:12:26,715 - INFO - Arquivos já existentes para PNCP 00394452000103-1-017242/2024-000003.
2024-10-16 12:12:26,715 - INFO - Itens já existentes para PNCP 00394452000103-1-017242/2024-000001.
2024-10-16 12:12:26,716 - INFO - Arquivos já existentes para PNCP 15126437000143-1-002559/2024-000001.
2024-10-16 12:12:26,716 - INFO - Iniciando download de dados adicionais para PNCP 18029371000161-1-000095/2024-000003.
2024-10-16 12:12:26,716 - INFO - Itens já existentes para PNCP 00394452000103-1-008272/2024-000028.
2024-10-16 12:12:26,716 - INFO - Arquivos já existentes para PNCP 00394452000103-1-008272/2024-000025.
2024-10-16 12:12:26,716 - INFO - Iniciando download de dados adicionais para PNCP 12207403000195-1-000056/2024-000015.
2024-10-16 12:12:26,716 - INFO - Iniciando download de dados adicionais para PNCP 78956513000168-1-000053/2024-000030.
2024-10-16 12:12:26,716 - INFO - Arquivos já existentes para PNCP 00394452000103-1-017242/2024-000001.
2024-10-16 12:12:26,718 - INFO - Buscando itens para PNCP 18029371000161-1-000095/2024-000003.
2024-10-16 12:12:26,720 - INFO - Arquivos já existentes para PNCP 00394452000103-1-008272/2024-000028.
2024-10-16 12:12:26,720 - INFO - Iniciando download de dados adicionais para PNCP 83102285000107-1-000433/2024-000001.
2024-10-16 12:12:26,720 - INFO - Itens já existentes para PNCP 83102285000107-1-000433/2024-000001.
2024-10-16 12:12:26,720 - INFO - Arquivos já existentes para PNCP 83102285000107-1-000433/2024-000001.
2024-10-16 12:12:26,720 - INFO - Iniciando download de dados adicionais para PNCP 00394452000103-1-017824/2024-000001.
2024-10-16 12:12:26,720 - INFO - Itens já existentes para PNCP 00394452000103-1-017824/2024-000001.
2024-10-16 12:12:26,720 - INFO - Arquivos já existentes para PNCP 00394452000103-1-017824/2024-000001.
2024-10-16 12:12:26,721 - INFO - Iniciando download de dados adicionais para PNCP 78956513000168-1-000053/2024-000028.
2024-10-16 12:12:26,721 - INFO - Itens já existentes para PNCP 78956513000168-1-000053/2024-000028.
2024-10-16 12:12:26,721 - INFO - Arquivos já existentes para PNCP 78956513000168-1-000053/2024-000028.
2024-10-16 12:12:26,721 - INFO - Iniciando download de dados adicionais para PNCP 00394544000185-1-000880/2024-000005.
2024-10-16 12:12:26,721 - INFO - Itens já existentes para PNCP 00394544000185-1-000880/2024-000005.
2024-10-16 12:12:26,722 - INFO - Arquivos já existentes para PNCP 00394544000185-1-000880/2024-000005.
2024-10-16 12:12:26,722 - INFO - Iniciando download de dados adicionais para PNCP 46482865000132-1-000336/2024-000002.
2024-10-16 12:12:26,722 - INFO - Itens já existentes para PNCP 46482865000132-1-000336/2024-000002.
2024-10-16 12:12:26,722 - INFO - Arquivos já existentes para PNCP 46482865000132-1-000336/2024-000002.
2024-10-16 12:12:26,722 - INFO - Iniciando download de dados adicionais para PNCP 46482865000132-1-000336/2024-000001.
2024-10-16 12:12:26,722 - INFO - Buscando itens para PNCP 46482865000132-1-000336/2024-000001.
2024-10-16 12:12:26,721 - INFO - Itens já existentes para PNCP 12207403000195-1-000056/2024-000015.
2024-10-16 12:12:26,723 - INFO - Arquivos já existentes para PNCP 12207403000195-1-000056/2024-000015.
2024-10-16 12:12:26,723 - INFO - Iniciando download de dados adicionais para PNCP 00394429018310-1-000021/2024-000019.
2024-10-16 12:12:26,724 - INFO - Itens já existentes para PNCP 00394429018310-1-000021/2024-000019.
2024-10-16 12:12:26,724 - INFO - Arquivos já existentes para PNCP 00394429018310-1-000021/2024-000019.
2024-10-16 12:12:26,724 - INFO - Iniciando download de dados adicionais para PNCP 78956513000168-1-000053/2024-000027.
2024-10-16 12:12:26,724 - INFO - Itens já existentes para PNCP 78956513000168-1-000053/2024-000027.
2024-10-16 12:12:26,724 - INFO - Arquivos já existentes para PNCP 78956513000168-1-000053/2024-000027.
2024-10-16 12:12:26,724 - INFO - Iniciando download de dados adicionais para PNCP 18029371000161-1-000095/2024-000002.
2024-10-16 12:12:26,722 - INFO - Itens já existentes para PNCP 78956513000168-1-000053/2024-000030.
2024-10-16 12:12:26,725 - INFO - Arquivos já existentes para PNCP 78956513000168-1-000053/2024-000030.
2024-10-16 12:12:26,725 - INFO - Iniciando download de dados adicionais para PNCP 20321585000159-1-000043/2024-000003.
2024-10-16 12:12:26,725 - INFO - Buscando itens para PNCP 20321585000159-1-000043/2024-000003.
2024-10-16 12:12:26,722 - INFO - Iniciando download de dados adicionais para PNCP 76416866000140-1-000088/2024-000001.
2024-10-16 12:12:26,726 - INFO - Itens já existentes para PNCP 76416866000140-1-000088/2024-000001.
2024-10-16 12:12:26,726 - INFO - Arquivos já existentes para PNCP 76416866000140-1-000088/2024-000001.
2024-10-16 12:12:26,726 - INFO - Iniciando download de dados adicionais para PNCP 18836965000184-1-000107/2024-000001.
2024-10-16 12:12:26,726 - INFO - Itens já existentes para PNCP 18836965000184-1-000107/2024-000001.
2024-10-16 12:12:26,726 - INFO - Arquivos já existentes para PNCP 18836965000184-1-000107/2024-000001.
2024-10-16 12:12:26,726 - INFO - Iniciando download de dados adicionais para PNCP 15126437000143-1-001464/2024-000018.
2024-10-16 12:12:26,726 - INFO - Itens já existentes para PNCP 15126437000143-1-001464/2024-000018.
2024-10-16 12:12:26,727 - INFO - Arquivos já existentes para PNCP 15126437000143-1-001464/2024-000018.
2024-10-16 12:12:26,727 - INFO - Iniciando download de dados adicionais para PNCP 78956513000168-1-000053/2024-000026.
2024-10-16 12:12:26,727 - INFO - Itens já existentes para PNCP 78956513000168-1-000053/2024-000026.
2024-10-16 12:12:26,727 - INFO - Arquivos já existentes para PNCP 78956513000168-1-000053/2024-000026.
2024-10-16 12:12:26,727 - INFO - Iniciando download de dados adicionais para PNCP 00394544000185-1-000966/2024-000001.
2024-10-16 12:12:26,727 - INFO - Itens já existentes para PNCP 00394544000185-1-000966/2024-000001.
2024-10-16 12:12:26,727 - INFO - Arquivos já existentes para PNCP 00394544000185-1-000966/2024-000001.
2024-10-16 12:12:26,727 - INFO - Iniciando download de dados adicionais para PNCP 78956513000168-1-000053/2024-000025.
2024-10-16 12:12:26,727 - INFO - Itens já existentes para PNCP 78956513000168-1-000053/2024-000025.
2024-10-16 12:12:26,727 - INFO - Arquivos já existentes para PNCP 78956513000168-1-000053/2024-000025.
2024-10-16 12:12:26,727 - INFO - Iniciando download de dados adicionais para PNCP 15126437000143-1-001464/2024-000017.
2024-10-16 12:12:26,727 - INFO - Itens já existentes para PNCP 15126437000143-1-001464/2024-000017.
2024-10-16 12:12:26,728 - INFO - Arquivos já existentes para PNCP 15126437000143-1-001464/2024-000017.
2024-10-16 12:12:26,728 - INFO - Iniciando download de dados adicionais para PNCP 60747318000162-1-000309/2024-000001.
2024-10-16 12:12:26,728 - INFO - Itens já existentes para PNCP 60747318000162-1-000309/2024-000001.
2024-10-16 12:12:26,728 - INFO - Arquivos já existentes para PNCP 60747318000162-1-000309/2024-000001.
2024-10-16 12:12:26,728 - INFO - Iniciando download de dados adicionais para PNCP 78956513000168-1-000053/2024-000024.
2024-10-16 12:12:26,728 - INFO - Itens já existentes para PNCP 78956513000168-1-000053/2024-000024.
2024-10-16 12:12:26,728 - INFO - Arquivos já existentes para PNCP 78956513000168-1-000053/2024-000024.
2024-10-16 12:12:26,728 - INFO - Iniciando download de dados adicionais para PNCP 01612320000165-1-000033/2024-000002.
2024-10-16 12:12:26,728 - INFO - Itens já existentes para PNCP 01612320000165-1-000033/2024-000002.
2024-10-16 12:12:26,728 - INFO - Arquivos já existentes para PNCP 01612320000165-1-000033/2024-000002.
2024-10-16 12:12:26,728 - INFO - Iniciando download de dados adicionais para PNCP 01612320000165-1-000033/2024-000001.
2024-10-16 12:12:26,728 - INFO - Itens já existentes para PNCP 01612320000165-1-000033/2024-000001.
2024-10-16 12:12:26,729 - INFO - Arquivos já existentes para PNCP 01612320000165-1-000033/2024-000001.
2024-10-16 12:12:26,729 - INFO - Iniciando download de dados adicionais para PNCP 78956513000168-1-000053/2024-000023.
2024-10-16 12:12:26,729 - INFO - Itens já existentes para PNCP 78956513000168-1-000053/2024-000023.
2024-10-16 12:12:26,729 - INFO - Arquivos já existentes para PNCP 78956513000168-1-000053/2024-000023.
2024-10-16 12:12:26,729 - INFO - Iniciando download de dados adicionais para PNCP 78956513000168-1-000053/2024-000022.
2024-10-16 12:12:26,729 - INFO - Itens já existentes para PNCP 78956513000168-1-000053/2024-000022.
2024-10-16 12:12:26,729 - INFO - Arquivos já existentes para PNCP 78956513000168-1-000053/2024-000022.
2024-10-16 12:12:26,729 - INFO - Iniciando download de dados adicionais para PNCP 78956513000168-1-000053/2024-000021.
2024-10-16 12:12:26,729 - INFO - Itens já existentes para PNCP 78956513000168-1-000053/2024-000021.
2024-10-16 12:12:26,729 - INFO - Arquivos já existentes para PNCP 78956513000168-1-000053/2024-000021.
2024-10-16 12:12:26,729 - INFO - Iniciando download de dados adicionais para PNCP 00509968000148-1-002822/2024-000001.
2024-10-16 12:12:26,729 - INFO - Itens já existentes para PNCP 00509968000148-1-002822/2024-000001.
2024-10-16 12:12:26,729 - INFO - Arquivos já existentes para PNCP 00509968000148-1-002822/2024-000001.
2024-10-16 12:12:26,730 - INFO - Iniciando download de dados adicionais para PNCP 15126437000143-1-001464/2024-000016.
2024-10-16 12:12:26,730 - INFO - Itens já existentes para PNCP 15126437000143-1-001464/2024-000016.
2024-10-16 12:12:26,730 - INFO - Arquivos já existentes para PNCP 15126437000143-1-001464/2024-000016.
2024-10-16 12:12:26,730 - INFO - Iniciando download de dados adicionais para PNCP 24464109000148-1-000063/2024-000027.
2024-10-16 12:12:26,730 - INFO - Itens já existentes para PNCP 24464109000148-1-000063/2024-000027.
2024-10-16 12:12:26,730 - INFO - Arquivos já existentes para PNCP 24464109000148-1-000063/2024-000027.
2024-10-16 12:12:26,730 - INFO - Iniciando download de dados adicionais para PNCP 92963560000160-1-000663/2024-000002.
2024-10-16 12:12:26,730 - INFO - Buscando itens para PNCP 92963560000160-1-000663/2024-000002.
2024-10-16 12:12:26,722 - INFO - Iniciando download de dados adicionais para PNCP 15126437000143-1-001370/2024-000020.
2024-10-16 12:12:26,732 - INFO - Itens já existentes para PNCP 15126437000143-1-001370/2024-000020.
2024-10-16 12:12:26,732 - INFO - Arquivos já existentes para PNCP 15126437000143-1-001370/2024-000020.
2024-10-16 12:12:26,732 - INFO - Iniciando download de dados adicionais para PNCP 78956513000168-1-000053/2024-000020.
2024-10-16 12:12:26,732 - INFO - Itens já existentes para PNCP 78956513000168-1-000053/2024-000020.
2024-10-16 12:12:26,732 - INFO - Arquivos já existentes para PNCP 78956513000168-1-000053/2024-000020.
2024-10-16 12:12:26,732 - INFO - Iniciando download de dados adicionais para PNCP 05853163000130-1-000038/2024-000001.
2024-10-16 12:12:26,732 - INFO - Itens já existentes para PNCP 05853163000130-1-000038/2024-000001.
2024-10-16 12:12:26,732 - INFO - Arquivos já existentes para PNCP 05853163000130-1-000038/2024-000001.
2024-10-16 12:12:26,732 - INFO - Iniciando download de dados adicionais para PNCP 05853163000130-1-000086/2024-000005.
2024-10-16 12:12:26,732 - INFO - Itens já existentes para PNCP 05853163000130-1-000086/2024-000005.
2024-10-16 12:12:26,732 - INFO - Arquivos já existentes para PNCP 05853163000130-1-000086/2024-000005.
2024-10-16 12:12:26,732 - INFO - Iniciando download de dados adicionais para PNCP 15126437000143-1-001464/2024-000015.
2024-10-16 12:12:26,733 - INFO - Itens já existentes para PNCP 15126437000143-1-001464/2024-000015.
2024-10-16 12:12:26,733 - INFO - Arquivos já existentes para PNCP 15126437000143-1-001464/2024-000015.
2024-10-16 12:12:26,733 - INFO - Iniciando download de dados adicionais para PNCP 18029371000161-1-000095/2024-000001.
2024-10-16 12:12:26,733 - INFO - Itens já existentes para PNCP 18029371000161-1-000095/2024-000001.
2024-10-16 12:12:26,733 - INFO - Arquivos já existentes para PNCP 18029371000161-1-000095/2024-000001.
2024-10-16 12:12:26,733 - INFO - Iniciando download de dados adicionais para PNCP 15126437000143-1-001464/2024-000014.
2024-10-16 12:12:26,733 - INFO - Itens já existentes para PNCP 15126437000143-1-001464/2024-000014.
2024-10-16 12:12:26,733 - INFO - Arquivos já existentes para PNCP 15126437000143-1-001464/2024-000014.
2024-10-16 12:12:26,733 - INFO - Iniciando download de dados adicionais para PNCP 78956513000168-1-000053/2024-000019.
2024-10-16 12:12:26,733 - INFO - Itens já existentes para PNCP 78956513000168-1-000053/2024-000019.
2024-10-16 12:12:26,733 - INFO - Arquivos já existentes para PNCP 78956513000168-1-000053/2024-000019.
2024-10-16 12:12:26,733 - INFO - Iniciando download de dados adicionais para PNCP 92963560000160-1-000663/2024-000001.
2024-10-16 12:12:26,733 - INFO - Itens já existentes para PNCP 92963560000160-1-000663/2024-000001.
2024-10-16 12:12:26,734 - INFO - Arquivos já existentes para PNCP 92963560000160-1-000663/2024-000001.
2024-10-16 12:12:26,734 - INFO - Iniciando download de dados adicionais para PNCP 05853163000130-1-000086/2024-000004.
2024-10-16 12:12:26,734 - INFO - Itens já existentes para PNCP 05853163000130-1-000086/2024-000004.
2024-10-16 12:12:26,734 - INFO - Arquivos já existentes para PNCP 05853163000130-1-000086/2024-000004.
2024-10-16 12:12:26,734 - INFO - Iniciando download de dados adicionais para PNCP 78956513000168-1-000053/2024-000018.
2024-10-16 12:12:26,734 - INFO - Itens já existentes para PNCP 78956513000168-1-000053/2024-000018.
2024-10-16 12:12:26,734 - INFO - Arquivos já existentes para PNCP 78956513000168-1-000053/2024-000018.
2024-10-16 12:12:26,734 - INFO - Iniciando download de dados adicionais para PNCP 10091544000160-1-000046/2024-000010.
2024-10-16 12:12:26,734 - INFO - Itens já existentes para PNCP 10091544000160-1-000046/2024-000010.
2024-10-16 12:12:26,734 - INFO - Arquivos já existentes para PNCP 10091544000160-1-000046/2024-000010.
2024-10-16 12:12:26,724 - INFO - Buscando itens para PNCP 18029371000161-1-000095/2024-000002.
2024-10-16 12:12:26,734 - INFO - Iniciando download de dados adicionais para PNCP 78956513000168-1-000053/2024-000017.
2024-10-16 12:12:26,736 - INFO - Itens já existentes para PNCP 78956513000168-1-000053/2024-000017.
2024-10-16 12:12:26,736 - INFO - Arquivos já existentes para PNCP 78956513000168-1-000053/2024-000017.
2024-10-16 12:12:26,736 - INFO - Iniciando download de dados adicionais para PNCP 10091544000160-1-000046/2024-000009.
2024-10-16 12:12:26,736 - INFO - Itens já existentes para PNCP 10091544000160-1-000046/2024-000009.
2024-10-16 12:12:26,737 - INFO - Arquivos já existentes para PNCP 10091544000160-1-000046/2024-000009.
2024-10-16 12:12:26,737 - INFO - Iniciando download de dados adicionais para PNCP 15126437000143-1-001464/2024-000013.
2024-10-16 12:12:26,738 - INFO - Itens já existentes para PNCP 15126437000143-1-001464/2024-000013.
2024-10-16 12:12:26,738 - INFO - Arquivos já existentes para PNCP 15126437000143-1-001464/2024-000013.
2024-10-16 12:12:26,738 - INFO - Iniciando download de dados adicionais para PNCP 46189726000115-1-000098/2024-000001.
2024-10-16 12:12:26,738 - INFO - Itens já existentes para PNCP 46189726000115-1-000098/2024-000001.
2024-10-16 12:12:26,738 - INFO - Arquivos já existentes para PNCP 46189726000115-1-000098/2024-000001.
2024-10-16 12:12:26,739 - INFO - Iniciando download de dados adicionais para PNCP 10091544000160-1-000046/2024-000008.
2024-10-16 12:12:26,739 - INFO - Itens já existentes para PNCP 10091544000160-1-000046/2024-000008.
2024-10-16 12:12:26,739 - INFO - Arquivos já existentes para PNCP 10091544000160-1-000046/2024-000008.
2024-10-16 12:12:26,739 - INFO - Iniciando download de dados adicionais para PNCP 05853163000130-1-000071/2024-000001.
2024-10-16 12:12:26,739 - INFO - Itens já existentes para PNCP 05853163000130-1-000071/2024-000001.
2024-10-16 12:12:26,739 - INFO - Arquivos já existentes para PNCP 05853163000130-1-000071/2024-000001.
2024-10-16 12:12:26,739 - INFO - Iniciando download de dados adicionais para PNCP 10091544000160-1-000046/2024-000007.
2024-10-16 12:12:26,740 - INFO - Itens já existentes para PNCP 10091544000160-1-000046/2024-000007.
2024-10-16 12:12:26,740 - INFO - Arquivos já existentes para PNCP 10091544000160-1-000046/2024-000007.
2024-10-16 12:12:26,740 - INFO - Iniciando download de dados adicionais para PNCP 46189726000115-1-000088/2024-000001.
2024-10-16 12:12:26,740 - INFO - Itens já existentes para PNCP 46189726000115-1-000088/2024-000001.
2024-10-16 12:12:26,740 - INFO - Arquivos já existentes para PNCP 46189726000115-1-000088/2024-000001.
2024-10-16 12:12:26,740 - INFO - Iniciando download de dados adicionais para PNCP 10091544000160-1-000046/2024-000006.
2024-10-16 12:12:26,741 - INFO - Itens já existentes para PNCP 10091544000160-1-000046/2024-000006.
2024-10-16 12:12:26,741 - INFO - Arquivos já existentes para PNCP 10091544000160-1-000046/2024-000006.
2024-10-16 12:12:26,741 - INFO - Iniciando download de dados adicionais para PNCP 05853163000130-1-000086/2024-000003.
2024-10-16 12:12:26,741 - INFO - Itens já existentes para PNCP 05853163000130-1-000086/2024-000003.
2024-10-16 12:12:26,741 - INFO - Arquivos já existentes para PNCP 05853163000130-1-000086/2024-000003.
2024-10-16 12:12:26,741 - INFO - Iniciando download de dados adicionais para PNCP 78956513000168-1-000053/2024-000016.
2024-10-16 12:12:26,750 - INFO - Itens já existentes para PNCP 78956513000168-1-000053/2024-000016.
2024-10-16 12:12:26,750 - INFO - Arquivos já existentes para PNCP 78956513000168-1-000053/2024-000016.
2024-10-16 12:12:26,750 - INFO - Iniciando download de dados adicionais para PNCP 10091544000160-1-000046/2024-000005.
2024-10-16 12:12:26,750 - INFO - Itens já existentes para PNCP 10091544000160-1-000046/2024-000005.
2024-10-16 12:12:26,750 - INFO - Arquivos já existentes para PNCP 10091544000160-1-000046/2024-000005.
2024-10-16 12:12:26,751 - INFO - Iniciando download de dados adicionais para PNCP 15126437000143-1-001464/2024-000012.
2024-10-16 12:12:26,751 - INFO - Itens já existentes para PNCP 15126437000143-1-001464/2024-000012.
2024-10-16 12:12:26,751 - INFO - Arquivos já existentes para PNCP 15126437000143-1-001464/2024-000012.
2024-10-16 12:12:26,751 - INFO - Iniciando download de dados adicionais para PNCP 10091544000160-1-000046/2024-000004.
2024-10-16 12:12:26,751 - INFO - Itens já existentes para PNCP 10091544000160-1-000046/2024-000004.
2024-10-16 12:12:26,751 - INFO - Arquivos já existentes para PNCP 10091544000160-1-000046/2024-000004.
2024-10-16 12:12:26,751 - INFO - Iniciando download de dados adicionais para PNCP 78956513000168-1-000053/2024-000015.
2024-10-16 12:12:26,751 - INFO - Itens já existentes para PNCP 78956513000168-1-000053/2024-000015.
2024-10-16 12:12:26,751 - INFO - Arquivos já existentes para PNCP 78956513000168-1-000053/2024-000015.
2024-10-16 12:12:26,751 - INFO - Iniciando download de dados adicionais para PNCP 41779117000100-1-000022/2024-000001.
2024-10-16 12:12:26,751 - INFO - Itens já existentes para PNCP 41779117000100-1-000022/2024-000001.
2024-10-16 12:12:26,751 - INFO - Arquivos já existentes para PNCP 41779117000100-1-000022/2024-000001.
2024-10-16 12:12:26,751 - INFO - Iniciando download de dados adicionais para PNCP 10091544000160-1-000046/2024-000003.
2024-10-16 12:12:26,752 - INFO - Itens já existentes para PNCP 10091544000160-1-000046/2024-000003.
2024-10-16 12:12:26,752 - INFO - Arquivos já existentes para PNCP 10091544000160-1-000046/2024-000003.
2024-10-16 12:12:26,752 - INFO - Iniciando download de dados adicionais para PNCP 76205715000142-1-000056/2024-000040.
2024-10-16 12:12:26,752 - INFO - Buscando itens para PNCP 76205715000142-1-000056/2024-000040.
2024-10-16 12:12:26,753 - INFO - Iniciando download de dados adicionais para PNCP 78956513000168-1-000053/2024-000029.
2024-10-16 12:12:26,754 - INFO - Itens já existentes para PNCP 78956513000168-1-000053/2024-000029.
2024-10-16 12:12:26,757 - INFO - Arquivos já existentes para PNCP 78956513000168-1-000053/2024-000029.
2024-10-16 12:12:26,757 - INFO - Iniciando download de dados adicionais para PNCP 78956513000168-1-000053/2024-000014.
2024-10-16 12:12:26,758 - INFO - Itens já existentes para PNCP 78956513000168-1-000053/2024-000014.
2024-10-16 12:12:26,758 - INFO - Arquivos já existentes para PNCP 78956513000168-1-000053/2024-000014.
2024-10-16 12:12:26,758 - INFO - Iniciando download de dados adicionais para PNCP 10091544000160-1-000046/2024-000002.
2024-10-16 12:12:26,758 - INFO - Itens já existentes para PNCP 10091544000160-1-000046/2024-000002.
2024-10-16 12:12:26,759 - INFO - Arquivos já existentes para PNCP 10091544000160-1-000046/2024-000002.
2024-10-16 12:12:26,759 - INFO - Iniciando download de dados adicionais para PNCP 41779117000100-1-000018/2024-000001.
2024-10-16 12:12:26,759 - INFO - Itens já existentes para PNCP 41779117000100-1-000018/2024-000001.
2024-10-16 12:12:26,759 - INFO - Arquivos já existentes para PNCP 41779117000100-1-000018/2024-000001.
2024-10-16 12:12:26,765 - INFO - Iniciando download de dados adicionais para PNCP 76205715000142-1-000056/2024-000039.
2024-10-16 12:12:26,770 - INFO - Itens já existentes para PNCP 76205715000142-1-000056/2024-000039.
2024-10-16 12:12:26,781 - INFO - Arquivos já existentes para PNCP 76205715000142-1-000056/2024-000039.
2024-10-16 12:12:26,781 - INFO - Iniciando download de dados adicionais para PNCP 10091544000160-1-000046/2024-000001.
2024-10-16 12:12:26,781 - INFO - Itens já existentes para PNCP 10091544000160-1-000046/2024-000001.
2024-10-16 12:12:26,782 - INFO - Arquivos já existentes para PNCP 10091544000160-1-000046/2024-000001.
2024-10-16 12:12:26,782 - INFO - Iniciando download de dados adicionais para PNCP 78956513000168-1-000053/2024-000013.
2024-10-16 12:12:26,782 - INFO - Itens já existentes para PNCP 78956513000168-1-000053/2024-000013.
2024-10-16 12:12:26,782 - INFO - Arquivos já existentes para PNCP 78956513000168-1-000053/2024-000013.
2024-10-16 12:12:26,782 - INFO - Iniciando download de dados adicionais para PNCP 05853163000130-1-000086/2024-000002.
2024-10-16 12:12:26,782 - INFO - Itens já existentes para PNCP 05853163000130-1-000086/2024-000002.
2024-10-16 12:12:26,782 - INFO - Arquivos já existentes para PNCP 05853163000130-1-000086/2024-000002.
2024-10-16 12:12:26,782 - INFO - Iniciando download de dados adicionais para PNCP 76205715000142-1-000056/2024-000038.
2024-10-16 12:12:26,783 - INFO - Itens já existentes para PNCP 76205715000142-1-000056/2024-000038.
2024-10-16 12:12:26,783 - INFO - Arquivos já existentes para PNCP 76205715000142-1-000056/2024-000038.
2024-10-16 12:12:26,783 - INFO - Iniciando download de dados adicionais para PNCP 78956513000168-1-000053/2024-000012.
2024-10-16 12:12:26,783 - INFO - Itens já existentes para PNCP 78956513000168-1-000053/2024-000012.
2024-10-16 12:12:26,783 - INFO - Arquivos já existentes para PNCP 78956513000168-1-000053/2024-000012.
2024-10-16 12:12:26,783 - INFO - Iniciando download de dados adicionais para PNCP 18029371000161-1-000089/2024-000002.
2024-10-16 12:12:26,783 - INFO - Buscando itens para PNCP 18029371000161-1-000089/2024-000002.
2024-10-16 12:12:27,192 - INFO - Cancelamento solicitado pelo usuário.
2024-10-16 12:12:27,192 - INFO - Processo cancelado pelo usuário durante o processamento de dados adicionais.
2024-10-16 12:12:27,206 - INFO - Cancelamento detectado. Encerrando processamento de dados adicionais.
2024-10-16 12:12:27,219 - ERROR - Erro na tentativa 1 para itens: 404 Client Error: Not Found for url: https://pncp.gov.br/api/pncp/v1/orgaos/18029371000161/compras/2024/5/itens?pagina=1&tamanhoPagina=20
2024-10-16 12:12:27,219 - WARNING - Nenhum item encontrado para PNCP 18029371000161-1-000095/2024-000005.
2024-10-16 12:12:27,219 - INFO - Buscando arquivos para PNCP 18029371000161-1-000095/2024-000005.
2024-10-16 12:12:27,222 - ERROR - Erro na tentativa 1 para itens: 404 Client Error: Not Found for url: https://pncp.gov.br/api/pncp/v1/orgaos/18659334000137/compras/2024/1/itens?pagina=1&tamanhoPagina=20
2024-10-16 12:12:27,223 - WARNING - Nenhum item encontrado para PNCP 18659334000137-1-000443/2024-000001.
2024-10-16 12:12:27,223 - INFO - Buscando arquivos para PNCP 18659334000137-1-000443/2024-000001.
2024-10-16 12:12:27,227 - ERROR - Erro na tentativa 1 para itens: 404 Client Error: Not Found for url: https://pncp.gov.br/api/pncp/v1/orgaos/18029371000161/compras/2024/4/itens?pagina=1&tamanhoPagina=20
2024-10-16 12:12:27,227 - WARNING - Nenhum item encontrado para PNCP 18029371000161-1-000095/2024-000004.
2024-10-16 12:12:27,227 - INFO - Buscando arquivos para PNCP 18029371000161-1-000095/2024-000004.
2024-10-16 12:12:27,269 - ERROR - Erro na tentativa 1 para itens: 404 Client Error: Not Found for url: https://pncp.gov.br/api/pncp/v1/orgaos/76205715000142/compras/2024/40/itens?pagina=1&tamanhoPagina=20
2024-10-16 12:12:27,270 - ERROR - Erro na tentativa 1 para itens: 404 Client Error: Not Found for url: https://pncp.gov.br/api/pncp/v1/orgaos/92963560000160/compras/2024/2/itens?pagina=1&tamanhoPagina=20
2024-10-16 12:12:27,270 - WARNING - Nenhum item encontrado para PNCP 76205715000142-1-000056/2024-000040.
2024-10-16 12:12:27,270 - WARNING - Nenhum item encontrado para PNCP 92963560000160-1-000663/2024-000002.
2024-10-16 12:12:27,271 - ERROR - Erro na tentativa 1 para itens: 404 Client Error: Not Found for url: https://pncp.gov.br/api/pncp/v1/orgaos/18029371000161/compras/2024/2/itens?pagina=1&tamanhoPagina=20
2024-10-16 12:12:27,271 - INFO - Buscando arquivos para PNCP 92963560000160-1-000663/2024-000002.
2024-10-16 12:12:27,271 - INFO - Buscando arquivos para PNCP 76205715000142-1-000056/2024-000040.
2024-10-16 12:12:27,272 - WARNING - Nenhum item encontrado para PNCP 18029371000161-1-000095/2024-000002.
2024-10-16 12:12:27,273 - INFO - Buscando arquivos para PNCP 18029371000161-1-000095/2024-000002.
2024-10-16 12:12:27,279 - ERROR - Erro na tentativa 1 para itens: 404 Client Error: Not Found for url: https://pncp.gov.br/api/pncp/v1/orgaos/20321585000159/compras/2024/3/itens?pagina=1&tamanhoPagina=20
2024-10-16 12:12:27,279 - WARNING - Nenhum item encontrado para PNCP 20321585000159-1-000043/2024-000003.
2024-10-16 12:12:27,279 - INFO - Buscando arquivos para PNCP 20321585000159-1-000043/2024-000003.
2024-10-16 12:12:27,283 - ERROR - Erro na tentativa 1 para itens: 404 Client Error: Not Found for url: https://pncp.gov.br/api/pncp/v1/orgaos/46482865000132/compras/2024/1/itens?pagina=1&tamanhoPagina=20
2024-10-16 12:12:27,283 - WARNING - Nenhum item encontrado para PNCP 46482865000132-1-000336/2024-000001.
2024-10-16 12:12:27,283 - INFO - Buscando arquivos para PNCP 46482865000132-1-000336/2024-000001.
2024-10-16 12:12:27,299 - ERROR - Erro na tentativa 1 para itens: 404 Client Error: Not Found for url: https://pncp.gov.br/api/pncp/v1/orgaos/18029371000161/compras/2024/3/itens?pagina=1&tamanhoPagina=20
2024-10-16 12:12:27,300 - WARNING - Nenhum item encontrado para PNCP 18029371000161-1-000095/2024-000003.
2024-10-16 12:12:27,300 - INFO - Buscando arquivos para PNCP 18029371000161-1-000095/2024-000003.
2024-10-16 12:12:27,320 - ERROR - Erro na tentativa 1 para itens: 404 Client Error: Not Found for url: https://pncp.gov.br/api/pncp/v1/orgaos/18029371000161/compras/2024/2/itens?pagina=1&tamanhoPagina=20
2024-10-16 12:12:27,321 - WARNING - Nenhum item encontrado para PNCP 18029371000161-1-000089/2024-000002.
2024-10-16 12:12:27,321 - INFO - Buscando arquivos para PNCP 18029371000161-1-000089/2024-000002.
2024-10-16 12:12:27,704 - ERROR - Erro na tentativa 1 para arquivos: 404 Client Error: Not Found for url: https://pncp.gov.br/api/pncp/v1/orgaos/18659334000137/compras/2024/1/arquivos?pagina=1&tamanhoPagina=20
2024-10-16 12:12:27,705 - ERROR - Erro na tentativa 1 para arquivos: 404 Client Error: Not Found for url: https://pncp.gov.br/api/pncp/v1/orgaos/18029371000161/compras/2024/5/arquivos?pagina=1&tamanhoPagina=20
2024-10-16 12:12:27,705 - WARNING - Nenhum arquivo encontrado para PNCP 18659334000137-1-000443/2024-000001.
2024-10-16 12:12:27,716 - WARNING - Nenhum arquivo encontrado para PNCP 18029371000161-1-000095/2024-000005.
2024-10-16 12:12:27,721 - ERROR - Erro na tentativa 1 para arquivos: 404 Client Error: Not Found for url: https://pncp.gov.br/api/pncp/v1/orgaos/18029371000161/compras/2024/4/arquivos?pagina=1&tamanhoPagina=20
2024-10-16 12:12:27,732 - WARNING - Nenhum arquivo encontrado para PNCP 18029371000161-1-000095/2024-000004.
2024-10-16 12:12:27,756 - ERROR - Erro na tentativa 1 para arquivos: 404 Client Error: Not Found for url: https://pncp.gov.br/api/pncp/v1/orgaos/76205715000142/compras/2024/40/arquivos?pagina=1&tamanhoPagina=20
2024-10-16 12:12:27,756 - WARNING - Nenhum arquivo encontrado para PNCP 76205715000142-1-000056/2024-000040.
2024-10-16 12:12:27,762 - ERROR - Erro na tentativa 1 para arquivos: 404 Client Error: Not Found for url: https://pncp.gov.br/api/pncp/v1/orgaos/92963560000160/compras/2024/2/arquivos?pagina=1&tamanhoPagina=20
2024-10-16 12:12:27,763 - ERROR - Erro na tentativa 1 para arquivos: 404 Client Error: Not Found for url: https://pncp.gov.br/api/pncp/v1/orgaos/20321585000159/compras/2024/3/arquivos?pagina=1&tamanhoPagina=20
2024-10-16 12:12:27,763 - WARNING - Nenhum arquivo encontrado para PNCP 92963560000160-1-000663/2024-000002.
2024-10-16 12:12:27,764 - WARNING - Nenhum arquivo encontrado para PNCP 20321585000159-1-000043/2024-000003.
2024-10-16 12:12:27,766 - ERROR - Erro na tentativa 1 para arquivos: 404 Client Error: Not Found for url: https://pncp.gov.br/api/pncp/v1/orgaos/18029371000161/compras/2024/2/arquivos?pagina=1&tamanhoPagina=20
2024-10-16 12:12:27,766 - WARNING - Nenhum arquivo encontrado para PNCP 18029371000161-1-000095/2024-000002.
2024-10-16 12:12:27,777 - ERROR - Erro na tentativa 1 para arquivos: 404 Client Error: Not Found for url: https://pncp.gov.br/api/pncp/v1/orgaos/46482865000132/compras/2024/1/arquivos?pagina=1&tamanhoPagina=20
2024-10-16 12:12:27,777 - WARNING - Nenhum arquivo encontrado para PNCP 46482865000132-1-000336/2024-000001.
2024-10-16 12:12:27,785 - ERROR - Erro na tentativa 1 para arquivos: 404 Client Error: Not Found for url: https://pncp.gov.br/api/pncp/v1/orgaos/18029371000161/compras/2024/3/arquivos?pagina=1&tamanhoPagina=20
2024-10-16 12:12:27,786 - WARNING - Nenhum arquivo encontrado para PNCP 18029371000161-1-000095/2024-000003.
2024-10-16 12:12:27,819 - ERROR - Erro na tentativa 1 para arquivos: 404 Client Error: Not Found for url: https://pncp.gov.br/api/pncp/v1/orgaos/18029371000161/compras/2024/2/arquivos?pagina=1&tamanhoPagina=20
2024-10-16 12:12:27,819 - WARNING - Nenhum arquivo encontrado para PNCP 18029371000161-1-000089/2024-000002.
2024-10-16 12:12:27,819 - INFO - Sanitizando arquivos CSV para remover duplicatas.
2024-10-16 12:12:28,232 - INFO - Arquivo 'pncp_data_ata_de_registro_de_precos.csv' sanitizado. Linhas removidas: 20.
2024-10-16 12:12:29,464 - INFO - Processo de crawling concluído.
2024-10-16 12:12:29,464 - INFO - Tempo de execução: 5.48 segundos.
2024-10-16 12:12:29,464 - INFO - Total de itens processados (dados principais): 20
2024-10-16 12:12:29,464 - INFO - Novos itens salvos (dados principais): 20
2024-10-16 12:12:29,464 - INFO - Itens duplicados (não salvos): 0
2024-10-16 12:12:29,464 - INFO - Número de erros encontrados: 0
2024-10-16 12:12:29,464 - INFO - Páginas processadas: 1
2024-10-16 12:12:29,464 - INFO - Parâmetro de ordenação utilizado: mais_recentes
2024-10-16 12:12:29,464 - INFO - Total de arquivos complementares salvos: 0
2024-10-16 12:12:29,464 - INFO - Total de linhas duplicadas removidas: 20
2024-10-16 12:12:29,464 - INFO - Processo de crawling concluído. Verifique os arquivos CSV na pasta 'Dados_CSV' para os resultados.
