2024-10-16 11:37:58,453 - ERROR - Erro na tentativa 1 para a página 21: 400 Client Error: Bad Request for url: https://pncp.gov.br/api/search/?pagina=21&tam_pagina=500&ordenacao=-data&q=&tipos_documento=ata&status=todos
2024-10-16 11:37:58,453 - ERROR - Falha após 1 tentativas para a página 21
2024-10-16 11:38:01,267 - ERROR - Erro na tentativa 1 para itens: 404 Client Error: Not Found for url: https://pncp.gov.br/api/pncp/v1/orgaos/18029371000161/compras/2024/5/itens?pagina=1&tamanhoPagina=20
2024-10-16 11:38:01,689 - ERROR - Erro na tentativa 1 para itens: 404 Client Error: Not Found for url: https://pncp.gov.br/api/pncp/v1/orgaos/18029371000161/compras/2024/4/itens?pagina=1&tamanhoPagina=20
2024-10-16 11:38:01,823 - ERROR - Erro na tentativa 1 para itens: 404 Client Error: Not Found for url: https://pncp.gov.br/api/pncp/v1/orgaos/18029371000161/compras/2024/3/itens?pagina=1&tamanhoPagina=20
2024-10-16 11:38:01,890 - ERROR - Erro na tentativa 1 para itens: 404 Client Error: Not Found for url: https://pncp.gov.br/api/pncp/v1/orgaos/20321585000159/compras/2024/3/itens?pagina=1&tamanhoPagina=20
2024-10-16 11:38:02,041 - ERROR - Erro na tentativa 1 para itens: 404 Client Error: Not Found for url: https://pncp.gov.br/api/pncp/v1/orgaos/18659334000137/compras/2024/1/itens?pagina=1&tamanhoPagina=20
2024-10-16 11:38:02,056 - ERROR - Erro na tentativa 1 para itens: 404 Client Error: Not Found for url: https://pncp.gov.br/api/pncp/v1/orgaos/46482865000132/compras/2024/1/itens?pagina=1&tamanhoPagina=20
2024-10-16 11:38:02,428 - ERROR - Erro na tentativa 1 para itens: 404 Client Error: Not Found for url: https://pncp.gov.br/api/pncp/v1/orgaos/18029371000161/compras/2024/2/itens?pagina=1&tamanhoPagina=20
2024-10-16 11:38:02,445 - ERROR - Erro na tentativa 1 para arquivos: 404 Client Error: Not Found for url: https://pncp.gov.br/api/pncp/v1/orgaos/18029371000161/compras/2024/4/arquivos?pagina=1&tamanhoPagina=20
2024-10-16 11:38:02,650 - ERROR - Erro na tentativa 1 para itens: 404 Client Error: Not Found for url: https://pncp.gov.br/api/pncp/v1/orgaos/92963560000160/compras/2024/2/itens?pagina=1&tamanhoPagina=20
2024-10-16 11:38:02,734 - ERROR - Erro na tentativa 1 para arquivos: 404 Client Error: Not Found for url: https://pncp.gov.br/api/pncp/v1/orgaos/18029371000161/compras/2024/5/arquivos?pagina=1&tamanhoPagina=20
2024-10-16 11:38:02,910 - ERROR - Erro na tentativa 1 para arquivos: 404 Client Error: Not Found for url: https://pncp.gov.br/api/pncp/v1/orgaos/18029371000161/compras/2024/3/arquivos?pagina=1&tamanhoPagina=20
2024-10-16 11:38:02,991 - ERROR - Erro na tentativa 1 para arquivos: 404 Client Error: Not Found for url: https://pncp.gov.br/api/pncp/v1/orgaos/20321585000159/compras/2024/3/arquivos?pagina=1&tamanhoPagina=20
2024-10-16 11:38:03,000 - ERROR - Erro na tentativa 1 para arquivos: 404 Client Error: Not Found for url: https://pncp.gov.br/api/pncp/v1/orgaos/18659334000137/compras/2024/1/arquivos?pagina=1&tamanhoPagina=20
2024-10-16 11:38:03,141 - ERROR - Erro na tentativa 1 para arquivos: 404 Client Error: Not Found for url: https://pncp.gov.br/api/pncp/v1/orgaos/18029371000161/compras/2024/2/arquivos?pagina=1&tamanhoPagina=20
2024-10-16 11:38:03,241 - ERROR - Erro na tentativa 1 para arquivos: 404 Client Error: Not Found for url: https://pncp.gov.br/api/pncp/v1/orgaos/46482865000132/compras/2024/1/arquivos?pagina=1&tamanhoPagina=20
2024-10-16 11:38:03,534 - ERROR - Erro na tentativa 1 para arquivos: 404 Client Error: Not Found for url: https://pncp.gov.br/api/pncp/v1/orgaos/92963560000160/compras/2024/2/arquivos?pagina=1&tamanhoPagina=20
2024-10-16 11:38:03,619 - ERROR - Erro na tentativa 1 para itens: 404 Client Error: Not Found for url: https://pncp.gov.br/api/pncp/v1/orgaos/76205715000142/compras/2024/40/itens?pagina=1&tamanhoPagina=20
2024-10-16 11:38:04,304 - ERROR - Erro na tentativa 1 para itens: 404 Client Error: Not Found for url: https://pncp.gov.br/api/pncp/v1/orgaos/18029371000161/compras/2024/2/itens?pagina=1&tamanhoPagina=20
2024-10-16 11:38:04,596 - ERROR - Erro na tentativa 1 para arquivos: 404 Client Error: Not Found for url: https://pncp.gov.br/api/pncp/v1/orgaos/76205715000142/compras/2024/40/arquivos?pagina=1&tamanhoPagina=20
2024-10-16 11:38:04,940 - ERROR - Erro na tentativa 1 para itens: 404 Client Error: Not Found for url: https://pncp.gov.br/api/pncp/v1/orgaos/29138302000102/compras/2024/1/itens?pagina=1&tamanhoPagina=20
2024-10-16 11:38:04,971 - ERROR - Erro na tentativa 1 para arquivos: 404 Client Error: Not Found for url: https://pncp.gov.br/api/pncp/v1/orgaos/18029371000161/compras/2024/2/arquivos?pagina=1&tamanhoPagina=20
2024-10-16 11:38:05,741 - ERROR - Erro na tentativa 1 para itens: 404 Client Error: Not Found for url: https://pncp.gov.br/api/pncp/v1/orgaos/78956513000168/compras/2024/2/itens?pagina=1&tamanhoPagina=20
2024-10-16 11:38:05,997 - ERROR - Erro na tentativa 1 para arquivos: 404 Client Error: Not Found for url: https://pncp.gov.br/api/pncp/v1/orgaos/29138302000102/compras/2024/1/arquivos?pagina=1&tamanhoPagina=20
2024-10-16 11:38:06,274 - ERROR - Erro na tentativa 1 para itens: 404 Client Error: Not Found for url: https://pncp.gov.br/api/pncp/v1/orgaos/78956513000168/compras/2024/2/itens?pagina=1&tamanhoPagina=20
2024-10-16 11:38:06,643 - ERROR - Erro na tentativa 1 para arquivos: 404 Client Error: Not Found for url: https://pncp.gov.br/api/pncp/v1/orgaos/78956513000168/compras/2024/2/arquivos?pagina=1&tamanhoPagina=20
2024-10-16 11:38:06,904 - ERROR - Erro na tentativa 1 para itens: 404 Client Error: Not Found for url: https://pncp.gov.br/api/pncp/v1/orgaos/46585964000140/compras/2024/4/itens?pagina=1&tamanhoPagina=20
2024-10-16 11:38:07,156 - ERROR - Erro na tentativa 1 para arquivos: 404 Client Error: Not Found for url: https://pncp.gov.br/api/pncp/v1/orgaos/78956513000168/compras/2024/2/arquivos?pagina=1&tamanhoPagina=20
2024-10-16 11:38:07,481 - ERROR - Erro na tentativa 1 para itens: 404 Client Error: Not Found for url: https://pncp.gov.br/api/pncp/v1/orgaos/10572022000180/compras/2024/2/itens?pagina=1&tamanhoPagina=20
2024-10-16 11:38:07,688 - ERROR - Erro na tentativa 1 para arquivos: 404 Client Error: Not Found for url: https://pncp.gov.br/api/pncp/v1/orgaos/46585964000140/compras/2024/4/arquivos?pagina=1&tamanhoPagina=20
2024-10-16 11:38:08,279 - ERROR - Erro na tentativa 1 para itens: 404 Client Error: Not Found for url: https://pncp.gov.br/api/pncp/v1/orgaos/82765488000102/compras/2024/1/itens?pagina=1&tamanhoPagina=20
2024-10-16 11:38:08,381 - ERROR - Erro na tentativa 1 para arquivos: 404 Client Error: Not Found for url: https://pncp.gov.br/api/pncp/v1/orgaos/10572022000180/compras/2024/2/arquivos?pagina=1&tamanhoPagina=20
2024-10-16 11:38:09,299 - ERROR - Erro na tentativa 1 para arquivos: 404 Client Error: Not Found for url: https://pncp.gov.br/api/pncp/v1/orgaos/82765488000102/compras/2024/1/arquivos?pagina=1&tamanhoPagina=20
2024-10-16 11:38:10,352 - ERROR - Erro na tentativa 1 para itens: 400 Client Error: Bad Request for url: https://pncp.gov.br/api/pncp/v1/orgaos/2318396000145/compras/2024/3/itens?pagina=1&tamanhoPagina=20
2024-10-16 11:38:10,468 - ERROR - Erro na tentativa 1 para itens: 404 Client Error: Not Found for url: https://pncp.gov.br/api/pncp/v1/orgaos/10572022000180/compras/2024/1/itens?pagina=1&tamanhoPagina=20
2024-10-16 11:38:11,461 - ERROR - Erro na tentativa 1 para itens: 404 Client Error: Not Found for url: https://pncp.gov.br/api/pncp/v1/orgaos/46680500000112/compras/2024/19/itens?pagina=1&tamanhoPagina=20
2024-10-16 11:38:11,476 - ERROR - Erro na tentativa 1 para arquivos: 404 Client Error: Not Found for url: https://pncp.gov.br/api/pncp/v1/orgaos/10572022000180/compras/2024/1/arquivos?pagina=1&tamanhoPagina=20
2024-10-16 11:38:11,705 - ERROR - Erro na tentativa 1 para arquivos: 400 Client Error: Bad Request for url: https://pncp.gov.br/api/pncp/v1/orgaos/2318396000145/compras/2024/3/arquivos?pagina=1&tamanhoPagina=20
2024-10-16 11:38:11,818 - ERROR - Erro na tentativa 1 para itens: 400 Client Error: Bad Request for url: https://pncp.gov.br/api/pncp/v1/orgaos/1006232000110/compras/2024/1/itens?pagina=1&tamanhoPagina=20
2024-10-16 11:38:11,819 - ERROR - Erro na tentativa 1 para itens: 404 Client Error: Not Found for url: https://pncp.gov.br/api/pncp/v1/orgaos/78956513000168/compras/2024/2/itens?pagina=1&tamanhoPagina=20
2024-10-16 11:38:12,078 - ERROR - Erro na tentativa 1 para arquivos: Expecting value: line 1 column 1 (char 0)
2024-10-16 11:38:12,169 - ERROR - Erro na tentativa 1 para arquivos: 404 Client Error: Not Found for url: https://pncp.gov.br/api/pncp/v1/orgaos/46680500000112/compras/2024/19/arquivos?pagina=1&tamanhoPagina=20
2024-10-16 11:38:12,570 - ERROR - Erro na tentativa 1 para arquivos: 400 Client Error: Bad Request for url: https://pncp.gov.br/api/pncp/v1/orgaos/1006232000110/compras/2024/1/arquivos?pagina=1&tamanhoPagina=20
2024-10-16 11:38:12,591 - ERROR - Erro na tentativa 1 para arquivos: 404 Client Error: Not Found for url: https://pncp.gov.br/api/pncp/v1/orgaos/78956513000168/compras/2024/2/arquivos?pagina=1&tamanhoPagina=20
2024-10-16 11:38:14,610 - ERROR - Erro na tentativa 1 para itens: 404 Client Error: Not Found for url: https://pncp.gov.br/api/pncp/v1/orgaos/46634416000162/compras/2024/2/itens?pagina=1&tamanhoPagina=20
2024-10-16 11:38:14,906 - ERROR - Erro na tentativa 1 para itens: 404 Client Error: Not Found for url: https://pncp.gov.br/api/pncp/v1/orgaos/46634416000162/compras/2024/2/itens?pagina=1&tamanhoPagina=20
2024-10-16 11:38:15,529 - ERROR - Erro na tentativa 1 para arquivos: 404 Client Error: Not Found for url: https://pncp.gov.br/api/pncp/v1/orgaos/46634416000162/compras/2024/2/arquivos?pagina=1&tamanhoPagina=20
2024-10-16 11:38:15,987 - ERROR - Erro na tentativa 1 para arquivos: 404 Client Error: Not Found for url: https://pncp.gov.br/api/pncp/v1/orgaos/46634416000162/compras/2024/2/arquivos?pagina=1&tamanhoPagina=20
2024-10-16 11:38:16,557 - ERROR - Erro na tentativa 1 para itens: 404 Client Error: Not Found for url: https://pncp.gov.br/api/pncp/v1/orgaos/44215846000114/compras/2024/1/itens?pagina=1&tamanhoPagina=20
2024-10-16 11:38:16,587 - ERROR - Erro na tentativa 1 para itens: 404 Client Error: Not Found for url: https://pncp.gov.br/api/pncp/v1/orgaos/18029371000161/compras/2024/2/itens?pagina=1&tamanhoPagina=20
2024-10-16 11:38:17,475 - ERROR - Erro na tentativa 1 para arquivos: 404 Client Error: Not Found for url: https://pncp.gov.br/api/pncp/v1/orgaos/44215846000114/compras/2024/1/arquivos?pagina=1&tamanhoPagina=20
2024-10-16 11:38:17,482 - ERROR - Erro na tentativa 1 para arquivos: 404 Client Error: Not Found for url: https://pncp.gov.br/api/pncp/v1/orgaos/18029371000161/compras/2024/2/arquivos?pagina=1&tamanhoPagina=20
2024-10-16 11:38:19,318 - ERROR - Erro na tentativa 1 para itens: 404 Client Error: Not Found for url: https://pncp.gov.br/api/pncp/v1/orgaos/46429379000150/compras/2024/5/itens?pagina=1&tamanhoPagina=20
2024-10-16 11:38:19,333 - ERROR - Erro na tentativa 1 para itens: 404 Client Error: Not Found for url: https://pncp.gov.br/api/pncp/v1/orgaos/46429379000150/compras/2024/3/itens?pagina=1&tamanhoPagina=20
2024-10-16 11:38:19,421 - ERROR - Erro na tentativa 1 para itens: 404 Client Error: Not Found for url: https://pncp.gov.br/api/pncp/v1/orgaos/46429379000150/compras/2024/2/itens?pagina=1&tamanhoPagina=20
2024-10-16 11:38:19,763 - ERROR - Erro na tentativa 1 para itens: 404 Client Error: Not Found for url: https://pncp.gov.br/api/pncp/v1/orgaos/11359214000175/compras/2024/4/itens?pagina=1&tamanhoPagina=20
2024-10-16 11:38:20,201 - ERROR - Erro na tentativa 1 para arquivos: 404 Client Error: Not Found for url: https://pncp.gov.br/api/pncp/v1/orgaos/46429379000150/compras/2024/5/arquivos?pagina=1&tamanhoPagina=20
2024-10-16 11:38:21,054 - ERROR - Erro na tentativa 1 para arquivos: 404 Client Error: Not Found for url: https://pncp.gov.br/api/pncp/v1/orgaos/46429379000150/compras/2024/2/arquivos?pagina=1&tamanhoPagina=20
2024-10-16 11:38:21,209 - ERROR - Erro na tentativa 1 para arquivos: 404 Client Error: Not Found for url: https://pncp.gov.br/api/pncp/v1/orgaos/46429379000150/compras/2024/3/arquivos?pagina=1&tamanhoPagina=20
2024-10-16 11:38:21,367 - ERROR - Erro na tentativa 1 para itens: 404 Client Error: Not Found for url: https://pncp.gov.br/api/pncp/v1/orgaos/77007474000190/compras/2023/4/itens?pagina=1&tamanhoPagina=20
2024-10-16 11:38:21,659 - ERROR - Erro na tentativa 1 para arquivos: 404 Client Error: Not Found for url: https://pncp.gov.br/api/pncp/v1/orgaos/11359214000175/compras/2024/4/arquivos?pagina=1&tamanhoPagina=20
2024-10-16 11:38:22,300 - ERROR - Erro na tentativa 1 para itens: 404 Client Error: Not Found for url: https://pncp.gov.br/api/pncp/v1/orgaos/77007474000190/compras/2023/5/itens?pagina=1&tamanhoPagina=20
2024-10-16 11:38:22,363 - ERROR - Erro na tentativa 1 para arquivos: Expecting value: line 1 column 1 (char 0)
2024-10-16 11:38:22,547 - ERROR - Erro na tentativa 1 para arquivos: 404 Client Error: Not Found for url: https://pncp.gov.br/api/pncp/v1/orgaos/77007474000190/compras/2023/4/arquivos?pagina=1&tamanhoPagina=20
2024-10-16 11:38:22,555 - ERROR - Erro na tentativa 1 para itens: 404 Client Error: Not Found for url: https://pncp.gov.br/api/pncp/v1/orgaos/77007474000190/compras/2023/6/itens?pagina=1&tamanhoPagina=20
2024-10-16 11:38:22,759 - ERROR - Erro na tentativa 1 para arquivos: Expecting value: line 1 column 1 (char 0)
2024-10-16 11:38:22,977 - ERROR - Erro na tentativa 1 para itens: 404 Client Error: Not Found for url: https://pncp.gov.br/api/pncp/v1/orgaos/77007474000190/compras/2023/3/itens?pagina=1&tamanhoPagina=20
2024-10-16 11:38:23,623 - ERROR - Erro na tentativa 1 para arquivos: 404 Client Error: Not Found for url: https://pncp.gov.br/api/pncp/v1/orgaos/77007474000190/compras/2023/6/arquivos?pagina=1&tamanhoPagina=20
2024-10-16 11:38:23,623 - ERROR - Erro na tentativa 1 para itens: 404 Client Error: Not Found for url: https://pncp.gov.br/api/pncp/v1/orgaos/77007474000190/compras/2023/2/itens?pagina=1&tamanhoPagina=20
2024-10-16 11:38:23,634 - ERROR - Erro na tentativa 1 para itens: 404 Client Error: Not Found for url: https://pncp.gov.br/api/pncp/v1/orgaos/77007474000190/compras/2023/7/itens?pagina=1&tamanhoPagina=20
2024-10-16 11:38:23,894 - ERROR - Erro na tentativa 1 para arquivos: 404 Client Error: Not Found for url: https://pncp.gov.br/api/pncp/v1/orgaos/77007474000190/compras/2023/5/arquivos?pagina=1&tamanhoPagina=20
2024-10-16 11:38:23,999 - ERROR - Erro na tentativa 1 para itens: 404 Client Error: Not Found for url: https://pncp.gov.br/api/pncp/v1/orgaos/10572022000180/compras/2024/1/itens?pagina=1&tamanhoPagina=20
2024-10-16 11:38:24,091 - ERROR - Erro na tentativa 1 para itens: 404 Client Error: Not Found for url: https://pncp.gov.br/api/pncp/v1/orgaos/59851543000165/compras/2024/2/itens?pagina=1&tamanhoPagina=20
2024-10-16 11:38:24,219 - ERROR - Erro na tentativa 1 para arquivos: 404 Client Error: Not Found for url: https://pncp.gov.br/api/pncp/v1/orgaos/77007474000190/compras/2023/3/arquivos?pagina=1&tamanhoPagina=20
2024-10-16 11:38:24,385 - ERROR - Erro na tentativa 1 para arquivos: 404 Client Error: Not Found for url: https://pncp.gov.br/api/pncp/v1/orgaos/77007474000190/compras/2023/2/arquivos?pagina=1&tamanhoPagina=20
2024-10-16 11:38:24,619 - ERROR - Erro na tentativa 1 para arquivos: 404 Client Error: Not Found for url: https://pncp.gov.br/api/pncp/v1/orgaos/10572022000180/compras/2024/1/arquivos?pagina=1&tamanhoPagina=20
2024-10-16 11:38:24,715 - ERROR - Erro na tentativa 1 para arquivos: 404 Client Error: Not Found for url: https://pncp.gov.br/api/pncp/v1/orgaos/77007474000190/compras/2023/7/arquivos?pagina=1&tamanhoPagina=20
2024-10-16 11:38:24,946 - ERROR - Erro na tentativa 1 para arquivos: 404 Client Error: Not Found for url: https://pncp.gov.br/api/pncp/v1/orgaos/59851543000165/compras/2024/2/arquivos?pagina=1&tamanhoPagina=20
2024-10-16 11:38:28,037 - ERROR - Erro na tentativa 1 para itens: 404 Client Error: Not Found for url: https://pncp.gov.br/api/pncp/v1/orgaos/45138070000149/compras/2024/36/itens?pagina=1&tamanhoPagina=20
2024-10-16 11:38:28,255 - ERROR - Erro na tentativa 1 para itens: 404 Client Error: Not Found for url: https://pncp.gov.br/api/pncp/v1/orgaos/45138070000149/compras/2024/35/itens?pagina=1&tamanhoPagina=20
2024-10-16 11:38:28,692 - ERROR - Erro na tentativa 1 para itens: 404 Client Error: Not Found for url: https://pncp.gov.br/api/pncp/v1/orgaos/45138070000149/compras/2024/32/itens?pagina=1&tamanhoPagina=20
2024-10-16 11:38:29,138 - ERROR - Erro na tentativa 1 para itens: 404 Client Error: Not Found for url: https://pncp.gov.br/api/pncp/v1/orgaos/45138070000149/compras/2024/17/itens?pagina=1&tamanhoPagina=20
2024-10-16 11:38:29,275 - ERROR - Erro na tentativa 1 para arquivos: 404 Client Error: Not Found for url: https://pncp.gov.br/api/pncp/v1/orgaos/45138070000149/compras/2024/35/arquivos?pagina=1&tamanhoPagina=20
2024-10-16 11:38:29,276 - ERROR - Erro na tentativa 1 para itens: 404 Client Error: Not Found for url: https://pncp.gov.br/api/pncp/v1/orgaos/45138070000149/compras/2024/20/itens?pagina=1&tamanhoPagina=20
2024-10-16 11:38:29,283 - ERROR - Erro na tentativa 1 para arquivos: 404 Client Error: Not Found for url: https://pncp.gov.br/api/pncp/v1/orgaos/45138070000149/compras/2024/36/arquivos?pagina=1&tamanhoPagina=20
2024-10-16 11:38:29,463 - ERROR - Erro na tentativa 1 para itens: 404 Client Error: Not Found for url: https://pncp.gov.br/api/pncp/v1/orgaos/45138070000149/compras/2024/31/itens?pagina=1&tamanhoPagina=20
2024-10-16 11:38:29,516 - ERROR - Erro na tentativa 1 para arquivos: 404 Client Error: Not Found for url: https://pncp.gov.br/api/pncp/v1/orgaos/45138070000149/compras/2024/32/arquivos?pagina=1&tamanhoPagina=20
2024-10-16 11:38:30,405 - ERROR - Erro na tentativa 1 para arquivos: 404 Client Error: Not Found for url: https://pncp.gov.br/api/pncp/v1/orgaos/45138070000149/compras/2024/17/arquivos?pagina=1&tamanhoPagina=20
2024-10-16 11:38:30,879 - ERROR - Erro na tentativa 1 para arquivos: 404 Client Error: Not Found for url: https://pncp.gov.br/api/pncp/v1/orgaos/45138070000149/compras/2024/31/arquivos?pagina=1&tamanhoPagina=20
2024-10-16 11:38:31,083 - ERROR - Erro na tentativa 1 para arquivos: 404 Client Error: Not Found for url: https://pncp.gov.br/api/pncp/v1/orgaos/45138070000149/compras/2024/20/arquivos?pagina=1&tamanhoPagina=20
2024-10-16 11:38:31,486 - ERROR - Erro na tentativa 1 para itens: 404 Client Error: Not Found for url: https://pncp.gov.br/api/pncp/v1/orgaos/45138070000149/compras/2024/2/itens?pagina=1&tamanhoPagina=20
2024-10-16 11:38:31,596 - ERROR - Erro na tentativa 1 para itens: 404 Client Error: Not Found for url: https://pncp.gov.br/api/pncp/v1/orgaos/45138070000149/compras/2024/3/itens?pagina=1&tamanhoPagina=20
2024-10-16 11:38:32,490 - ERROR - Erro na tentativa 1 para itens: 404 Client Error: Not Found for url: https://pncp.gov.br/api/pncp/v1/orgaos/45138070000149/compras/2024/1/itens?pagina=1&tamanhoPagina=20
2024-10-16 11:38:32,758 - ERROR - Erro na tentativa 1 para itens: 404 Client Error: Not Found for url: https://pncp.gov.br/api/pncp/v1/orgaos/59851543000165/compras/2024/5/itens?pagina=1&tamanhoPagina=20
2024-10-16 11:38:32,772 - ERROR - Erro na tentativa 1 para arquivos: 404 Client Error: Not Found for url: https://pncp.gov.br/api/pncp/v1/orgaos/45138070000149/compras/2024/2/arquivos?pagina=1&tamanhoPagina=20
2024-10-16 11:38:33,113 - ERROR - Erro na tentativa 1 para itens: 404 Client Error: Not Found for url: https://pncp.gov.br/api/pncp/v1/orgaos/59851543000165/compras/2024/3/itens?pagina=1&tamanhoPagina=20
2024-10-16 11:38:33,114 - ERROR - Erro na tentativa 1 para itens: 404 Client Error: Not Found for url: https://pncp.gov.br/api/pncp/v1/orgaos/59851543000165/compras/2024/4/itens?pagina=1&tamanhoPagina=20
2024-10-16 11:38:33,115 - ERROR - Erro na tentativa 1 para arquivos: 404 Client Error: Not Found for url: https://pncp.gov.br/api/pncp/v1/orgaos/45138070000149/compras/2024/3/arquivos?pagina=1&tamanhoPagina=20
2024-10-16 11:38:33,394 - ERROR - Erro na tentativa 1 para arquivos: 404 Client Error: Not Found for url: https://pncp.gov.br/api/pncp/v1/orgaos/45138070000149/compras/2024/1/arquivos?pagina=1&tamanhoPagina=20
2024-10-16 11:38:33,689 - ERROR - Erro na tentativa 1 para itens: 404 Client Error: Not Found for url: https://pncp.gov.br/api/pncp/v1/orgaos/59851543000165/compras/2024/2/itens?pagina=1&tamanhoPagina=20
2024-10-16 11:38:33,892 - ERROR - Erro na tentativa 1 para arquivos: 404 Client Error: Not Found for url: https://pncp.gov.br/api/pncp/v1/orgaos/59851543000165/compras/2024/5/arquivos?pagina=1&tamanhoPagina=20
2024-10-16 11:38:34,061 - ERROR - Erro na tentativa 1 para arquivos: 404 Client Error: Not Found for url: https://pncp.gov.br/api/pncp/v1/orgaos/59851543000165/compras/2024/3/arquivos?pagina=1&tamanhoPagina=20
2024-10-16 11:38:34,514 - ERROR - Erro na tentativa 1 para arquivos: 404 Client Error: Not Found for url: https://pncp.gov.br/api/pncp/v1/orgaos/59851543000165/compras/2024/4/arquivos?pagina=1&tamanhoPagina=20
2024-10-16 11:38:34,817 - ERROR - Erro na tentativa 1 para arquivos: 404 Client Error: Not Found for url: https://pncp.gov.br/api/pncp/v1/orgaos/59851543000165/compras/2024/2/arquivos?pagina=1&tamanhoPagina=20
2024-10-16 11:38:36,150 - ERROR - Erro na tentativa 1 para itens: 404 Client Error: Not Found for url: https://pncp.gov.br/api/pncp/v1/orgaos/18659334000137/compras/2024/1/itens?pagina=1&tamanhoPagina=20
2024-10-16 11:38:36,604 - ERROR - Erro na tentativa 1 para itens: 404 Client Error: Not Found for url: https://pncp.gov.br/api/pncp/v1/orgaos/18659334000137/compras/2024/2/itens?pagina=1&tamanhoPagina=20
2024-10-16 11:38:36,618 - ERROR - Erro na tentativa 1 para itens: 400 Client Error: Bad Request for url: https://pncp.gov.br/api/pncp/v1/orgaos/3269695000108/compras/2024/3/itens?pagina=1&tamanhoPagina=20
2024-10-16 11:38:36,644 - ERROR - Erro na tentativa 1 para itens: 404 Client Error: Not Found for url: https://pncp.gov.br/api/pncp/v1/orgaos/18659334000137/compras/2024/3/itens?pagina=1&tamanhoPagina=20
2024-10-16 11:38:37,155 - ERROR - Erro na tentativa 1 para arquivos: 404 Client Error: Not Found for url: https://pncp.gov.br/api/pncp/v1/orgaos/18659334000137/compras/2024/1/arquivos?pagina=1&tamanhoPagina=20
2024-10-16 11:38:37,155 - ERROR - Erro na tentativa 1 para itens: 400 Client Error: Bad Request for url: https://pncp.gov.br/api/pncp/v1/orgaos/3269695000108/compras/2024/1/itens?pagina=1&tamanhoPagina=20
2024-10-16 11:38:37,549 - ERROR - Erro na tentativa 1 para arquivos: 404 Client Error: Not Found for url: https://pncp.gov.br/api/pncp/v1/orgaos/18659334000137/compras/2024/3/arquivos?pagina=1&tamanhoPagina=20
2024-10-16 11:38:37,783 - ERROR - Erro na tentativa 1 para arquivos: 400 Client Error: Bad Request for url: https://pncp.gov.br/api/pncp/v1/orgaos/3269695000108/compras/2024/1/arquivos?pagina=1&tamanhoPagina=20
2024-10-16 11:38:37,816 - ERROR - Erro na tentativa 1 para arquivos: 404 Client Error: Not Found for url: https://pncp.gov.br/api/pncp/v1/orgaos/18659334000137/compras/2024/2/arquivos?pagina=1&tamanhoPagina=20
2024-10-16 11:38:37,864 - ERROR - Erro na tentativa 1 para arquivos: 400 Client Error: Bad Request for url: https://pncp.gov.br/api/pncp/v1/orgaos/3269695000108/compras/2024/3/arquivos?pagina=1&tamanhoPagina=20
2024-10-16 11:38:39,403 - ERROR - Erro na tentativa 1 para itens: 404 Client Error: Not Found for url: https://pncp.gov.br/api/pncp/v1/orgaos/95988309000148/compras/2024/6/itens?pagina=1&tamanhoPagina=20
2024-10-16 11:38:40,589 - ERROR - Erro na tentativa 1 para arquivos: 404 Client Error: Not Found for url: https://pncp.gov.br/api/pncp/v1/orgaos/95988309000148/compras/2024/6/arquivos?pagina=1&tamanhoPagina=20
2024-10-16 11:38:41,110 - ERROR - Erro na tentativa 1 para itens: 404 Client Error: Not Found for url: https://pncp.gov.br/api/pncp/v1/orgaos/82662958000102/compras/2024/1/itens?pagina=1&tamanhoPagina=20
2024-10-16 11:38:41,252 - ERROR - Erro na tentativa 1 para itens: 404 Client Error: Not Found for url: https://pncp.gov.br/api/pncp/v1/orgaos/18241356000182/compras/2024/1/itens?pagina=1&tamanhoPagina=20
2024-10-16 11:38:42,184 - ERROR - Erro na tentativa 1 para arquivos: 404 Client Error: Not Found for url: https://pncp.gov.br/api/pncp/v1/orgaos/18241356000182/compras/2024/1/arquivos?pagina=1&tamanhoPagina=20
2024-10-16 11:38:42,195 - ERROR - Erro na tentativa 1 para arquivos: 404 Client Error: Not Found for url: https://pncp.gov.br/api/pncp/v1/orgaos/82662958000102/compras/2024/1/arquivos?pagina=1&tamanhoPagina=20
2024-10-16 11:38:43,988 - ERROR - Erro na tentativa 1 para itens: 404 Client Error: Not Found for url: https://pncp.gov.br/api/pncp/v1/orgaos/46634291000170/compras/2024/1/itens?pagina=1&tamanhoPagina=20
2024-10-16 11:38:44,906 - ERROR - Erro na tentativa 1 para arquivos: 404 Client Error: Not Found for url: https://pncp.gov.br/api/pncp/v1/orgaos/46634291000170/compras/2024/1/arquivos?pagina=1&tamanhoPagina=20
2024-10-16 11:38:49,459 - ERROR - Erro na tentativa 1 para itens: 404 Client Error: Not Found for url: https://pncp.gov.br/api/pncp/v1/orgaos/44229813000123/compras/2024/2/itens?pagina=1&tamanhoPagina=20
2024-10-16 11:38:50,319 - ERROR - Erro na tentativa 1 para itens: 404 Client Error: Not Found for url: https://pncp.gov.br/api/pncp/v1/orgaos/82926585000130/compras/2024/4/itens?pagina=1&tamanhoPagina=20
2024-10-16 11:38:50,437 - ERROR - Erro na tentativa 1 para itens: 404 Client Error: Not Found for url: https://pncp.gov.br/api/pncp/v1/orgaos/82926585000130/compras/2024/2/itens?pagina=1&tamanhoPagina=20
2024-10-16 11:38:50,461 - ERROR - Erro na tentativa 1 para itens: 404 Client Error: Not Found for url: https://pncp.gov.br/api/pncp/v1/orgaos/82926585000130/compras/2024/5/itens?pagina=1&tamanhoPagina=20
2024-10-16 11:38:50,725 - ERROR - Erro na tentativa 1 para arquivos: 404 Client Error: Not Found for url: https://pncp.gov.br/api/pncp/v1/orgaos/44229813000123/compras/2024/2/arquivos?pagina=1&tamanhoPagina=20
2024-10-16 11:38:51,685 - ERROR - Erro na tentativa 1 para arquivos: 404 Client Error: Not Found for url: https://pncp.gov.br/api/pncp/v1/orgaos/82926585000130/compras/2024/5/arquivos?pagina=1&tamanhoPagina=20
2024-10-16 11:38:51,734 - ERROR - Erro na tentativa 1 para arquivos: 404 Client Error: Not Found for url: https://pncp.gov.br/api/pncp/v1/orgaos/82926585000130/compras/2024/4/arquivos?pagina=1&tamanhoPagina=20
2024-10-16 11:38:52,860 - ERROR - Erro na tentativa 1 para itens: 404 Client Error: Not Found for url: https://pncp.gov.br/api/pncp/v1/orgaos/44229813000123/compras/2024/7/itens?pagina=1&tamanhoPagina=20
2024-10-16 11:38:52,867 - ERROR - Erro na tentativa 1 para arquivos: 404 Client Error: Not Found for url: https://pncp.gov.br/api/pncp/v1/orgaos/82926585000130/compras/2024/2/arquivos?pagina=1&tamanhoPagina=20
2024-10-16 11:38:52,998 - ERROR - Erro na tentativa 1 para itens: 404 Client Error: Not Found for url: https://pncp.gov.br/api/pncp/v1/orgaos/44229813000123/compras/2024/12/itens?pagina=1&tamanhoPagina=20
2024-10-16 11:38:53,208 - ERROR - Erro na tentativa 1 para itens: 404 Client Error: Not Found for url: https://pncp.gov.br/api/pncp/v1/orgaos/44229813000123/compras/2024/11/itens?pagina=1&tamanhoPagina=20
2024-10-16 11:38:54,715 - ERROR - Erro na tentativa 1 para itens: 404 Client Error: Not Found for url: https://pncp.gov.br/api/pncp/v1/orgaos/27165695000118/compras/2024/1/itens?pagina=1&tamanhoPagina=20
2024-10-16 11:38:54,765 - ERROR - Erro na tentativa 1 para arquivos: 404 Client Error: Not Found for url: https://pncp.gov.br/api/pncp/v1/orgaos/44229813000123/compras/2024/7/arquivos?pagina=1&tamanhoPagina=20
2024-10-16 11:38:55,239 - ERROR - Erro na tentativa 1 para arquivos: 404 Client Error: Not Found for url: https://pncp.gov.br/api/pncp/v1/orgaos/44229813000123/compras/2024/11/arquivos?pagina=1&tamanhoPagina=20
2024-10-16 11:38:55,290 - ERROR - Erro na tentativa 1 para itens: 404 Client Error: Not Found for url: https://pncp.gov.br/api/pncp/v1/orgaos/44229813000123/compras/2024/2/itens?pagina=1&tamanhoPagina=20
2024-10-16 11:38:55,305 - ERROR - Erro na tentativa 1 para arquivos: 404 Client Error: Not Found for url: https://pncp.gov.br/api/pncp/v1/orgaos/44229813000123/compras/2024/12/arquivos?pagina=1&tamanhoPagina=20
2024-10-16 11:38:55,367 - ERROR - Erro na tentativa 1 para itens: 404 Client Error: Not Found for url: https://pncp.gov.br/api/pncp/v1/orgaos/87615449000142/compras/2024/1/itens?pagina=1&tamanhoPagina=20
2024-10-16 11:38:55,479 - ERROR - Erro na tentativa 1 para itens: 400 Client Error: Bad Request for url: https://pncp.gov.br/api/pncp/v1/orgaos/7508138000145/compras/2024/1/itens?pagina=1&tamanhoPagina=20
2024-10-16 11:38:55,514 - ERROR - Erro na tentativa 1 para itens: 404 Client Error: Not Found for url: https://pncp.gov.br/api/pncp/v1/orgaos/87615449000142/compras/2024/1/itens?pagina=1&tamanhoPagina=20
2024-10-16 11:38:55,621 - ERROR - Erro na tentativa 1 para arquivos: 404 Client Error: Not Found for url: https://pncp.gov.br/api/pncp/v1/orgaos/27165695000118/compras/2024/1/arquivos?pagina=1&tamanhoPagina=20
2024-10-16 11:38:56,260 - ERROR - Erro na tentativa 1 para arquivos: 404 Client Error: Not Found for url: https://pncp.gov.br/api/pncp/v1/orgaos/44229813000123/compras/2024/2/arquivos?pagina=1&tamanhoPagina=20
2024-10-16 11:38:56,620 - ERROR - Erro na tentativa 1 para itens: 404 Client Error: Not Found for url: https://pncp.gov.br/api/pncp/v1/orgaos/41090291000133/compras/2024/5/itens?pagina=1&tamanhoPagina=20
2024-10-16 11:38:56,681 - ERROR - Erro na tentativa 1 para arquivos: 400 Client Error: Bad Request for url: https://pncp.gov.br/api/pncp/v1/orgaos/7508138000145/compras/2024/1/arquivos?pagina=1&tamanhoPagina=20
2024-10-16 11:38:56,690 - ERROR - Erro na tentativa 1 para arquivos: 404 Client Error: Not Found for url: https://pncp.gov.br/api/pncp/v1/orgaos/87615449000142/compras/2024/1/arquivos?pagina=1&tamanhoPagina=20
2024-10-16 11:38:56,694 - ERROR - Erro na tentativa 1 para arquivos: 404 Client Error: Not Found for url: https://pncp.gov.br/api/pncp/v1/orgaos/87615449000142/compras/2024/1/arquivos?pagina=1&tamanhoPagina=20
2024-10-16 11:38:58,056 - ERROR - Erro na tentativa 1 para itens: 404 Client Error: Not Found for url: https://pncp.gov.br/api/pncp/v1/orgaos/18423582000184/compras/2024/1/itens?pagina=1&tamanhoPagina=20
2024-10-16 11:38:58,326 - ERROR - Erro na tentativa 1 para arquivos: 404 Client Error: Not Found for url: https://pncp.gov.br/api/pncp/v1/orgaos/41090291000133/compras/2024/5/arquivos?pagina=1&tamanhoPagina=20
2024-10-16 11:38:59,372 - ERROR - Erro na tentativa 1 para arquivos: 404 Client Error: Not Found for url: https://pncp.gov.br/api/pncp/v1/orgaos/18423582000184/compras/2024/1/arquivos?pagina=1&tamanhoPagina=20
2024-10-16 11:39:00,071 - ERROR - Erro na tentativa 1 para itens: 404 Client Error: Not Found for url: https://pncp.gov.br/api/pncp/v1/orgaos/14706049000179/compras/2023/7/itens?pagina=1&tamanhoPagina=20
2024-10-16 11:39:00,076 - ERROR - Erro na tentativa 1 para itens: 404 Client Error: Not Found for url: https://pncp.gov.br/api/pncp/v1/orgaos/14706049000179/compras/2023/3/itens?pagina=1&tamanhoPagina=20
2024-10-16 11:39:00,468 - ERROR - Erro na tentativa 1 para itens: 404 Client Error: Not Found for url: https://pncp.gov.br/api/pncp/v1/orgaos/14706049000179/compras/2023/4/itens?pagina=1&tamanhoPagina=20
2024-10-16 11:39:00,469 - ERROR - Erro na tentativa 1 para itens: 404 Client Error: Not Found for url: https://pncp.gov.br/api/pncp/v1/orgaos/14706049000179/compras/2023/6/itens?pagina=1&tamanhoPagina=20
2024-10-16 11:39:00,532 - ERROR - Erro na tentativa 1 para itens: 404 Client Error: Not Found for url: https://pncp.gov.br/api/pncp/v1/orgaos/14706049000179/compras/2023/5/itens?pagina=1&tamanhoPagina=20
2024-10-16 11:39:00,692 - ERROR - Erro na tentativa 1 para itens: 404 Client Error: Not Found for url: https://pncp.gov.br/api/pncp/v1/orgaos/14706049000179/compras/2023/8/itens?pagina=1&tamanhoPagina=20
2024-10-16 11:39:01,116 - ERROR - Erro na tentativa 1 para itens: 404 Client Error: Not Found for url: https://pncp.gov.br/api/pncp/v1/orgaos/14706049000179/compras/2023/2/itens?pagina=1&tamanhoPagina=20
2024-10-16 11:39:01,116 - ERROR - Erro na tentativa 1 para arquivos: 404 Client Error: Not Found for url: https://pncp.gov.br/api/pncp/v1/orgaos/14706049000179/compras/2023/7/arquivos?pagina=1&tamanhoPagina=20
2024-10-16 11:39:01,726 - ERROR - Erro na tentativa 1 para arquivos: 404 Client Error: Not Found for url: https://pncp.gov.br/api/pncp/v1/orgaos/14706049000179/compras/2023/6/arquivos?pagina=1&tamanhoPagina=20
2024-10-16 11:39:01,727 - ERROR - Erro na tentativa 1 para arquivos: 404 Client Error: Not Found for url: https://pncp.gov.br/api/pncp/v1/orgaos/14706049000179/compras/2023/3/arquivos?pagina=1&tamanhoPagina=20
2024-10-16 11:39:01,863 - ERROR - Erro na tentativa 1 para arquivos: 404 Client Error: Not Found for url: https://pncp.gov.br/api/pncp/v1/orgaos/14706049000179/compras/2023/5/arquivos?pagina=1&tamanhoPagina=20
2024-10-16 11:39:01,867 - ERROR - Erro na tentativa 1 para arquivos: 404 Client Error: Not Found for url: https://pncp.gov.br/api/pncp/v1/orgaos/14706049000179/compras/2023/8/arquivos?pagina=1&tamanhoPagina=20
2024-10-16 11:39:02,270 - ERROR - Erro na tentativa 1 para arquivos: 404 Client Error: Not Found for url: https://pncp.gov.br/api/pncp/v1/orgaos/14706049000179/compras/2023/4/arquivos?pagina=1&tamanhoPagina=20
2024-10-16 11:39:02,393 - ERROR - Erro na tentativa 1 para arquivos: 404 Client Error: Not Found for url: https://pncp.gov.br/api/pncp/v1/orgaos/14706049000179/compras/2023/2/arquivos?pagina=1&tamanhoPagina=20
2024-10-16 11:39:02,447 - ERROR - Erro na tentativa 1 para itens: 404 Client Error: Not Found for url: https://pncp.gov.br/api/pncp/v1/orgaos/27142694000158/compras/2024/2/itens?pagina=1&tamanhoPagina=20
2024-10-16 11:39:03,402 - ERROR - Erro na tentativa 1 para itens: 404 Client Error: Not Found for url: https://pncp.gov.br/api/pncp/v1/orgaos/46523247000193/compras/2024/1/itens?pagina=1&tamanhoPagina=20
2024-10-16 11:39:03,403 - ERROR - Erro na tentativa 1 para arquivos: 404 Client Error: Not Found for url: https://pncp.gov.br/api/pncp/v1/orgaos/27142694000158/compras/2024/2/arquivos?pagina=1&tamanhoPagina=20
2024-10-16 11:39:04,095 - ERROR - Erro na tentativa 1 para arquivos: 404 Client Error: Not Found for url: https://pncp.gov.br/api/pncp/v1/orgaos/46523247000193/compras/2024/1/arquivos?pagina=1&tamanhoPagina=20
2024-10-16 11:39:05,495 - ERROR - Erro na tentativa 1 para itens: 404 Client Error: Not Found for url: https://pncp.gov.br/api/pncp/v1/orgaos/46634101000115/compras/2023/1/itens?pagina=1&tamanhoPagina=20
2024-10-16 11:39:05,605 - ERROR - Erro na tentativa 1 para itens: 404 Client Error: Not Found for url: https://pncp.gov.br/api/pncp/v1/orgaos/76175884000187/compras/2024/1/itens?pagina=1&tamanhoPagina=20
2024-10-16 11:39:06,652 - ERROR - Erro na tentativa 1 para itens: 404 Client Error: Not Found for url: https://pncp.gov.br/api/pncp/v1/orgaos/76175884000187/compras/2024/2/itens?pagina=1&tamanhoPagina=20
2024-10-16 11:39:06,661 - ERROR - Erro na tentativa 1 para arquivos: 404 Client Error: Not Found for url: https://pncp.gov.br/api/pncp/v1/orgaos/76175884000187/compras/2024/1/arquivos?pagina=1&tamanhoPagina=20
2024-10-16 11:39:06,737 - ERROR - Erro na tentativa 1 para arquivos: 404 Client Error: Not Found for url: https://pncp.gov.br/api/pncp/v1/orgaos/46634101000115/compras/2023/1/arquivos?pagina=1&tamanhoPagina=20
2024-10-16 11:39:07,660 - ERROR - Erro na tentativa 1 para arquivos: 404 Client Error: Not Found for url: https://pncp.gov.br/api/pncp/v1/orgaos/76175884000187/compras/2024/2/arquivos?pagina=1&tamanhoPagina=20
2024-10-16 11:39:08,049 - ERROR - Erro na tentativa 1 para itens: 404 Client Error: Not Found for url: https://pncp.gov.br/api/pncp/v1/orgaos/27142694000158/compras/2024/1/itens?pagina=1&tamanhoPagina=20
2024-10-16 11:39:08,948 - ERROR - Erro na tentativa 1 para arquivos: 404 Client Error: Not Found for url: https://pncp.gov.br/api/pncp/v1/orgaos/27142694000158/compras/2024/1/arquivos?pagina=1&tamanhoPagina=20
2024-10-16 11:39:10,908 - ERROR - Erro na tentativa 1 para itens: 404 Client Error: Not Found for url: https://pncp.gov.br/api/pncp/v1/orgaos/18715383000140/compras/2023/28/itens?pagina=1&tamanhoPagina=20
2024-10-16 11:39:12,531 - ERROR - Erro na tentativa 1 para arquivos: 404 Client Error: Not Found for url: https://pncp.gov.br/api/pncp/v1/orgaos/18715383000140/compras/2023/28/arquivos?pagina=1&tamanhoPagina=20
2024-10-16 11:39:13,109 - ERROR - Erro na tentativa 1 para itens: 404 Client Error: Not Found for url: https://pncp.gov.br/api/pncp/v1/orgaos/46523247000193/compras/2024/1/itens?pagina=1&tamanhoPagina=20
2024-10-16 11:39:13,601 - ERROR - Erro na tentativa 1 para itens: 404 Client Error: Not Found for url: https://pncp.gov.br/api/pncp/v1/orgaos/24464109000148/compras/2024/14/itens?pagina=1&tamanhoPagina=20
2024-10-16 11:39:14,136 - ERROR - Erro na tentativa 1 para arquivos: 404 Client Error: Not Found for url: https://pncp.gov.br/api/pncp/v1/orgaos/46523247000193/compras/2024/1/arquivos?pagina=1&tamanhoPagina=20
2024-10-16 11:39:14,697 - ERROR - Erro na tentativa 1 para itens: 404 Client Error: Not Found for url: https://pncp.gov.br/api/pncp/v1/orgaos/18715383000140/compras/2023/26/itens?pagina=1&tamanhoPagina=20
2024-10-16 11:39:15,224 - ERROR - Erro na tentativa 1 para arquivos: 404 Client Error: Not Found for url: https://pncp.gov.br/api/pncp/v1/orgaos/24464109000148/compras/2024/14/arquivos?pagina=1&tamanhoPagina=20
2024-10-16 11:39:15,246 - ERROR - Erro na tentativa 1 para itens: 404 Client Error: Not Found for url: https://pncp.gov.br/api/pncp/v1/orgaos/18715383000140/compras/2023/25/itens?pagina=1&tamanhoPagina=20
2024-10-16 11:39:15,884 - ERROR - Erro na tentativa 1 para itens: 404 Client Error: Not Found for url: https://pncp.gov.br/api/pncp/v1/orgaos/44959021000104/compras/2024/21/itens?pagina=1&tamanhoPagina=20
2024-10-16 11:39:16,031 - ERROR - Erro na tentativa 1 para arquivos: 404 Client Error: Not Found for url: https://pncp.gov.br/api/pncp/v1/orgaos/18715383000140/compras/2023/26/arquivos?pagina=1&tamanhoPagina=20
2024-10-16 11:39:17,396 - ERROR - Erro na tentativa 1 para arquivos: 404 Client Error: Not Found for url: https://pncp.gov.br/api/pncp/v1/orgaos/18715383000140/compras/2023/25/arquivos?pagina=1&tamanhoPagina=20
2024-10-16 11:39:17,451 - ERROR - Erro na tentativa 1 para arquivos: 404 Client Error: Not Found for url: https://pncp.gov.br/api/pncp/v1/orgaos/44959021000104/compras/2024/21/arquivos?pagina=1&tamanhoPagina=20
2024-10-16 11:39:17,577 - ERROR - Erro na tentativa 1 para itens: 404 Client Error: Not Found for url: https://pncp.gov.br/api/pncp/v1/orgaos/18715383000140/compras/2023/24/itens?pagina=1&tamanhoPagina=20
2024-10-16 11:39:18,093 - ERROR - Erro na tentativa 1 para itens: 404 Client Error: Not Found for url: https://pncp.gov.br/api/pncp/v1/orgaos/82821216000182/compras/2024/1/itens?pagina=1&tamanhoPagina=20
2024-10-16 11:39:18,107 - ERROR - Erro na tentativa 1 para itens: 404 Client Error: Not Found for url: https://pncp.gov.br/api/pncp/v1/orgaos/18715383000140/compras/2023/23/itens?pagina=1&tamanhoPagina=20
2024-10-16 11:39:18,508 - ERROR - Erro na tentativa 1 para arquivos: 404 Client Error: Not Found for url: https://pncp.gov.br/api/pncp/v1/orgaos/18715383000140/compras/2023/24/arquivos?pagina=1&tamanhoPagina=20
2024-10-16 11:39:19,164 - ERROR - Erro na tentativa 1 para arquivos: 404 Client Error: Not Found for url: https://pncp.gov.br/api/pncp/v1/orgaos/18715383000140/compras/2023/23/arquivos?pagina=1&tamanhoPagina=20
2024-10-16 11:39:19,215 - ERROR - Erro na tentativa 1 para arquivos: 404 Client Error: Not Found for url: https://pncp.gov.br/api/pncp/v1/orgaos/82821216000182/compras/2024/1/arquivos?pagina=1&tamanhoPagina=20
2024-10-16 11:39:20,518 - ERROR - Erro na tentativa 1 para itens: 404 Client Error: Not Found for url: https://pncp.gov.br/api/pncp/v1/orgaos/76175884000187/compras/2024/2/itens?pagina=1&tamanhoPagina=20
2024-10-16 11:39:20,930 - ERROR - Erro na tentativa 1 para itens: 404 Client Error: Not Found for url: https://pncp.gov.br/api/pncp/v1/orgaos/76175884000187/compras/2024/1/itens?pagina=1&tamanhoPagina=20
2024-10-16 11:39:22,078 - ERROR - Erro na tentativa 1 para arquivos: 404 Client Error: Not Found for url: https://pncp.gov.br/api/pncp/v1/orgaos/76175884000187/compras/2024/2/arquivos?pagina=1&tamanhoPagina=20
2024-10-16 11:39:22,196 - ERROR - Erro na tentativa 1 para itens: 404 Client Error: Not Found for url: https://pncp.gov.br/api/pncp/v1/orgaos/14706049000179/compras/2024/2/itens?pagina=1&tamanhoPagina=20
2024-10-16 11:39:22,359 - ERROR - Erro na tentativa 1 para arquivos: 404 Client Error: Not Found for url: https://pncp.gov.br/api/pncp/v1/orgaos/76175884000187/compras/2024/1/arquivos?pagina=1&tamanhoPagina=20
2024-10-16 11:39:23,282 - ERROR - Erro na tentativa 1 para arquivos: 404 Client Error: Not Found for url: https://pncp.gov.br/api/pncp/v1/orgaos/14706049000179/compras/2024/2/arquivos?pagina=1&tamanhoPagina=20
2024-10-16 11:39:25,801 - ERROR - Erro na tentativa 1 para itens: 404 Client Error: Not Found for url: https://pncp.gov.br/api/pncp/v1/orgaos/44723757000189/compras/2024/1/itens?pagina=1&tamanhoPagina=20
2024-10-16 11:39:27,743 - ERROR - Erro na tentativa 1 para itens: 404 Client Error: Not Found for url: https://pncp.gov.br/api/pncp/v1/orgaos/10572022000180/compras/2024/2/itens?pagina=1&tamanhoPagina=20
2024-10-16 11:39:27,802 - ERROR - Erro na tentativa 1 para arquivos: 404 Client Error: Not Found for url: https://pncp.gov.br/api/pncp/v1/orgaos/44723757000189/compras/2024/1/arquivos?pagina=1&tamanhoPagina=20
2024-10-16 11:39:28,069 - ERROR - Erro na tentativa 1 para itens: 404 Client Error: Not Found for url: https://pncp.gov.br/api/pncp/v1/orgaos/75788349000139/compras/2024/2/itens?pagina=1&tamanhoPagina=20
2024-10-16 11:39:28,679 - ERROR - Erro na tentativa 1 para arquivos: 404 Client Error: Not Found for url: https://pncp.gov.br/api/pncp/v1/orgaos/10572022000180/compras/2024/2/arquivos?pagina=1&tamanhoPagina=20
2024-10-16 11:39:28,951 - ERROR - Erro na tentativa 1 para arquivos: 404 Client Error: Not Found for url: https://pncp.gov.br/api/pncp/v1/orgaos/75788349000139/compras/2024/2/arquivos?pagina=1&tamanhoPagina=20
2024-10-16 11:39:30,849 - ERROR - Erro na tentativa 1 para itens: 404 Client Error: Not Found for url: https://pncp.gov.br/api/pncp/v1/orgaos/10572022000180/compras/2024/1/itens?pagina=1&tamanhoPagina=20
2024-10-16 11:39:32,115 - ERROR - Erro na tentativa 1 para arquivos: 404 Client Error: Not Found for url: https://pncp.gov.br/api/pncp/v1/orgaos/10572022000180/compras/2024/1/arquivos?pagina=1&tamanhoPagina=20
2024-10-16 11:39:32,635 - ERROR - Erro na tentativa 1 para itens: 404 Client Error: Not Found for url: https://pncp.gov.br/api/pncp/v1/orgaos/46251021000180/compras/2024/1/itens?pagina=1&tamanhoPagina=20
2024-10-16 11:39:33,424 - ERROR - Erro na tentativa 1 para itens: 404 Client Error: Not Found for url: https://pncp.gov.br/api/pncp/v1/orgaos/59851543000165/compras/2024/2/itens?pagina=1&tamanhoPagina=20
2024-10-16 11:39:34,161 - ERROR - Erro na tentativa 1 para arquivos: 404 Client Error: Not Found for url: https://pncp.gov.br/api/pncp/v1/orgaos/46251021000180/compras/2024/1/arquivos?pagina=1&tamanhoPagina=20
2024-10-16 11:39:34,931 - ERROR - Erro na tentativa 1 para itens: 400 Client Error: Bad Request for url: https://pncp.gov.br/api/pncp/v1/orgaos/7810468000190/compras/2024/5/itens?pagina=1&tamanhoPagina=20
2024-10-16 11:39:35,362 - ERROR - Erro na tentativa 1 para arquivos: 404 Client Error: Not Found for url: https://pncp.gov.br/api/pncp/v1/orgaos/59851543000165/compras/2024/2/arquivos?pagina=1&tamanhoPagina=20
2024-10-16 11:39:35,751 - ERROR - Erro na tentativa 1 para itens: 404 Client Error: Not Found for url: https://pncp.gov.br/api/pncp/v1/orgaos/59851543000165/compras/2024/2/itens?pagina=1&tamanhoPagina=20
2024-10-16 11:39:35,956 - ERROR - Erro na tentativa 1 para itens: 404 Client Error: Not Found for url: https://pncp.gov.br/api/pncp/v1/orgaos/59851543000165/compras/2024/3/itens?pagina=1&tamanhoPagina=20
2024-10-16 11:39:36,224 - ERROR - Erro na tentativa 1 para arquivos: 400 Client Error: Bad Request for url: https://pncp.gov.br/api/pncp/v1/orgaos/7810468000190/compras/2024/5/arquivos?pagina=1&tamanhoPagina=20
2024-10-16 11:39:36,892 - ERROR - Erro na tentativa 1 para arquivos: 404 Client Error: Not Found for url: https://pncp.gov.br/api/pncp/v1/orgaos/59851543000165/compras/2024/2/arquivos?pagina=1&tamanhoPagina=20
2024-10-16 11:39:37,034 - ERROR - Erro na tentativa 1 para itens: 404 Client Error: Not Found for url: https://pncp.gov.br/api/pncp/v1/orgaos/59851543000165/compras/2024/2/itens?pagina=1&tamanhoPagina=20
2024-10-16 11:39:37,038 - ERROR - Erro na tentativa 1 para arquivos: 404 Client Error: Not Found for url: https://pncp.gov.br/api/pncp/v1/orgaos/59851543000165/compras/2024/3/arquivos?pagina=1&tamanhoPagina=20
2024-10-16 11:39:38,155 - ERROR - Erro na tentativa 1 para arquivos: 404 Client Error: Not Found for url: https://pncp.gov.br/api/pncp/v1/orgaos/59851543000165/compras/2024/2/arquivos?pagina=1&tamanhoPagina=20
2024-10-16 11:39:40,878 - ERROR - Erro na tentativa 1 para itens: 404 Client Error: Not Found for url: https://pncp.gov.br/api/pncp/v1/orgaos/59851543000165/compras/2024/7/itens?pagina=1&tamanhoPagina=20
2024-10-16 11:39:41,659 - ERROR - Erro na tentativa 1 para itens: 404 Client Error: Not Found for url: https://pncp.gov.br/api/pncp/v1/orgaos/59851543000165/compras/2024/5/itens?pagina=1&tamanhoPagina=20
2024-10-16 11:39:41,962 - ERROR - Erro na tentativa 1 para arquivos: 404 Client Error: Not Found for url: https://pncp.gov.br/api/pncp/v1/orgaos/59851543000165/compras/2024/7/arquivos?pagina=1&tamanhoPagina=20
2024-10-16 11:39:43,628 - ERROR - Erro na tentativa 1 para arquivos: 404 Client Error: Not Found for url: https://pncp.gov.br/api/pncp/v1/orgaos/59851543000165/compras/2024/5/arquivos?pagina=1&tamanhoPagina=20
2024-10-16 11:39:44,367 - ERROR - Erro na tentativa 1 para itens: 404 Client Error: Not Found for url: https://pncp.gov.br/api/pncp/v1/orgaos/59851543000165/compras/2024/4/itens?pagina=1&tamanhoPagina=20
2024-10-16 11:39:44,392 - ERROR - Erro na tentativa 1 para itens: 404 Client Error: Not Found for url: https://pncp.gov.br/api/pncp/v1/orgaos/59851543000165/compras/2024/3/itens?pagina=1&tamanhoPagina=20
2024-10-16 11:39:44,483 - ERROR - Erro na tentativa 1 para itens: 404 Client Error: Not Found for url: https://pncp.gov.br/api/pncp/v1/orgaos/59851543000165/compras/2024/2/itens?pagina=1&tamanhoPagina=20
2024-10-16 11:39:45,666 - ERROR - Erro na tentativa 1 para arquivos: 404 Client Error: Not Found for url: https://pncp.gov.br/api/pncp/v1/orgaos/59851543000165/compras/2024/2/arquivos?pagina=1&tamanhoPagina=20
2024-10-16 11:39:45,882 - ERROR - Erro na tentativa 1 para arquivos: 404 Client Error: Not Found for url: https://pncp.gov.br/api/pncp/v1/orgaos/59851543000165/compras/2024/3/arquivos?pagina=1&tamanhoPagina=20
2024-10-16 11:39:45,884 - ERROR - Erro na tentativa 1 para arquivos: 404 Client Error: Not Found for url: https://pncp.gov.br/api/pncp/v1/orgaos/59851543000165/compras/2024/4/arquivos?pagina=1&tamanhoPagina=20
2024-10-16 11:39:46,353 - ERROR - Erro na tentativa 1 para itens: 404 Client Error: Not Found for url: https://pncp.gov.br/api/pncp/v1/orgaos/46446696000185/compras/2024/3/itens?pagina=1&tamanhoPagina=20
2024-10-16 11:39:46,518 - ERROR - Erro na tentativa 1 para itens: 404 Client Error: Not Found for url: https://pncp.gov.br/api/pncp/v1/orgaos/46446696000185/compras/2024/2/itens?pagina=1&tamanhoPagina=20
2024-10-16 11:39:47,418 - ERROR - Erro na tentativa 1 para arquivos: 404 Client Error: Not Found for url: https://pncp.gov.br/api/pncp/v1/orgaos/46446696000185/compras/2024/3/arquivos?pagina=1&tamanhoPagina=20
2024-10-16 11:39:48,113 - ERROR - Erro na tentativa 1 para arquivos: 404 Client Error: Not Found for url: https://pncp.gov.br/api/pncp/v1/orgaos/46446696000185/compras/2024/2/arquivos?pagina=1&tamanhoPagina=20
2024-10-16 11:39:49,090 - ERROR - Erro na tentativa 1 para itens: 404 Client Error: Not Found for url: https://pncp.gov.br/api/pncp/v1/orgaos/87842233000110/compras/2024/1/itens?pagina=1&tamanhoPagina=20
2024-10-16 11:39:49,136 - ERROR - Erro na tentativa 1 para itens: 404 Client Error: Not Found for url: https://pncp.gov.br/api/pncp/v1/orgaos/45302130000117/compras/2024/7/itens?pagina=1&tamanhoPagina=20
2024-10-16 11:39:49,204 - ERROR - Erro na tentativa 1 para itens: 404 Client Error: Not Found for url: https://pncp.gov.br/api/pncp/v1/orgaos/45302130000117/compras/2024/9/itens?pagina=1&tamanhoPagina=20
2024-10-16 11:39:50,022 - ERROR - Erro na tentativa 1 para itens: 404 Client Error: Not Found for url: https://pncp.gov.br/api/pncp/v1/orgaos/14706049000179/compras/2024/2/itens?pagina=1&tamanhoPagina=20
2024-10-16 11:39:50,191 - ERROR - Erro na tentativa 1 para arquivos: 404 Client Error: Not Found for url: https://pncp.gov.br/api/pncp/v1/orgaos/87842233000110/compras/2024/1/arquivos?pagina=1&tamanhoPagina=20
2024-10-16 11:39:50,661 - ERROR - Erro na tentativa 1 para arquivos: 404 Client Error: Not Found for url: https://pncp.gov.br/api/pncp/v1/orgaos/45302130000117/compras/2024/9/arquivos?pagina=1&tamanhoPagina=20
2024-10-16 11:39:50,692 - ERROR - Erro na tentativa 1 para arquivos: 404 Client Error: Not Found for url: https://pncp.gov.br/api/pncp/v1/orgaos/45302130000117/compras/2024/7/arquivos?pagina=1&tamanhoPagina=20
2024-10-16 11:39:51,250 - ERROR - Erro na tentativa 1 para arquivos: 404 Client Error: Not Found for url: https://pncp.gov.br/api/pncp/v1/orgaos/14706049000179/compras/2024/2/arquivos?pagina=1&tamanhoPagina=20
2024-10-16 11:39:54,432 - ERROR - Erro na tentativa 1 para itens: 404 Client Error: Not Found for url: https://pncp.gov.br/api/pncp/v1/orgaos/59851543000165/compras/2024/3/itens?pagina=1&tamanhoPagina=20
2024-10-16 11:39:54,662 - ERROR - Erro na tentativa 1 para itens: 404 Client Error: Not Found for url: https://pncp.gov.br/api/pncp/v1/orgaos/59851543000165/compras/2024/2/itens?pagina=1&tamanhoPagina=20
2024-10-16 11:39:54,775 - ERROR - Erro na tentativa 1 para itens: 404 Client Error: Not Found for url: https://pncp.gov.br/api/pncp/v1/orgaos/14706049000179/compras/2024/16/itens?pagina=1&tamanhoPagina=20
2024-10-16 11:39:55,947 - ERROR - Erro na tentativa 1 para arquivos: 404 Client Error: Not Found for url: https://pncp.gov.br/api/pncp/v1/orgaos/14706049000179/compras/2024/16/arquivos?pagina=1&tamanhoPagina=20
2024-10-16 11:39:56,122 - ERROR - Erro na tentativa 1 para arquivos: 404 Client Error: Not Found for url: https://pncp.gov.br/api/pncp/v1/orgaos/59851543000165/compras/2024/3/arquivos?pagina=1&tamanhoPagina=20
2024-10-16 11:39:56,263 - ERROR - Erro na tentativa 1 para arquivos: 404 Client Error: Not Found for url: https://pncp.gov.br/api/pncp/v1/orgaos/59851543000165/compras/2024/2/arquivos?pagina=1&tamanhoPagina=20
2024-10-16 11:39:56,843 - ERROR - Erro na tentativa 1 para itens: 404 Client Error: Not Found for url: https://pncp.gov.br/api/pncp/v1/orgaos/14706049000179/compras/2024/2/itens?pagina=1&tamanhoPagina=20
2024-10-16 11:39:57,947 - ERROR - Erro na tentativa 1 para arquivos: 404 Client Error: Not Found for url: https://pncp.gov.br/api/pncp/v1/orgaos/14706049000179/compras/2024/2/arquivos?pagina=1&tamanhoPagina=20
2024-10-16 11:39:59,823 - ERROR - Erro na tentativa 1 para itens: 404 Client Error: Not Found for url: https://pncp.gov.br/api/pncp/v1/orgaos/75658377000131/compras/2024/1/itens?pagina=1&tamanhoPagina=20
2024-10-16 11:40:00,324 - ERROR - Erro na tentativa 1 para itens: 404 Client Error: Not Found for url: https://pncp.gov.br/api/pncp/v1/orgaos/59851543000165/compras/2024/7/itens?pagina=1&tamanhoPagina=20
2024-10-16 11:40:01,209 - ERROR - Erro na tentativa 1 para arquivos: 404 Client Error: Not Found for url: https://pncp.gov.br/api/pncp/v1/orgaos/75658377000131/compras/2024/1/arquivos?pagina=1&tamanhoPagina=20
2024-10-16 11:40:01,214 - ERROR - Erro na tentativa 1 para itens: 404 Client Error: Not Found for url: https://pncp.gov.br/api/pncp/v1/orgaos/75788349000139/compras/2024/2/itens?pagina=1&tamanhoPagina=20
2024-10-16 11:40:01,602 - ERROR - Erro na tentativa 1 para itens: 404 Client Error: Not Found for url: https://pncp.gov.br/api/pncp/v1/orgaos/59851543000165/compras/2024/5/itens?pagina=1&tamanhoPagina=20
2024-10-16 11:40:01,603 - ERROR - Erro na tentativa 1 para itens: 404 Client Error: Not Found for url: https://pncp.gov.br/api/pncp/v1/orgaos/59851543000165/compras/2024/4/itens?pagina=1&tamanhoPagina=20
2024-10-16 11:40:01,615 - ERROR - Erro na tentativa 1 para arquivos: 404 Client Error: Not Found for url: https://pncp.gov.br/api/pncp/v1/orgaos/59851543000165/compras/2024/7/arquivos?pagina=1&tamanhoPagina=20
2024-10-16 11:40:02,250 - ERROR - Erro na tentativa 1 para arquivos: 404 Client Error: Not Found for url: https://pncp.gov.br/api/pncp/v1/orgaos/75788349000139/compras/2024/2/arquivos?pagina=1&tamanhoPagina=20
2024-10-16 11:40:02,487 - ERROR - Erro na tentativa 1 para arquivos: 404 Client Error: Not Found for url: https://pncp.gov.br/api/pncp/v1/orgaos/59851543000165/compras/2024/5/arquivos?pagina=1&tamanhoPagina=20
2024-10-16 11:40:03,238 - ERROR - Erro na tentativa 1 para arquivos: 404 Client Error: Not Found for url: https://pncp.gov.br/api/pncp/v1/orgaos/59851543000165/compras/2024/4/arquivos?pagina=1&tamanhoPagina=20
2024-10-16 11:40:05,529 - ERROR - Erro na tentativa 1 para itens: 404 Client Error: Not Found for url: https://pncp.gov.br/api/pncp/v1/orgaos/59851543000165/compras/2024/2/itens?pagina=1&tamanhoPagina=20
2024-10-16 11:40:06,024 - ERROR - Erro na tentativa 1 para itens: 400 Client Error: Bad Request for url: https://pncp.gov.br/api/pncp/v1/orgaos/1612370000142/compras/2024/1/itens?pagina=1&tamanhoPagina=20
2024-10-16 11:40:07,023 - ERROR - Erro na tentativa 1 para arquivos: 404 Client Error: Not Found for url: https://pncp.gov.br/api/pncp/v1/orgaos/59851543000165/compras/2024/2/arquivos?pagina=1&tamanhoPagina=20
2024-10-16 11:40:07,611 - ERROR - Erro na tentativa 1 para arquivos: 400 Client Error: Bad Request for url: https://pncp.gov.br/api/pncp/v1/orgaos/1612370000142/compras/2024/1/arquivos?pagina=1&tamanhoPagina=20
2024-10-16 11:40:07,820 - ERROR - Erro na tentativa 1 para itens: 404 Client Error: Not Found for url: https://pncp.gov.br/api/pncp/v1/orgaos/76105568000139/compras/2024/1/itens?pagina=1&tamanhoPagina=20
2024-10-16 11:40:08,821 - ERROR - Erro na tentativa 1 para itens: 404 Client Error: Not Found for url: https://pncp.gov.br/api/pncp/v1/orgaos/14706049000179/compras/2024/2/itens?pagina=1&tamanhoPagina=20
2024-10-16 11:40:08,909 - ERROR - Erro na tentativa 1 para itens: 404 Client Error: Not Found for url: https://pncp.gov.br/api/pncp/v1/orgaos/12207403000195/compras/2024/12/itens?pagina=1&tamanhoPagina=20
2024-10-16 11:40:09,826 - ERROR - Erro na tentativa 1 para arquivos: 404 Client Error: Not Found for url: https://pncp.gov.br/api/pncp/v1/orgaos/76105568000139/compras/2024/1/arquivos?pagina=1&tamanhoPagina=20
2024-10-16 11:40:09,934 - ERROR - Erro na tentativa 1 para itens: 404 Client Error: Not Found for url: https://pncp.gov.br/api/pncp/v1/orgaos/75730994000109/compras/2024/2/itens?pagina=1&tamanhoPagina=20
2024-10-16 11:40:10,203 - ERROR - Erro na tentativa 1 para itens: 404 Client Error: Not Found for url: https://pncp.gov.br/api/pncp/v1/orgaos/75730994000109/compras/2024/1/itens?pagina=1&tamanhoPagina=20
2024-10-16 11:40:10,205 - ERROR - Erro na tentativa 1 para arquivos: 404 Client Error: Not Found for url: https://pncp.gov.br/api/pncp/v1/orgaos/14706049000179/compras/2024/2/arquivos?pagina=1&tamanhoPagina=20
2024-10-16 11:40:10,532 - ERROR - Erro na tentativa 1 para arquivos: 404 Client Error: Not Found for url: https://pncp.gov.br/api/pncp/v1/orgaos/12207403000195/compras/2024/12/arquivos?pagina=1&tamanhoPagina=20
2024-10-16 11:40:11,317 - ERROR - Erro na tentativa 1 para arquivos: 404 Client Error: Not Found for url: https://pncp.gov.br/api/pncp/v1/orgaos/75730994000109/compras/2024/1/arquivos?pagina=1&tamanhoPagina=20
2024-10-16 11:40:11,595 - ERROR - Erro na tentativa 1 para arquivos: 404 Client Error: Not Found for url: https://pncp.gov.br/api/pncp/v1/orgaos/75730994000109/compras/2024/2/arquivos?pagina=1&tamanhoPagina=20
2024-10-16 11:40:13,904 - ERROR - Erro na tentativa 1 para itens: 404 Client Error: Not Found for url: https://pncp.gov.br/api/pncp/v1/orgaos/18291351000164/compras/2024/1/itens?pagina=1&tamanhoPagina=20
2024-10-16 11:40:14,529 - ERROR - Erro na tentativa 1 para itens: 404 Client Error: Not Found for url: https://pncp.gov.br/api/pncp/v1/orgaos/18291351000164/compras/2024/2/itens?pagina=1&tamanhoPagina=20
2024-10-16 11:40:15,692 - ERROR - Erro na tentativa 1 para arquivos: 404 Client Error: Not Found for url: https://pncp.gov.br/api/pncp/v1/orgaos/18291351000164/compras/2024/1/arquivos?pagina=1&tamanhoPagina=20
2024-10-16 11:40:15,713 - ERROR - Erro na tentativa 1 para arquivos: 404 Client Error: Not Found for url: https://pncp.gov.br/api/pncp/v1/orgaos/18291351000164/compras/2024/2/arquivos?pagina=1&tamanhoPagina=20
2024-10-16 11:40:18,167 - ERROR - Erro na tentativa 1 para itens: 404 Client Error: Not Found for url: https://pncp.gov.br/api/pncp/v1/orgaos/18025932000154/compras/2024/7/itens?pagina=1&tamanhoPagina=20
2024-10-16 11:40:18,440 - ERROR - Erro na tentativa 1 para itens: 404 Client Error: Not Found for url: https://pncp.gov.br/api/pncp/v1/orgaos/18025932000154/compras/2024/4/itens?pagina=1&tamanhoPagina=20
2024-10-16 11:40:18,949 - ERROR - Erro na tentativa 1 para arquivos: 404 Client Error: Not Found for url: https://pncp.gov.br/api/pncp/v1/orgaos/18025932000154/compras/2024/7/arquivos?pagina=1&tamanhoPagina=20
2024-10-16 11:40:19,076 - ERROR - Erro na tentativa 1 para itens: 404 Client Error: Not Found for url: https://pncp.gov.br/api/pncp/v1/orgaos/18025932000154/compras/2024/5/itens?pagina=1&tamanhoPagina=20
2024-10-16 11:40:19,341 - ERROR - Erro na tentativa 1 para itens: 404 Client Error: Not Found for url: https://pncp.gov.br/api/pncp/v1/orgaos/14706049000179/compras/2024/2/itens?pagina=1&tamanhoPagina=20
2024-10-16 11:40:19,605 - ERROR - Erro na tentativa 1 para arquivos: Expecting value: line 1 column 1 (char 0)
2024-10-16 11:40:19,731 - ERROR - Erro na tentativa 1 para arquivos: 404 Client Error: Not Found for url: https://pncp.gov.br/api/pncp/v1/orgaos/18025932000154/compras/2024/4/arquivos?pagina=1&tamanhoPagina=20
2024-10-16 11:40:20,223 - ERROR - Erro na tentativa 1 para arquivos: 404 Client Error: Not Found for url: https://pncp.gov.br/api/pncp/v1/orgaos/18025932000154/compras/2024/5/arquivos?pagina=1&tamanhoPagina=20
2024-10-16 11:40:20,267 - ERROR - Erro na tentativa 1 para arquivos: 404 Client Error: Not Found for url: https://pncp.gov.br/api/pncp/v1/orgaos/14706049000179/compras/2024/2/arquivos?pagina=1&tamanhoPagina=20
2024-10-16 11:40:23,577 - ERROR - Erro na tentativa 1 para itens: 400 Client Error: Bad Request for url: https://pncp.gov.br/api/pncp/v1/orgaos/7726540000104/compras/2024/1/itens?pagina=1&tamanhoPagina=20
2024-10-16 11:40:24,099 - ERROR - Erro na tentativa 1 para itens: 404 Client Error: Not Found for url: https://pncp.gov.br/api/pncp/v1/orgaos/76968627000100/compras/2024/9/itens?pagina=1&tamanhoPagina=20
2024-10-16 11:40:25,021 - ERROR - Erro na tentativa 1 para arquivos: 400 Client Error: Bad Request for url: https://pncp.gov.br/api/pncp/v1/orgaos/7726540000104/compras/2024/1/arquivos?pagina=1&tamanhoPagina=20
2024-10-16 11:40:25,155 - ERROR - Erro na tentativa 1 para arquivos: 404 Client Error: Not Found for url: https://pncp.gov.br/api/pncp/v1/orgaos/76968627000100/compras/2024/9/arquivos?pagina=1&tamanhoPagina=20
2024-10-16 11:40:25,448 - ERROR - Erro na tentativa 1 para itens: 400 Client Error: Bad Request for url: https://pncp.gov.br/api/pncp/v1/orgaos/8151884000197/compras/2024/22/itens?pagina=1&tamanhoPagina=20
2024-10-16 11:40:26,403 - ERROR - Erro na tentativa 1 para arquivos: 400 Client Error: Bad Request for url: https://pncp.gov.br/api/pncp/v1/orgaos/8151884000197/compras/2024/22/arquivos?pagina=1&tamanhoPagina=20
2024-10-16 11:40:29,215 - ERROR - Erro na tentativa 1 para itens: 404 Client Error: Not Found for url: https://pncp.gov.br/api/pncp/v1/orgaos/46429379000150/compras/2024/6/itens?pagina=1&tamanhoPagina=20
2024-10-16 11:40:30,632 - ERROR - Erro na tentativa 1 para arquivos: 404 Client Error: Not Found for url: https://pncp.gov.br/api/pncp/v1/orgaos/46429379000150/compras/2024/6/arquivos?pagina=1&tamanhoPagina=20
2024-10-16 11:40:31,772 - ERROR - Erro na tentativa 1 para itens: 404 Client Error: Not Found for url: https://pncp.gov.br/api/pncp/v1/orgaos/47615394000156/compras/2023/23/itens?pagina=1&tamanhoPagina=20
2024-10-16 11:40:33,013 - ERROR - Erro na tentativa 1 para arquivos: 404 Client Error: Not Found for url: https://pncp.gov.br/api/pncp/v1/orgaos/47615394000156/compras/2023/23/arquivos?pagina=1&tamanhoPagina=20
2024-10-16 11:40:33,221 - ERROR - Erro na tentativa 1 para itens: 404 Client Error: Not Found for url: https://pncp.gov.br/api/pncp/v1/orgaos/47615394000156/compras/2023/28/itens?pagina=1&tamanhoPagina=20
2024-10-16 11:40:34,334 - ERROR - Erro na tentativa 1 para arquivos: 404 Client Error: Not Found for url: https://pncp.gov.br/api/pncp/v1/orgaos/47615394000156/compras/2023/28/arquivos?pagina=1&tamanhoPagina=20
2024-10-16 11:40:37,912 - ERROR - Erro na tentativa 1 para itens: 404 Client Error: Not Found for url: https://pncp.gov.br/api/pncp/v1/orgaos/18385088000172/compras/2024/1/itens?pagina=1&tamanhoPagina=20
2024-10-16 11:40:38,462 - ERROR - Erro na tentativa 1 para arquivos: 404 Client Error: Not Found for url: https://pncp.gov.br/api/pncp/v1/orgaos/18385088000172/compras/2024/1/arquivos?pagina=1&tamanhoPagina=20
2024-10-16 11:40:42,492 - INFO - Processo de crawling concluído
