2024-10-16 12:21:42,827 - INFO - Iniciando o crawler com ordenação: mais_recentes e modo: ata_de_registro_de_precos
2024-10-16 12:21:42,827 - INFO - Processo iniciado pelo usuário.
2024-10-16 12:21:42,827 - INFO - Carregando IDs existentes em memória.
2024-10-16 12:21:42,891 - INFO - Carregados 10103 IDs existentes de pncp_data_ata_de_registro_de_precos.csv.
2024-10-16 12:21:43,028 - INFO - Carregados 8333 IDs existentes de pncp_itens_ata_de_registro_de_precos.csv.
2024-10-16 12:21:43,064 - INFO - Carregados 8415 IDs existentes de pncp_arquivos_ata_de_registro_de_precos.csv.
2024-10-16 12:21:43,064 - INFO - Total de IDs carregados para dados principais: 10103
2024-10-16 12:21:43,064 - INFO - Total de IDs carregados para itens: 8333
2024-10-16 12:21:43,064 - INFO - Total de IDs carregados para arquivos: 8415
2024-10-16 12:21:43,064 - INFO - Buscando dados da página 1.
2024-10-16 12:21:44,681 - INFO - 149 registros adicionados ao arquivo pncp_data_ata_de_registro_de_precos.csv.
2024-10-16 12:21:44,681 - INFO - Salvos 149 novos itens da página 1.
2024-10-16 12:21:44,681 - INFO - Progresso: 500 itens processados, 149 novos, 351 duplicados.
2024-10-16 12:21:45,681 - INFO - Buscando dados da página 2.
2024-10-16 12:21:47,408 - INFO - Nenhum item novo na página 2.
2024-10-16 12:21:47,409 - INFO - Progresso: 1000 itens processados, 149 novos, 851 duplicados.
2024-10-16 12:21:48,409 - INFO - Buscando dados da página 3.
2024-10-16 12:21:50,117 - INFO - Nenhum item novo na página 3.
2024-10-16 12:21:50,117 - INFO - Progresso: 1500 itens processados, 149 novos, 1351 duplicados.
2024-10-16 12:21:51,118 - INFO - Buscando dados da página 4.
2024-10-16 12:21:52,929 - INFO - Nenhum item novo na página 4.
2024-10-16 12:21:52,929 - INFO - Progresso: 2000 itens processados, 149 novos, 1851 duplicados.
2024-10-16 12:21:53,929 - INFO - Buscando dados da página 5.
2024-10-16 12:21:55,696 - INFO - Nenhum item novo na página 5.
2024-10-16 12:21:55,696 - INFO - Progresso: 2500 itens processados, 149 novos, 2351 duplicados.
