2024-10-16 03:39:10,525 - ERROR - Erro na tentativa 1 para itens: 404 Client Error: Not Found for url: https://pncp.gov.br/api/pncp/v1/orgaos/18659334000137/compras/2024/1/itens?pagina=1&tamanhoPagina=20
2024-10-16 03:39:10,528 - ERROR - Erro na tentativa 1 para itens: 404 Client Error: Not Found for url: https://pncp.gov.br/api/pncp/v1/orgaos/18029371000161/compras/2024/5/itens?pagina=1&tamanhoPagina=20
2024-10-16 03:39:11,533 - ERROR - Erro na tentativa 1 para itens: 404 Client Error: Not Found for url: https://pncp.gov.br/api/pncp/v1/orgaos/18029371000161/compras/2024/4/itens?pagina=1&tamanhoPagina=20
2024-10-16 03:39:12,137 - ERROR - Erro na tentativa 2 para itens: 404 Client Error: Not Found for url: https://pncp.gov.br/api/pncp/v1/orgaos/18659334000137/compras/2024/1/itens?pagina=1&tamanhoPagina=20
2024-10-16 03:39:12,140 - ERROR - Erro na tentativa 2 para itens: 404 Client Error: Not Found for url: https://pncp.gov.br/api/pncp/v1/orgaos/18029371000161/compras/2024/5/itens?pagina=1&tamanhoPagina=20
2024-10-16 03:39:13,024 - ERROR - Erro na tentativa 2 para itens: 404 Client Error: Not Found for url: https://pncp.gov.br/api/pncp/v1/orgaos/18029371000161/compras/2024/4/itens?pagina=1&tamanhoPagina=20
2024-10-16 03:39:13,829 - ERROR - Erro na tentativa 1 para itens: 404 Client Error: Not Found for url: https://pncp.gov.br/api/pncp/v1/orgaos/18029371000161/compras/2024/3/itens?pagina=1&tamanhoPagina=20
2024-10-16 03:39:14,628 - ERROR - Erro na tentativa 3 para itens: 404 Client Error: Not Found for url: https://pncp.gov.br/api/pncp/v1/orgaos/18659334000137/compras/2024/1/itens?pagina=1&tamanhoPagina=20
2024-10-16 03:39:14,631 - ERROR - Erro na tentativa 3 para itens: 404 Client Error: Not Found for url: https://pncp.gov.br/api/pncp/v1/orgaos/18029371000161/compras/2024/5/itens?pagina=1&tamanhoPagina=20
2024-10-16 03:39:15,122 - ERROR - Erro na tentativa 1 para arquivos: 404 Client Error: Not Found for url: https://pncp.gov.br/api/pncp/v1/orgaos/18659334000137/compras/2024/1/arquivos?pagina=1&tamanhoPagina=20
2024-10-16 03:39:15,129 - ERROR - Erro na tentativa 1 para arquivos: 404 Client Error: Not Found for url: https://pncp.gov.br/api/pncp/v1/orgaos/18029371000161/compras/2024/5/arquivos?pagina=1&tamanhoPagina=20
2024-10-16 03:39:15,322 - ERROR - Erro na tentativa 2 para itens: 404 Client Error: Not Found for url: https://pncp.gov.br/api/pncp/v1/orgaos/18029371000161/compras/2024/3/itens?pagina=1&tamanhoPagina=20
2024-10-16 03:39:15,516 - ERROR - Erro na tentativa 3 para itens: 404 Client Error: Not Found for url: https://pncp.gov.br/api/pncp/v1/orgaos/18029371000161/compras/2024/4/itens?pagina=1&tamanhoPagina=20
2024-10-16 03:39:15,718 - ERROR - Erro na tentativa 1 para itens: 404 Client Error: Not Found for url: https://pncp.gov.br/api/pncp/v1/orgaos/46482865000132/compras/2024/1/itens?pagina=1&tamanhoPagina=20
2024-10-16 03:39:16,008 - ERROR - Erro na tentativa 1 para arquivos: 404 Client Error: Not Found for url: https://pncp.gov.br/api/pncp/v1/orgaos/18029371000161/compras/2024/4/arquivos?pagina=1&tamanhoPagina=20
2024-10-16 03:39:16,618 - ERROR - Erro na tentativa 2 para arquivos: 404 Client Error: Not Found for url: https://pncp.gov.br/api/pncp/v1/orgaos/18659334000137/compras/2024/1/arquivos?pagina=1&tamanhoPagina=20
2024-10-16 03:39:16,623 - ERROR - Erro na tentativa 2 para arquivos: 404 Client Error: Not Found for url: https://pncp.gov.br/api/pncp/v1/orgaos/18029371000161/compras/2024/5/arquivos?pagina=1&tamanhoPagina=20
2024-10-16 03:39:16,667 - ERROR - Erro na tentativa 1 para itens: 404 Client Error: Not Found for url: https://pncp.gov.br/api/pncp/v1/orgaos/18029371000161/compras/2024/2/itens?pagina=1&tamanhoPagina=20
2024-10-16 03:39:16,693 - ERROR - Erro na tentativa 1 para itens: 404 Client Error: Not Found for url: https://pncp.gov.br/api/pncp/v1/orgaos/20321585000159/compras/2024/3/itens?pagina=1&tamanhoPagina=20
2024-10-16 03:39:17,211 - ERROR - Erro na tentativa 2 para itens: 404 Client Error: Not Found for url: https://pncp.gov.br/api/pncp/v1/orgaos/46482865000132/compras/2024/1/itens?pagina=1&tamanhoPagina=20
2024-10-16 03:39:17,497 - ERROR - Erro na tentativa 2 para arquivos: 404 Client Error: Not Found for url: https://pncp.gov.br/api/pncp/v1/orgaos/18029371000161/compras/2024/4/arquivos?pagina=1&tamanhoPagina=20
2024-10-16 03:39:17,824 - ERROR - Erro na tentativa 3 para itens: 404 Client Error: Not Found for url: https://pncp.gov.br/api/pncp/v1/orgaos/18029371000161/compras/2024/3/itens?pagina=1&tamanhoPagina=20
2024-10-16 03:39:18,163 - ERROR - Erro na tentativa 2 para itens: 404 Client Error: Not Found for url: https://pncp.gov.br/api/pncp/v1/orgaos/18029371000161/compras/2024/2/itens?pagina=1&tamanhoPagina=20
2024-10-16 03:39:18,183 - ERROR - Erro na tentativa 2 para itens: 404 Client Error: Not Found for url: https://pncp.gov.br/api/pncp/v1/orgaos/20321585000159/compras/2024/3/itens?pagina=1&tamanhoPagina=20
2024-10-16 03:39:18,321 - ERROR - Erro na tentativa 1 para arquivos: 404 Client Error: Not Found for url: https://pncp.gov.br/api/pncp/v1/orgaos/18029371000161/compras/2024/3/arquivos?pagina=1&tamanhoPagina=20
2024-10-16 03:39:19,108 - ERROR - Erro na tentativa 3 para arquivos: 404 Client Error: Not Found for url: https://pncp.gov.br/api/pncp/v1/orgaos/18659334000137/compras/2024/1/arquivos?pagina=1&tamanhoPagina=20
2024-10-16 03:39:19,117 - ERROR - Erro na tentativa 3 para arquivos: 404 Client Error: Not Found for url: https://pncp.gov.br/api/pncp/v1/orgaos/18029371000161/compras/2024/5/arquivos?pagina=1&tamanhoPagina=20
2024-10-16 03:39:19,712 - ERROR - Erro na tentativa 3 para itens: 404 Client Error: Not Found for url: https://pncp.gov.br/api/pncp/v1/orgaos/46482865000132/compras/2024/1/itens?pagina=1&tamanhoPagina=20
2024-10-16 03:39:19,814 - ERROR - Erro na tentativa 2 para arquivos: 404 Client Error: Not Found for url: https://pncp.gov.br/api/pncp/v1/orgaos/18029371000161/compras/2024/3/arquivos?pagina=1&tamanhoPagina=20
2024-10-16 03:39:19,987 - ERROR - Erro na tentativa 3 para arquivos: 404 Client Error: Not Found for url: https://pncp.gov.br/api/pncp/v1/orgaos/18029371000161/compras/2024/4/arquivos?pagina=1&tamanhoPagina=20
2024-10-16 03:39:20,205 - ERROR - Erro na tentativa 1 para arquivos: 404 Client Error: Not Found for url: https://pncp.gov.br/api/pncp/v1/orgaos/46482865000132/compras/2024/1/arquivos?pagina=1&tamanhoPagina=20
2024-10-16 03:39:20,623 - ERROR - Erro na tentativa 1 para itens: 404 Client Error: Not Found for url: https://pncp.gov.br/api/pncp/v1/orgaos/92963560000160/compras/2024/2/itens?pagina=1&tamanhoPagina=20
2024-10-16 03:39:20,653 - ERROR - Erro na tentativa 3 para itens: 404 Client Error: Not Found for url: https://pncp.gov.br/api/pncp/v1/orgaos/18029371000161/compras/2024/2/itens?pagina=1&tamanhoPagina=20
2024-10-16 03:39:20,677 - ERROR - Erro na tentativa 3 para itens: 404 Client Error: Not Found for url: https://pncp.gov.br/api/pncp/v1/orgaos/20321585000159/compras/2024/3/itens?pagina=1&tamanhoPagina=20
2024-10-16 03:39:21,149 - ERROR - Erro na tentativa 1 para arquivos: 404 Client Error: Not Found for url: https://pncp.gov.br/api/pncp/v1/orgaos/18029371000161/compras/2024/2/arquivos?pagina=1&tamanhoPagina=20
2024-10-16 03:39:21,170 - ERROR - Erro na tentativa 1 para arquivos: 404 Client Error: Not Found for url: https://pncp.gov.br/api/pncp/v1/orgaos/20321585000159/compras/2024/3/arquivos?pagina=1&tamanhoPagina=20
2024-10-16 03:39:21,699 - ERROR - Erro na tentativa 2 para arquivos: 404 Client Error: Not Found for url: https://pncp.gov.br/api/pncp/v1/orgaos/46482865000132/compras/2024/1/arquivos?pagina=1&tamanhoPagina=20
2024-10-16 03:39:22,121 - ERROR - Erro na tentativa 2 para itens: 404 Client Error: Not Found for url: https://pncp.gov.br/api/pncp/v1/orgaos/92963560000160/compras/2024/2/itens?pagina=1&tamanhoPagina=20
2024-10-16 03:39:22,308 - ERROR - Erro na tentativa 3 para arquivos: 404 Client Error: Not Found for url: https://pncp.gov.br/api/pncp/v1/orgaos/18029371000161/compras/2024/3/arquivos?pagina=1&tamanhoPagina=20
2024-10-16 03:39:22,642 - ERROR - Erro na tentativa 2 para arquivos: 404 Client Error: Not Found for url: https://pncp.gov.br/api/pncp/v1/orgaos/18029371000161/compras/2024/2/arquivos?pagina=1&tamanhoPagina=20
2024-10-16 03:39:22,663 - ERROR - Erro na tentativa 2 para arquivos: 404 Client Error: Not Found for url: https://pncp.gov.br/api/pncp/v1/orgaos/20321585000159/compras/2024/3/arquivos?pagina=1&tamanhoPagina=20
2024-10-16 03:39:24,193 - ERROR - Erro na tentativa 3 para arquivos: 404 Client Error: Not Found for url: https://pncp.gov.br/api/pncp/v1/orgaos/46482865000132/compras/2024/1/arquivos?pagina=1&tamanhoPagina=20
2024-10-16 03:39:24,617 - ERROR - Erro na tentativa 3 para itens: 404 Client Error: Not Found for url: https://pncp.gov.br/api/pncp/v1/orgaos/92963560000160/compras/2024/2/itens?pagina=1&tamanhoPagina=20
2024-10-16 03:39:25,109 - ERROR - Erro na tentativa 1 para arquivos: 404 Client Error: Not Found for url: https://pncp.gov.br/api/pncp/v1/orgaos/92963560000160/compras/2024/2/arquivos?pagina=1&tamanhoPagina=20
2024-10-16 03:39:25,139 - ERROR - Erro na tentativa 3 para arquivos: 404 Client Error: Not Found for url: https://pncp.gov.br/api/pncp/v1/orgaos/18029371000161/compras/2024/2/arquivos?pagina=1&tamanhoPagina=20
2024-10-16 03:39:25,160 - ERROR - Erro na tentativa 3 para arquivos: 404 Client Error: Not Found for url: https://pncp.gov.br/api/pncp/v1/orgaos/20321585000159/compras/2024/3/arquivos?pagina=1&tamanhoPagina=20
2024-10-16 03:39:25,746 - ERROR - Erro na tentativa 1 para itens: 404 Client Error: Not Found for url: https://pncp.gov.br/api/pncp/v1/orgaos/76205715000142/compras/2024/40/itens?pagina=1&tamanhoPagina=20
2024-10-16 03:39:26,601 - ERROR - Erro na tentativa 2 para arquivos: 404 Client Error: Not Found for url: https://pncp.gov.br/api/pncp/v1/orgaos/92963560000160/compras/2024/2/arquivos?pagina=1&tamanhoPagina=20
2024-10-16 03:39:27,070 - ERROR - Erro na tentativa 1 para itens: 404 Client Error: Not Found for url: https://pncp.gov.br/api/pncp/v1/orgaos/18029371000161/compras/2024/2/itens?pagina=1&tamanhoPagina=20
2024-10-16 03:39:27,247 - ERROR - Erro na tentativa 2 para itens: 404 Client Error: Not Found for url: https://pncp.gov.br/api/pncp/v1/orgaos/76205715000142/compras/2024/40/itens?pagina=1&tamanhoPagina=20
2024-10-16 03:39:28,566 - ERROR - Erro na tentativa 2 para itens: 404 Client Error: Not Found for url: https://pncp.gov.br/api/pncp/v1/orgaos/18029371000161/compras/2024/2/itens?pagina=1&tamanhoPagina=20
2024-10-16 03:39:28,908 - ERROR - Erro na tentativa 1 para itens: 404 Client Error: Not Found for url: https://pncp.gov.br/api/pncp/v1/orgaos/29138302000102/compras/2024/1/itens?pagina=1&tamanhoPagina=20
2024-10-16 03:39:29,093 - ERROR - Erro na tentativa 3 para arquivos: 404 Client Error: Not Found for url: https://pncp.gov.br/api/pncp/v1/orgaos/92963560000160/compras/2024/2/arquivos?pagina=1&tamanhoPagina=20
2024-10-16 03:39:29,760 - ERROR - Erro na tentativa 3 para itens: 404 Client Error: Not Found for url: https://pncp.gov.br/api/pncp/v1/orgaos/76205715000142/compras/2024/40/itens?pagina=1&tamanhoPagina=20
2024-10-16 03:39:30,252 - ERROR - Erro na tentativa 1 para arquivos: 404 Client Error: Not Found for url: https://pncp.gov.br/api/pncp/v1/orgaos/76205715000142/compras/2024/40/arquivos?pagina=1&tamanhoPagina=20
2024-10-16 03:39:30,402 - ERROR - Erro na tentativa 2 para itens: 404 Client Error: Not Found for url: https://pncp.gov.br/api/pncp/v1/orgaos/29138302000102/compras/2024/1/itens?pagina=1&tamanhoPagina=20
2024-10-16 03:39:31,060 - ERROR - Erro na tentativa 3 para itens: 404 Client Error: Not Found for url: https://pncp.gov.br/api/pncp/v1/orgaos/18029371000161/compras/2024/2/itens?pagina=1&tamanhoPagina=20
2024-10-16 03:39:31,553 - ERROR - Erro na tentativa 1 para arquivos: 404 Client Error: Not Found for url: https://pncp.gov.br/api/pncp/v1/orgaos/18029371000161/compras/2024/2/arquivos?pagina=1&tamanhoPagina=20
2024-10-16 03:39:31,744 - ERROR - Erro na tentativa 2 para arquivos: 404 Client Error: Not Found for url: https://pncp.gov.br/api/pncp/v1/orgaos/76205715000142/compras/2024/40/arquivos?pagina=1&tamanhoPagina=20
2024-10-16 03:39:32,899 - ERROR - Erro na tentativa 3 para itens: 404 Client Error: Not Found for url: https://pncp.gov.br/api/pncp/v1/orgaos/29138302000102/compras/2024/1/itens?pagina=1&tamanhoPagina=20
2024-10-16 03:39:33,050 - ERROR - Erro na tentativa 2 para arquivos: 404 Client Error: Not Found for url: https://pncp.gov.br/api/pncp/v1/orgaos/18029371000161/compras/2024/2/arquivos?pagina=1&tamanhoPagina=20
2024-10-16 03:39:33,395 - ERROR - Erro na tentativa 1 para arquivos: 404 Client Error: Not Found for url: https://pncp.gov.br/api/pncp/v1/orgaos/29138302000102/compras/2024/1/arquivos?pagina=1&tamanhoPagina=20
2024-10-16 03:39:34,243 - ERROR - Erro na tentativa 3 para arquivos: 404 Client Error: Not Found for url: https://pncp.gov.br/api/pncp/v1/orgaos/76205715000142/compras/2024/40/arquivos?pagina=1&tamanhoPagina=20
2024-10-16 03:39:34,891 - ERROR - Erro na tentativa 2 para arquivos: 404 Client Error: Not Found for url: https://pncp.gov.br/api/pncp/v1/orgaos/29138302000102/compras/2024/1/arquivos?pagina=1&tamanhoPagina=20
2024-10-16 03:39:35,550 - ERROR - Erro na tentativa 3 para arquivos: 404 Client Error: Not Found for url: https://pncp.gov.br/api/pncp/v1/orgaos/18029371000161/compras/2024/2/arquivos?pagina=1&tamanhoPagina=20
2024-10-16 03:39:37,390 - ERROR - Erro na tentativa 3 para arquivos: 404 Client Error: Not Found for url: https://pncp.gov.br/api/pncp/v1/orgaos/29138302000102/compras/2024/1/arquivos?pagina=1&tamanhoPagina=20
2024-10-16 03:39:39,834 - ERROR - Erro ao inspecionar conteúdo ZIP da URL https://pncp.gov.br/pncp-api/v1/orgaos/04071106000137/compras/2024/7/arquivos/1/PREGAO N 03-2024.zip: 404 Client Error:  for url: https://pncp.gov.br/pncp-api/v1/orgaos/04071106000137/compras/2024/7/arquivos/1/PREGAO%20N%2003-2024.zip
2024-10-16 03:39:39,835 - ERROR - Erro ao inspecionar conteúdo ZIP da URL https://pncp.gov.br/pncp-api/v1/orgaos/00394452000103/compras/2024/3/arquivos/1/PE_06_2024.zip: 404 Client Error:  for url: https://pncp.gov.br/pncp-api/v1/orgaos/00394452000103/compras/2024/3/arquivos/1/PE_06_2024.zip
2024-10-16 03:39:39,950 - ERROR - Erro ao inspecionar conteúdo ZIP da URL https://pncp.gov.br/pncp-api/v1/orgaos/00394452000103/compras/2024/2/arquivos/1/Edital e anexos - PE 2 2024.zip: 404 Client Error:  for url: https://pncp.gov.br/pncp-api/v1/orgaos/00394452000103/compras/2024/2/arquivos/1/Edital%20e%20anexos%20-%20PE%202%202024.zip
2024-10-16 03:39:39,986 - ERROR - Erro ao inspecionar conteúdo ZIP da URL https://pncp.gov.br/pncp-api/v1/orgaos/00394452000103/compras/2024/4/arquivos/1/PR 022024 PAASSEX.zip: 404 Client Error:  for url: https://pncp.gov.br/pncp-api/v1/orgaos/00394452000103/compras/2024/4/arquivos/1/PR%20022024%20PAASSEX.zip
2024-10-16 03:39:42,274 - ERROR - Erro ao inspecionar conteúdo ZIP da URL https://pncp.gov.br/pncp-api/v1/orgaos/15126437000143/compras/2024/2/arquivos/1/Edital Pregao Eletronico HC UFPE EBSERH 01.2024.zip: 404 Client Error:  for url: https://pncp.gov.br/pncp-api/v1/orgaos/15126437000143/compras/2024/2/arquivos/1/Edital%20Pregao%20Eletronico%20HC%20UFPE%20EBSERH%2001.2024.zip
2024-10-16 03:39:43,909 - ERROR - Erro ao inspecionar conteúdo ZIP da URL https://pncp.gov.br/pncp-api/v1/orgaos/15126437000143/compras/2024/20/arquivos/1/Edital e anexos LE 012024.zip: 404 Client Error:  for url: https://pncp.gov.br/pncp-api/v1/orgaos/15126437000143/compras/2024/20/arquivos/1/Edital%20e%20anexos%20LE%20012024.zip
2024-10-16 03:39:44,699 - ERROR - Erro ao inspecionar conteúdo ZIP da URL https://pncp.gov.br/pncp-api/v1/orgaos/00394429018310/compras/2024/19/arquivos/1/EDITAL E TR.zip: 404 Client Error:  for url: https://pncp.gov.br/pncp-api/v1/orgaos/00394429018310/compras/2024/19/arquivos/1/EDITAL%20E%20TR.zip
2024-10-16 03:39:45,275 - ERROR - Erro ao inspecionar conteúdo ZIP da URL https://pncp.gov.br/pncp-api/v1/orgaos/15126437000143/compras/2024/18/arquivos/1/Edital e anexos.zip: 404 Client Error:  for url: https://pncp.gov.br/pncp-api/v1/orgaos/15126437000143/compras/2024/18/arquivos/1/Edital%20e%20anexos.zip
2024-10-16 03:39:47,046 - ERROR - Erro ao inspecionar conteúdo ZIP da URL https://pncp.gov.br/pncp-api/v1/orgaos/24464109000148/compras/2024/27/arquivos/1/EDITAL PR 11_2024.zip: 404 Client Error:  for url: https://pncp.gov.br/pncp-api/v1/orgaos/24464109000148/compras/2024/27/arquivos/1/EDITAL%20PR%2011_2024.zip
2024-10-16 03:39:47,591 - ERROR - Erro ao inspecionar conteúdo ZIP da URL https://pncp.gov.br/pncp-api/v1/orgaos/15126437000143/compras/2024/15/arquivos/1/SEI_23529.017305_2023_00.zip: 404 Client Error:  for url: https://pncp.gov.br/pncp-api/v1/orgaos/15126437000143/compras/2024/15/arquivos/1/SEI_23529.017305_2023_00.zip
2024-10-16 03:39:47,686 - ERROR - Erro ao inspecionar conteúdo ZIP da URL https://pncp.gov.br/pncp-api/v1/orgaos/15126437000143/compras/2024/14/arquivos/2/90002 2024-Aquisicao de MEDICAMENTOS (acetato de desmopressina, acetato de dexametasona,etc.).zip: 404 Client Error:  for url: https://pncp.gov.br/pncp-api/v1/orgaos/15126437000143/compras/2024/14/arquivos/2/90002%202024-Aquisicao%20de%20MEDICAMENTOS%20(acetato%20de%20desmopressina,%20acetato%20de%20dexametasona,etc.).zip
2024-10-16 03:39:49,929 - ERROR - Erro ao inspecionar conteúdo ZIP da URL https://pncp.gov.br/pncp-api/v1/orgaos/15126437000143/compras/2024/12/arquivos/1/Edital e Anexos.zip: 404 Client Error:  for url: https://pncp.gov.br/pncp-api/v1/orgaos/15126437000143/compras/2024/12/arquivos/1/Edital%20e%20Anexos.zip
2024-10-16 03:39:52,448 - ERROR - Erro ao inspecionar conteúdo ZIP da URL https://pncp.gov.br/pncp-api/v1/orgaos/00394429000100/compras/2024/4/arquivos/1/PUBLICACAO PRG 01GAPRF2024.rar: 404 Client Error:  for url: https://pncp.gov.br/pncp-api/v1/orgaos/00394429000100/compras/2024/4/arquivos/1/PUBLICACAO%20PRG%2001GAPRF2024.rar
2024-10-16 03:39:52,707 - ERROR - Erro ao inspecionar conteúdo ZIP da URL https://pncp.gov.br/pncp-api/v1/orgaos/14814139000183/compras/2024/8/arquivos/1/Fase interna.zip: 404 Client Error:  for url: https://pncp.gov.br/pncp-api/v1/orgaos/14814139000183/compras/2024/8/arquivos/1/Fase%20interna.zip
2024-10-16 03:39:53,116 - ERROR - Erro ao inspecionar conteúdo ZIP da URL https://pncp.gov.br/pncp-api/v1/orgaos/14814139000183/compras/2024/9/arquivos/2/01-013480-2024 EDITAL.zip: 404 Client Error:  for url: https://pncp.gov.br/pncp-api/v1/orgaos/14814139000183/compras/2024/9/arquivos/2/01-013480-2024%20EDITAL.zip
2024-10-16 03:39:53,666 - ERROR - Erro ao inspecionar conteúdo ZIP da URL https://pncp.gov.br/pncp-api/v1/orgaos/14814139000183/compras/2024/7/arquivos/1/Fase interna.zip: 404 Client Error:  for url: https://pncp.gov.br/pncp-api/v1/orgaos/14814139000183/compras/2024/7/arquivos/1/Fase%20interna.zip
2024-10-16 03:39:54,864 - ERROR - Erro ao inspecionar conteúdo ZIP da URL https://pncp.gov.br/pncp-api/v1/orgaos/00394429000100/compras/2024/2/arquivos/1/1 Edital e Anexos.zip: 404 Client Error:  for url: https://pncp.gov.br/pncp-api/v1/orgaos/00394429000100/compras/2024/2/arquivos/1/1%20Edital%20e%20Anexos.zip
2024-10-16 03:39:56,556 - ERROR - Erro ao inspecionar conteúdo ZIP da URL https://pncp.gov.br/pncp-api/v1/orgaos/15126437000143/compras/2024/7/arquivos/1/EDITAL 01.2024.zip: 404 Client Error:  for url: https://pncp.gov.br/pncp-api/v1/orgaos/15126437000143/compras/2024/7/arquivos/1/EDITAL%2001.2024.zip
2024-10-16 03:39:56,609 - INFO - Processo de crawling concluído
