2024-10-16 03:19:31,705 - ERROR - Erro na tentativa 1 para itens: 404 Client Error: Not Found for url: https://pncp.gov.br/api/pncp/v1/orgaos/17888082000155/compras/2022/4/itens?pagina=1&tamanhoPagina=20
2024-10-16 03:19:31,717 - ERROR - Erro na tentativa 1 para itens: 404 Client Error: Not Found for url: https://pncp.gov.br/api/pncp/v1/orgaos/17888082000155/compras/2022/8/itens?pagina=1&tamanhoPagina=20
2024-10-16 03:19:31,718 - ERROR - Erro na tentativa 1 para itens: 404 Client Error: Not Found for url: https://pncp.gov.br/api/pncp/v1/orgaos/17888082000155/compras/2022/7/itens?pagina=1&tamanhoPagina=20
2024-10-16 03:19:31,726 - ERROR - Erro na tentativa 1 para itens: 404 Client Error: Not Found for url: https://pncp.gov.br/api/pncp/v1/orgaos/17888082000155/compras/2022/17/itens?pagina=1&tamanhoPagina=20
2024-10-16 03:19:31,750 - ERROR - Erro na tentativa 1 para itens: 404 Client Error: Not Found for url: https://pncp.gov.br/api/pncp/v1/orgaos/17888082000155/compras/2022/4/itens?pagina=1&tamanhoPagina=20
2024-10-16 03:19:31,763 - ERROR - Erro na tentativa 1 para itens: 404 Client Error: Not Found for url: https://pncp.gov.br/api/pncp/v1/orgaos/17888082000155/compras/2022/4/itens?pagina=1&tamanhoPagina=20
2024-10-16 03:19:31,790 - ERROR - Erro na tentativa 1 para itens: 404 Client Error: Not Found for url: https://pncp.gov.br/api/pncp/v1/orgaos/17888082000155/compras/2022/8/itens?pagina=1&tamanhoPagina=20
2024-10-16 03:19:31,790 - ERROR - Erro na tentativa 1 para itens: 404 Client Error: Not Found for url: https://pncp.gov.br/api/pncp/v1/orgaos/17888082000155/compras/2022/4/itens?pagina=1&tamanhoPagina=20
2024-10-16 03:19:31,808 - ERROR - Erro na tentativa 1 para itens: 404 Client Error: Not Found for url: https://pncp.gov.br/api/pncp/v1/orgaos/17888082000155/compras/2022/17/itens?pagina=1&tamanhoPagina=20
2024-10-16 03:19:31,830 - ERROR - Erro na tentativa 1 para itens: 404 Client Error: Not Found for url: https://pncp.gov.br/api/pncp/v1/orgaos/17888082000155/compras/2022/7/itens?pagina=1&tamanhoPagina=20
2024-10-16 03:19:33,188 - ERROR - Erro na tentativa 2 para itens: 404 Client Error: Not Found for url: https://pncp.gov.br/api/pncp/v1/orgaos/17888082000155/compras/2022/4/itens?pagina=1&tamanhoPagina=20
2024-10-16 03:19:33,201 - ERROR - Erro na tentativa 2 para itens: 404 Client Error: Not Found for url: https://pncp.gov.br/api/pncp/v1/orgaos/17888082000155/compras/2022/7/itens?pagina=1&tamanhoPagina=20
2024-10-16 03:19:33,202 - ERROR - Erro na tentativa 2 para itens: 404 Client Error: Not Found for url: https://pncp.gov.br/api/pncp/v1/orgaos/17888082000155/compras/2022/8/itens?pagina=1&tamanhoPagina=20
2024-10-16 03:19:33,217 - ERROR - Erro na tentativa 2 para itens: 404 Client Error: Not Found for url: https://pncp.gov.br/api/pncp/v1/orgaos/17888082000155/compras/2022/17/itens?pagina=1&tamanhoPagina=20
2024-10-16 03:19:33,238 - ERROR - Erro na tentativa 2 para itens: 404 Client Error: Not Found for url: https://pncp.gov.br/api/pncp/v1/orgaos/17888082000155/compras/2022/4/itens?pagina=1&tamanhoPagina=20
2024-10-16 03:19:33,249 - ERROR - Erro na tentativa 2 para itens: 404 Client Error: Not Found for url: https://pncp.gov.br/api/pncp/v1/orgaos/17888082000155/compras/2022/4/itens?pagina=1&tamanhoPagina=20
2024-10-16 03:19:33,271 - ERROR - Erro na tentativa 2 para itens: 404 Client Error: Not Found for url: https://pncp.gov.br/api/pncp/v1/orgaos/17888082000155/compras/2022/4/itens?pagina=1&tamanhoPagina=20
2024-10-16 03:19:33,280 - ERROR - Erro na tentativa 2 para itens: 404 Client Error: Not Found for url: https://pncp.gov.br/api/pncp/v1/orgaos/17888082000155/compras/2022/8/itens?pagina=1&tamanhoPagina=20
2024-10-16 03:19:33,291 - ERROR - Erro na tentativa 2 para itens: 404 Client Error: Not Found for url: https://pncp.gov.br/api/pncp/v1/orgaos/17888082000155/compras/2022/17/itens?pagina=1&tamanhoPagina=20
2024-10-16 03:19:33,315 - ERROR - Erro na tentativa 2 para itens: 404 Client Error: Not Found for url: https://pncp.gov.br/api/pncp/v1/orgaos/17888082000155/compras/2022/7/itens?pagina=1&tamanhoPagina=20
2024-10-16 03:19:35,674 - ERROR - Erro na tentativa 3 para itens: 404 Client Error: Not Found for url: https://pncp.gov.br/api/pncp/v1/orgaos/17888082000155/compras/2022/4/itens?pagina=1&tamanhoPagina=20
2024-10-16 03:19:35,697 - ERROR - Erro na tentativa 3 para itens: 404 Client Error: Not Found for url: https://pncp.gov.br/api/pncp/v1/orgaos/17888082000155/compras/2022/8/itens?pagina=1&tamanhoPagina=20
2024-10-16 03:19:35,701 - ERROR - Erro na tentativa 3 para itens: 404 Client Error: Not Found for url: https://pncp.gov.br/api/pncp/v1/orgaos/17888082000155/compras/2022/17/itens?pagina=1&tamanhoPagina=20
2024-10-16 03:19:35,709 - ERROR - Erro na tentativa 3 para itens: 404 Client Error: Not Found for url: https://pncp.gov.br/api/pncp/v1/orgaos/17888082000155/compras/2022/7/itens?pagina=1&tamanhoPagina=20
2024-10-16 03:19:35,730 - ERROR - Erro na tentativa 3 para itens: 404 Client Error: Not Found for url: https://pncp.gov.br/api/pncp/v1/orgaos/17888082000155/compras/2022/4/itens?pagina=1&tamanhoPagina=20
2024-10-16 03:19:35,743 - ERROR - Erro na tentativa 3 para itens: 404 Client Error: Not Found for url: https://pncp.gov.br/api/pncp/v1/orgaos/17888082000155/compras/2022/4/itens?pagina=1&tamanhoPagina=20
2024-10-16 03:19:35,753 - ERROR - Erro na tentativa 3 para itens: 404 Client Error: Not Found for url: https://pncp.gov.br/api/pncp/v1/orgaos/17888082000155/compras/2022/4/itens?pagina=1&tamanhoPagina=20
2024-10-16 03:19:35,768 - ERROR - Erro na tentativa 3 para itens: 404 Client Error: Not Found for url: https://pncp.gov.br/api/pncp/v1/orgaos/17888082000155/compras/2022/8/itens?pagina=1&tamanhoPagina=20
2024-10-16 03:19:35,774 - ERROR - Erro na tentativa 3 para itens: 404 Client Error: Not Found for url: https://pncp.gov.br/api/pncp/v1/orgaos/17888082000155/compras/2022/17/itens?pagina=1&tamanhoPagina=20
2024-10-16 03:19:35,801 - ERROR - Erro na tentativa 3 para itens: 404 Client Error: Not Found for url: https://pncp.gov.br/api/pncp/v1/orgaos/17888082000155/compras/2022/7/itens?pagina=1&tamanhoPagina=20
2024-10-16 03:19:36,164 - ERROR - Erro na tentativa 1 para arquivos: 404 Client Error: Not Found for url: https://pncp.gov.br/api/pncp/v1/orgaos/17888082000155/compras/2022/4/arquivos?pagina=1&tamanhoPagina=20
2024-10-16 03:19:36,181 - ERROR - Erro na tentativa 1 para arquivos: 404 Client Error: Not Found for url: https://pncp.gov.br/api/pncp/v1/orgaos/17888082000155/compras/2022/8/arquivos?pagina=1&tamanhoPagina=20
2024-10-16 03:19:36,190 - ERROR - Erro na tentativa 1 para arquivos: 404 Client Error: Not Found for url: https://pncp.gov.br/api/pncp/v1/orgaos/17888082000155/compras/2022/17/arquivos?pagina=1&tamanhoPagina=20
2024-10-16 03:19:36,191 - ERROR - Erro na tentativa 1 para arquivos: 404 Client Error: Not Found for url: https://pncp.gov.br/api/pncp/v1/orgaos/17888082000155/compras/2022/7/arquivos?pagina=1&tamanhoPagina=20
2024-10-16 03:19:36,215 - ERROR - Erro na tentativa 1 para arquivos: 404 Client Error: Not Found for url: https://pncp.gov.br/api/pncp/v1/orgaos/17888082000155/compras/2022/4/arquivos?pagina=1&tamanhoPagina=20
2024-10-16 03:19:36,223 - ERROR - Erro na tentativa 1 para arquivos: 404 Client Error: Not Found for url: https://pncp.gov.br/api/pncp/v1/orgaos/17888082000155/compras/2022/4/arquivos?pagina=1&tamanhoPagina=20
2024-10-16 03:19:36,238 - ERROR - Erro na tentativa 1 para arquivos: 404 Client Error: Not Found for url: https://pncp.gov.br/api/pncp/v1/orgaos/17888082000155/compras/2022/4/arquivos?pagina=1&tamanhoPagina=20
2024-10-16 03:19:36,252 - ERROR - Erro na tentativa 1 para arquivos: 404 Client Error: Not Found for url: https://pncp.gov.br/api/pncp/v1/orgaos/17888082000155/compras/2022/8/arquivos?pagina=1&tamanhoPagina=20
2024-10-16 03:19:36,264 - ERROR - Erro na tentativa 1 para arquivos: 404 Client Error: Not Found for url: https://pncp.gov.br/api/pncp/v1/orgaos/17888082000155/compras/2022/17/arquivos?pagina=1&tamanhoPagina=20
2024-10-16 03:19:36,291 - ERROR - Erro na tentativa 1 para arquivos: 404 Client Error: Not Found for url: https://pncp.gov.br/api/pncp/v1/orgaos/17888082000155/compras/2022/7/arquivos?pagina=1&tamanhoPagina=20
2024-10-16 03:19:37,648 - ERROR - Erro na tentativa 2 para arquivos: 404 Client Error: Not Found for url: https://pncp.gov.br/api/pncp/v1/orgaos/17888082000155/compras/2022/4/arquivos?pagina=1&tamanhoPagina=20
2024-10-16 03:19:37,668 - ERROR - Erro na tentativa 2 para arquivos: 404 Client Error: Not Found for url: https://pncp.gov.br/api/pncp/v1/orgaos/17888082000155/compras/2022/8/arquivos?pagina=1&tamanhoPagina=20
2024-10-16 03:19:37,681 - ERROR - Erro na tentativa 2 para arquivos: 404 Client Error: Not Found for url: https://pncp.gov.br/api/pncp/v1/orgaos/17888082000155/compras/2022/7/arquivos?pagina=1&tamanhoPagina=20
2024-10-16 03:19:37,683 - ERROR - Erro na tentativa 2 para arquivos: 404 Client Error: Not Found for url: https://pncp.gov.br/api/pncp/v1/orgaos/17888082000155/compras/2022/17/arquivos?pagina=1&tamanhoPagina=20
2024-10-16 03:19:37,704 - ERROR - Erro na tentativa 2 para arquivos: 404 Client Error: Not Found for url: https://pncp.gov.br/api/pncp/v1/orgaos/17888082000155/compras/2022/4/arquivos?pagina=1&tamanhoPagina=20
2024-10-16 03:19:37,706 - ERROR - Erro na tentativa 2 para arquivos: 404 Client Error: Not Found for url: https://pncp.gov.br/api/pncp/v1/orgaos/17888082000155/compras/2022/4/arquivos?pagina=1&tamanhoPagina=20
2024-10-16 03:19:37,725 - ERROR - Erro na tentativa 2 para arquivos: 404 Client Error: Not Found for url: https://pncp.gov.br/api/pncp/v1/orgaos/17888082000155/compras/2022/4/arquivos?pagina=1&tamanhoPagina=20
2024-10-16 03:19:37,736 - ERROR - Erro na tentativa 2 para arquivos: 404 Client Error: Not Found for url: https://pncp.gov.br/api/pncp/v1/orgaos/17888082000155/compras/2022/8/arquivos?pagina=1&tamanhoPagina=20
2024-10-16 03:19:37,750 - ERROR - Erro na tentativa 2 para arquivos: 404 Client Error: Not Found for url: https://pncp.gov.br/api/pncp/v1/orgaos/17888082000155/compras/2022/17/arquivos?pagina=1&tamanhoPagina=20
2024-10-16 03:19:37,778 - ERROR - Erro na tentativa 2 para arquivos: 404 Client Error: Not Found for url: https://pncp.gov.br/api/pncp/v1/orgaos/17888082000155/compras/2022/7/arquivos?pagina=1&tamanhoPagina=20
2024-10-16 03:19:40,134 - ERROR - Erro na tentativa 3 para arquivos: 404 Client Error: Not Found for url: https://pncp.gov.br/api/pncp/v1/orgaos/17888082000155/compras/2022/4/arquivos?pagina=1&tamanhoPagina=20
2024-10-16 03:19:40,152 - ERROR - Erro na tentativa 3 para arquivos: 404 Client Error: Not Found for url: https://pncp.gov.br/api/pncp/v1/orgaos/17888082000155/compras/2022/8/arquivos?pagina=1&tamanhoPagina=20
2024-10-16 03:19:40,168 - ERROR - Erro na tentativa 3 para arquivos: 404 Client Error: Not Found for url: https://pncp.gov.br/api/pncp/v1/orgaos/17888082000155/compras/2022/7/arquivos?pagina=1&tamanhoPagina=20
2024-10-16 03:19:40,179 - ERROR - Erro na tentativa 3 para arquivos: 404 Client Error: Not Found for url: https://pncp.gov.br/api/pncp/v1/orgaos/17888082000155/compras/2022/17/arquivos?pagina=1&tamanhoPagina=20
2024-10-16 03:19:40,196 - ERROR - Erro na tentativa 3 para arquivos: 404 Client Error: Not Found for url: https://pncp.gov.br/api/pncp/v1/orgaos/17888082000155/compras/2022/4/arquivos?pagina=1&tamanhoPagina=20
2024-10-16 03:19:40,215 - ERROR - Erro na tentativa 3 para arquivos: 404 Client Error: Not Found for url: https://pncp.gov.br/api/pncp/v1/orgaos/17888082000155/compras/2022/4/arquivos?pagina=1&tamanhoPagina=20
2024-10-16 03:19:40,225 - ERROR - Erro na tentativa 3 para arquivos: 404 Client Error: Not Found for url: https://pncp.gov.br/api/pncp/v1/orgaos/17888082000155/compras/2022/8/arquivos?pagina=1&tamanhoPagina=20
2024-10-16 03:19:40,237 - ERROR - Erro na tentativa 3 para arquivos: 404 Client Error: Not Found for url: https://pncp.gov.br/api/pncp/v1/orgaos/17888082000155/compras/2022/17/arquivos?pagina=1&tamanhoPagina=20
2024-10-16 03:19:40,270 - ERROR - Erro na tentativa 3 para arquivos: 404 Client Error: Not Found for url: https://pncp.gov.br/api/pncp/v1/orgaos/17888082000155/compras/2022/7/arquivos?pagina=1&tamanhoPagina=20
2024-10-16 03:19:40,300 - ERROR - Erro na tentativa 3 para arquivos: 404 Client Error: Not Found for url: https://pncp.gov.br/api/pncp/v1/orgaos/17888082000155/compras/2022/4/arquivos?pagina=1&tamanhoPagina=20
2024-10-16 03:19:40,665 - ERROR - Erro na tentativa 1 para itens: 404 Client Error: Not Found for url: https://pncp.gov.br/api/pncp/v1/orgaos/17888082000155/compras/2022/30/itens?pagina=1&tamanhoPagina=20
2024-10-16 03:19:40,677 - ERROR - Erro na tentativa 1 para itens: 404 Client Error: Not Found for url: https://pncp.gov.br/api/pncp/v1/orgaos/17888082000155/compras/2022/4/itens?pagina=1&tamanhoPagina=20
2024-10-16 03:19:40,699 - ERROR - Erro na tentativa 1 para itens: 404 Client Error: Not Found for url: https://pncp.gov.br/api/pncp/v1/orgaos/17888082000155/compras/2022/7/itens?pagina=1&tamanhoPagina=20
2024-10-16 03:19:40,701 - ERROR - Erro na tentativa 1 para itens: 404 Client Error: Not Found for url: https://pncp.gov.br/api/pncp/v1/orgaos/17888082000155/compras/2022/8/itens?pagina=1&tamanhoPagina=20
2024-10-16 03:19:40,753 - ERROR - Erro na tentativa 1 para itens: 404 Client Error: Not Found for url: https://pncp.gov.br/api/pncp/v1/orgaos/17888082000155/compras/2022/17/itens?pagina=1&tamanhoPagina=20
2024-10-16 03:19:42,152 - ERROR - Erro na tentativa 2 para itens: 404 Client Error: Not Found for url: https://pncp.gov.br/api/pncp/v1/orgaos/17888082000155/compras/2022/30/itens?pagina=1&tamanhoPagina=20
2024-10-16 03:19:42,169 - ERROR - Erro na tentativa 2 para itens: 404 Client Error: Not Found for url: https://pncp.gov.br/api/pncp/v1/orgaos/17888082000155/compras/2022/4/itens?pagina=1&tamanhoPagina=20
2024-10-16 03:19:42,181 - ERROR - Erro na tentativa 2 para itens: 404 Client Error: Not Found for url: https://pncp.gov.br/api/pncp/v1/orgaos/17888082000155/compras/2022/7/itens?pagina=1&tamanhoPagina=20
2024-10-16 03:19:42,183 - ERROR - Erro na tentativa 2 para itens: 404 Client Error: Not Found for url: https://pncp.gov.br/api/pncp/v1/orgaos/17888082000155/compras/2022/8/itens?pagina=1&tamanhoPagina=20
2024-10-16 03:19:42,242 - ERROR - Erro na tentativa 2 para itens: 404 Client Error: Not Found for url: https://pncp.gov.br/api/pncp/v1/orgaos/17888082000155/compras/2022/17/itens?pagina=1&tamanhoPagina=20
2024-10-16 03:19:44,637 - ERROR - Erro na tentativa 3 para itens: 404 Client Error: Not Found for url: https://pncp.gov.br/api/pncp/v1/orgaos/17888082000155/compras/2022/30/itens?pagina=1&tamanhoPagina=20
2024-10-16 03:19:44,655 - ERROR - Erro na tentativa 3 para itens: 404 Client Error: Not Found for url: https://pncp.gov.br/api/pncp/v1/orgaos/17888082000155/compras/2022/4/itens?pagina=1&tamanhoPagina=20
2024-10-16 03:19:44,668 - ERROR - Erro na tentativa 3 para itens: 404 Client Error: Not Found for url: https://pncp.gov.br/api/pncp/v1/orgaos/17888082000155/compras/2022/7/itens?pagina=1&tamanhoPagina=20
2024-10-16 03:19:44,670 - ERROR - Erro na tentativa 3 para itens: 404 Client Error: Not Found for url: https://pncp.gov.br/api/pncp/v1/orgaos/17888082000155/compras/2022/8/itens?pagina=1&tamanhoPagina=20
2024-10-16 03:19:44,735 - ERROR - Erro na tentativa 3 para itens: 404 Client Error: Not Found for url: https://pncp.gov.br/api/pncp/v1/orgaos/17888082000155/compras/2022/17/itens?pagina=1&tamanhoPagina=20
2024-10-16 03:19:45,122 - ERROR - Erro na tentativa 1 para arquivos: 404 Client Error: Not Found for url: https://pncp.gov.br/api/pncp/v1/orgaos/17888082000155/compras/2022/30/arquivos?pagina=1&tamanhoPagina=20
2024-10-16 03:19:45,142 - ERROR - Erro na tentativa 1 para arquivos: 404 Client Error: Not Found for url: https://pncp.gov.br/api/pncp/v1/orgaos/17888082000155/compras/2022/4/arquivos?pagina=1&tamanhoPagina=20
2024-10-16 03:19:45,152 - ERROR - Erro na tentativa 1 para arquivos: 404 Client Error: Not Found for url: https://pncp.gov.br/api/pncp/v1/orgaos/17888082000155/compras/2022/7/arquivos?pagina=1&tamanhoPagina=20
2024-10-16 03:19:45,154 - ERROR - Erro na tentativa 1 para arquivos: 404 Client Error: Not Found for url: https://pncp.gov.br/api/pncp/v1/orgaos/17888082000155/compras/2022/8/arquivos?pagina=1&tamanhoPagina=20
2024-10-16 03:19:45,224 - ERROR - Erro na tentativa 1 para arquivos: 404 Client Error: Not Found for url: https://pncp.gov.br/api/pncp/v1/orgaos/17888082000155/compras/2022/17/arquivos?pagina=1&tamanhoPagina=20
2024-10-16 03:19:46,607 - ERROR - Erro na tentativa 2 para arquivos: 404 Client Error: Not Found for url: https://pncp.gov.br/api/pncp/v1/orgaos/17888082000155/compras/2022/30/arquivos?pagina=1&tamanhoPagina=20
2024-10-16 03:19:46,629 - ERROR - Erro na tentativa 2 para arquivos: 404 Client Error: Not Found for url: https://pncp.gov.br/api/pncp/v1/orgaos/17888082000155/compras/2022/4/arquivos?pagina=1&tamanhoPagina=20
2024-10-16 03:19:46,638 - ERROR - Erro na tentativa 2 para arquivos: 404 Client Error: Not Found for url: https://pncp.gov.br/api/pncp/v1/orgaos/17888082000155/compras/2022/8/arquivos?pagina=1&tamanhoPagina=20
2024-10-16 03:19:46,642 - ERROR - Erro na tentativa 2 para arquivos: 404 Client Error: Not Found for url: https://pncp.gov.br/api/pncp/v1/orgaos/17888082000155/compras/2022/7/arquivos?pagina=1&tamanhoPagina=20
2024-10-16 03:19:46,715 - ERROR - Erro na tentativa 2 para arquivos: 404 Client Error: Not Found for url: https://pncp.gov.br/api/pncp/v1/orgaos/17888082000155/compras/2022/17/arquivos?pagina=1&tamanhoPagina=20
2024-10-16 03:19:49,091 - ERROR - Erro na tentativa 3 para arquivos: 404 Client Error: Not Found for url: https://pncp.gov.br/api/pncp/v1/orgaos/17888082000155/compras/2022/30/arquivos?pagina=1&tamanhoPagina=20
2024-10-16 03:19:49,121 - ERROR - Erro na tentativa 3 para arquivos: 404 Client Error: Not Found for url: https://pncp.gov.br/api/pncp/v1/orgaos/17888082000155/compras/2022/8/arquivos?pagina=1&tamanhoPagina=20
2024-10-16 03:19:49,121 - ERROR - Erro na tentativa 3 para arquivos: 404 Client Error: Not Found for url: https://pncp.gov.br/api/pncp/v1/orgaos/17888082000155/compras/2022/4/arquivos?pagina=1&tamanhoPagina=20
2024-10-16 03:19:49,126 - ERROR - Erro na tentativa 3 para arquivos: 404 Client Error: Not Found for url: https://pncp.gov.br/api/pncp/v1/orgaos/17888082000155/compras/2022/7/arquivos?pagina=1&tamanhoPagina=20
2024-10-16 03:19:49,206 - ERROR - Erro na tentativa 3 para arquivos: 404 Client Error: Not Found for url: https://pncp.gov.br/api/pncp/v1/orgaos/17888082000155/compras/2022/17/arquivos?pagina=1&tamanhoPagina=20
2024-10-16 03:19:52,115 - ERROR - Erro ao inspecionar conteúdo ZIP da URL https://pncp.gov.br/pncp-api/v1/orgaos/00394452000103/compras/2024/7/arquivos/1/PE-SRP-012024 - LOCACAO VTR.rar: 404 Client Error:  for url: https://pncp.gov.br/pncp-api/v1/orgaos/00394452000103/compras/2024/7/arquivos/1/PE-SRP-012024%20-%20LOCACAO%20VTR.rar
2024-10-16 03:19:52,577 - ERROR - Erro ao inspecionar conteúdo ZIP da URL https://pncp.gov.br/pncp-api/v1/orgaos/00394429000100/compras/2024/1/arquivos/1/Edital e Anexos.zip: 404 Client Error:  for url: https://pncp.gov.br/pncp-api/v1/orgaos/00394429000100/compras/2024/1/arquivos/1/Edital%20e%20Anexos.zip
2024-10-16 03:19:52,704 - ERROR - Erro ao inspecionar conteúdo ZIP da URL https://pncp.gov.br/pncp-api/v1/orgaos/00394452000103/compras/2024/1/arquivos/1/00 Edital e anexos.zip: 404 Client Error:  for url: https://pncp.gov.br/pncp-api/v1/orgaos/00394452000103/compras/2024/1/arquivos/1/00%20Edital%20e%20anexos.zip
2024-10-16 03:19:52,706 - INFO - Processo de crawling concluído
