2024-10-16 12:11:55,127 - INFO - Iniciando o crawler com ordenação: mais_recentes e modo: ata_de_registro_de_precos
2024-10-16 12:11:55,127 - INFO - Processo iniciado pelo usuário.
2024-10-16 12:11:55,127 - INFO - Carregando IDs existentes em memória.
2024-10-16 12:11:55,192 - INFO - Carregados 10103 IDs existentes de pncp_data_ata_de_registro_de_precos.csv.
2024-10-16 12:11:55,346 - INFO - Carregados 8333 IDs existentes de pncp_itens_ata_de_registro_de_precos.csv.
2024-10-16 12:11:55,384 - INFO - Carregados 8415 IDs existentes de pncp_arquivos_ata_de_registro_de_precos.csv.
2024-10-16 12:11:55,384 - INFO - Total de IDs carregados para dados principais: 10103
2024-10-16 12:11:55,384 - INFO - Total de IDs carregados para itens: 8333
2024-10-16 12:11:55,384 - INFO - Total de IDs carregados para arquivos: 8415
2024-10-16 12:11:55,384 - INFO - Buscando dados da página 1.
2024-10-16 12:11:56,649 - INFO - 20 registros adicionados ao arquivo pncp_data_ata_de_registro_de_precos.csv.
2024-10-16 12:11:56,649 - INFO - Salvos 20 novos itens da página 1.
2024-10-16 12:11:56,649 - INFO - Progresso: 20 itens processados, 20 novos, 0 duplicados.
2024-10-16 12:11:57,649 - INFO - Iniciando coleta de dados adicionais (itens e arquivos).
2024-10-16 12:11:57,747 - INFO - Total de registros para coleta adicional: 10256
2024-10-16 12:11:57,753 - INFO - Total de novos itens a serem buscados: 1930
2024-10-16 12:11:57,753 - INFO - Total de novos arquivos a serem buscados: 1949
2024-10-16 12:11:57,753 - INFO - Iniciando processamento paralelo dos dados adicionais.
2024-10-16 12:11:57,754 - INFO - Iniciando download de dados adicionais para PNCP 83102277000152-1-000220/2024-000001.
2024-10-16 12:11:57,754 - INFO - Itens já existentes para PNCP 83102277000152-1-000220/2024-000001.
2024-10-16 12:11:57,754 - INFO - Arquivos já existentes para PNCP 83102277000152-1-000220/2024-000001.
2024-10-16 12:11:57,755 - INFO - Iniciando download de dados adicionais para PNCP 10839508000131-1-000036/2024-000017.
2024-10-16 12:11:57,755 - INFO - Itens já existentes para PNCP 10839508000131-1-000036/2024-000017.
2024-10-16 12:11:57,755 - INFO - Arquivos já existentes para PNCP 10839508000131-1-000036/2024-000017.
2024-10-16 12:11:57,755 - INFO - Iniciando download de dados adicionais para PNCP 46523239000147-1-000052/2024-000005.
2024-10-16 12:11:57,755 - INFO - Itens já existentes para PNCP 46523239000147-1-000052/2024-000005.
2024-10-16 12:11:57,755 - INFO - Arquivos já existentes para PNCP 46523239000147-1-000052/2024-000005.
2024-10-16 12:11:57,756 - INFO - Iniciando download de dados adicionais para PNCP 10724903000179-1-000094/2024-000014.
2024-10-16 12:11:57,757 - INFO - Iniciando download de dados adicionais para PNCP 10724903000179-1-000094/2024-000013.
2024-10-16 12:11:57,757 - INFO - Itens já existentes para PNCP 10724903000179-1-000094/2024-000014.
2024-10-16 12:11:57,757 - INFO - Iniciando download de dados adicionais para PNCP 00394452000103-1-015972/2024-000007.
2024-10-16 12:11:57,757 - INFO - Iniciando download de dados adicionais para PNCP 82892316000108-1-000526/2024-000004.
2024-10-16 12:11:57,757 - INFO - Arquivos já existentes para PNCP 10724903000179-1-000094/2024-000014.
2024-10-16 12:11:57,758 - INFO - Iniciando download de dados adicionais para PNCP 00394429000100-1-000856/2024-000001.
2024-10-16 12:11:57,758 - INFO - Iniciando download de dados adicionais para PNCP 10724903000179-1-000094/2024-000012.
2024-10-16 12:11:57,758 - INFO - Itens já existentes para PNCP 00394429000100-1-000856/2024-000001.
2024-10-16 12:11:57,758 - INFO - Itens já existentes para PNCP 00394452000103-1-015972/2024-000007.
2024-10-16 12:11:57,758 - INFO - Itens já existentes para PNCP 10724903000179-1-000094/2024-000012.
2024-10-16 12:11:57,759 - INFO - Arquivos já existentes para PNCP 10724903000179-1-000094/2024-000012.
2024-10-16 12:11:57,758 - INFO - Itens já existentes para PNCP 10724903000179-1-000094/2024-000013.
2024-10-16 12:11:57,759 - INFO - Arquivos já existentes para PNCP 10724903000179-1-000094/2024-000013.
2024-10-16 12:11:57,759 - INFO - Iniciando download de dados adicionais para PNCP 23802507000164-1-000025/2024-000001.
2024-10-16 12:11:57,759 - INFO - Itens já existentes para PNCP 23802507000164-1-000025/2024-000001.
2024-10-16 12:11:57,759 - INFO - Arquivos já existentes para PNCP 23802507000164-1-000025/2024-000001.
2024-10-16 12:11:57,759 - INFO - Arquivos já existentes para PNCP 00394429000100-1-000856/2024-000001.
2024-10-16 12:11:57,758 - INFO - Itens já existentes para PNCP 82892316000108-1-000526/2024-000004.
2024-10-16 12:11:57,760 - INFO - Arquivos já existentes para PNCP 82892316000108-1-000526/2024-000004.
2024-10-16 12:11:57,760 - INFO - Iniciando download de dados adicionais para PNCP 00394452000103-1-018235/2024-000001.
2024-10-16 12:11:57,760 - INFO - Itens já existentes para PNCP 00394452000103-1-018235/2024-000001.
2024-10-16 12:11:57,758 - INFO - Iniciando download de dados adicionais para PNCP 82939380000199-1-000189/2024-000007.
2024-10-16 12:11:57,760 - INFO - Iniciando download de dados adicionais para PNCP 04071106000137-1-000011/2024-000007.
2024-10-16 12:11:57,760 - INFO - Arquivos já existentes para PNCP 00394452000103-1-018235/2024-000001.
2024-10-16 12:11:57,760 - INFO - Arquivos já existentes para PNCP 00394452000103-1-015972/2024-000007.
2024-10-16 12:11:57,761 - INFO - Itens já existentes para PNCP 82939380000199-1-000189/2024-000007.
2024-10-16 12:11:57,761 - INFO - Iniciando download de dados adicionais para PNCP 00394452000103-1-017242/2024-000004.
2024-10-16 12:11:57,766 - INFO - Iniciando download de dados adicionais para PNCP 00394452000103-1-017242/2024-000003.
2024-10-16 12:11:57,795 - INFO - Iniciando download de dados adicionais para PNCP 13393178000191-1-000036/2024-000001.
2024-10-16 12:11:57,838 - INFO - Iniciando download de dados adicionais para PNCP 00394452000103-1-008272/2024-000028.
2024-10-16 12:11:57,816 - INFO - Itens já existentes para PNCP 04071106000137-1-000011/2024-000007.
2024-10-16 12:11:57,838 - INFO - Iniciando download de dados adicionais para PNCP 82939380000199-1-000189/2024-000006.
2024-10-16 12:11:57,827 - INFO - Iniciando download de dados adicionais para PNCP 00394452000103-1-017242/2024-000002.
2024-10-16 12:11:57,801 - INFO - Iniciando download de dados adicionais para PNCP 18029371000161-1-000095/2024-000006.
2024-10-16 12:11:57,838 - INFO - Itens já existentes para PNCP 00394452000103-1-017242/2024-000004.
2024-10-16 12:11:57,838 - INFO - Arquivos já existentes para PNCP 82939380000199-1-000189/2024-000007.
2024-10-16 12:11:57,832 - INFO - Iniciando download de dados adicionais para PNCP 00394452000103-1-017242/2024-000001.
2024-10-16 12:11:57,839 - INFO - Itens já existentes para PNCP 82939380000199-1-000189/2024-000006.
2024-10-16 12:11:57,839 - INFO - Itens já existentes para PNCP 13393178000191-1-000036/2024-000001.
2024-10-16 12:11:57,839 - INFO - Arquivos já existentes para PNCP 04071106000137-1-000011/2024-000007.
2024-10-16 12:11:57,839 - INFO - Itens já existentes para PNCP 00394452000103-1-008272/2024-000028.
2024-10-16 12:11:57,839 - INFO - Arquivos já existentes para PNCP 00394452000103-1-008272/2024-000028.
2024-10-16 12:11:57,839 - INFO - Itens já existentes para PNCP 18029371000161-1-000095/2024-000006.
2024-10-16 12:11:57,840 - INFO - Iniciando download de dados adicionais para PNCP 00394452000103-1-008272/2024-000027.
2024-10-16 12:11:57,840 - INFO - Itens já existentes para PNCP 00394452000103-1-017242/2024-000002.
2024-10-16 12:11:57,840 - INFO - Iniciando download de dados adicionais para PNCP 00394452000103-1-008272/2024-000026.
2024-10-16 12:11:57,840 - INFO - Itens já existentes para PNCP 00394452000103-1-017242/2024-000003.
2024-10-16 12:11:57,845 - INFO - Arquivos já existentes para PNCP 18029371000161-1-000095/2024-000006.
2024-10-16 12:11:57,845 - INFO - Arquivos já existentes para PNCP 00394452000103-1-017242/2024-000004.
2024-10-16 12:11:57,851 - INFO - Itens já existentes para PNCP 00394452000103-1-017242/2024-000001.
2024-10-16 12:11:57,851 - INFO - Arquivos já existentes para PNCP 82939380000199-1-000189/2024-000006.
2024-10-16 12:11:57,851 - INFO - Itens já existentes para PNCP 00394452000103-1-008272/2024-000027.
2024-10-16 12:11:57,851 - INFO - Iniciando download de dados adicionais para PNCP 00394452000103-1-008272/2024-000025.
2024-10-16 12:11:57,862 - INFO - Arquivos já existentes para PNCP 13393178000191-1-000036/2024-000001.
2024-10-16 12:11:57,882 - INFO - Arquivos já existentes para PNCP 00394452000103-1-017242/2024-000002.
2024-10-16 12:11:57,893 - INFO - Itens já existentes para PNCP 00394452000103-1-008272/2024-000026.
2024-10-16 12:11:57,893 - INFO - Iniciando download de dados adicionais para PNCP 00394452000103-1-008272/2024-000023.
2024-10-16 12:11:57,898 - INFO - Arquivos já existentes para PNCP 00394452000103-1-008272/2024-000027.
2024-10-16 12:11:57,952 - INFO - Arquivos já existentes para PNCP 00394452000103-1-017242/2024-000001.
2024-10-16 12:11:57,941 - INFO - Arquivos já existentes para PNCP 00394452000103-1-017242/2024-000003.
2024-10-16 12:11:57,952 - INFO - Iniciando download de dados adicionais para PNCP 00394452000103-1-016493/2024-000001.
2024-10-16 12:11:57,953 - INFO - Iniciando download de dados adicionais para PNCP 18659334000137-1-000443/2024-000001.
2024-10-16 12:11:57,953 - INFO - Buscando itens para PNCP 18659334000137-1-000443/2024-000001.
2024-10-16 12:11:57,961 - INFO - Iniciando download de dados adicionais para PNCP 00394452000103-1-008272/2024-000024.
2024-10-16 12:11:57,962 - INFO - Iniciando download de dados adicionais para PNCP 00394452000103-1-015601/2024-000018.
2024-10-16 12:11:57,967 - INFO - Iniciando download de dados adicionais para PNCP 00394452000103-1-016581/2024-000022.
2024-10-16 12:11:57,977 - INFO - Iniciando download de dados adicionais para PNCP 18659334000137-1-000448/2024-000009.
2024-10-16 12:11:57,977 - INFO - Itens já existentes para PNCP 18659334000137-1-000448/2024-000009.
2024-10-16 12:11:57,978 - INFO - Arquivos já existentes para PNCP 18659334000137-1-000448/2024-000009.
2024-10-16 12:11:57,978 - INFO - Itens já existentes para PNCP 00394452000103-1-008272/2024-000023.
2024-10-16 12:11:57,978 - INFO - Itens já existentes para PNCP 00394452000103-1-008272/2024-000025.
2024-10-16 12:11:57,978 - INFO - Itens já existentes para PNCP 00394452000103-1-016493/2024-000001.
2024-10-16 12:11:57,978 - INFO - Iniciando download de dados adicionais para PNCP 18029371000161-1-000095/2024-000004.
2024-10-16 12:11:57,978 - INFO - Arquivos já existentes para PNCP 00394452000103-1-008272/2024-000023.
2024-10-16 12:11:57,978 - INFO - Arquivos já existentes para PNCP 00394452000103-1-016493/2024-000001.
2024-10-16 12:11:57,978 - INFO - Arquivos já existentes para PNCP 00394452000103-1-008272/2024-000025.
2024-10-16 12:11:57,979 - INFO - Itens já existentes para PNCP 00394452000103-1-015601/2024-000018.
2024-10-16 12:11:57,979 - INFO - Itens já existentes para PNCP 00394452000103-1-008272/2024-000024.
2024-10-16 12:11:57,979 - INFO - Arquivos já existentes para PNCP 00394452000103-1-008272/2024-000026.
2024-10-16 12:11:57,979 - INFO - Buscando itens para PNCP 18029371000161-1-000095/2024-000004.
2024-10-16 12:11:57,981 - INFO - Itens já existentes para PNCP 00394452000103-1-016581/2024-000022.
2024-10-16 12:11:57,981 - INFO - Arquivos já existentes para PNCP 00394452000103-1-016581/2024-000022.
2024-10-16 12:11:57,979 - INFO - Iniciando download de dados adicionais para PNCP 00394452000103-1-017754/2024-000001.
2024-10-16 12:11:57,980 - INFO - Arquivos já existentes para PNCP 00394452000103-1-015601/2024-000018.
2024-10-16 12:11:57,980 - INFO - Iniciando download de dados adicionais para PNCP 82911249000113-1-000182/2024-000001.
2024-10-16 12:11:57,980 - INFO - Iniciando download de dados adicionais para PNCP 78956513000168-1-000053/2024-000034.
2024-10-16 12:11:57,981 - INFO - Iniciando download de dados adicionais para PNCP 18029371000161-1-000095/2024-000005.
2024-10-16 12:11:57,979 - INFO - Arquivos já existentes para PNCP 00394452000103-1-008272/2024-000024.
2024-10-16 12:11:57,982 - INFO - Itens já existentes para PNCP 82911249000113-1-000182/2024-000001.
2024-10-16 12:11:57,982 - INFO - Itens já existentes para PNCP 00394452000103-1-017754/2024-000001.
2024-10-16 12:11:57,982 - INFO - Iniciando download de dados adicionais para PNCP 46363933000144-1-000186/2024-000006.
2024-10-16 12:11:57,979 - INFO - Iniciando download de dados adicionais para PNCP 15126437000143-1-002559/2024-000003.
2024-10-16 12:11:57,982 - INFO - Iniciando download de dados adicionais para PNCP 78956513000168-1-000053/2024-000033.
2024-10-16 12:11:57,982 - INFO - Itens já existentes para PNCP 78956513000168-1-000053/2024-000034.
2024-10-16 12:11:57,982 - INFO - Iniciando download de dados adicionais para PNCP 15126437000143-1-002559/2024-000002.
2024-10-16 12:11:57,982 - INFO - Buscando itens para PNCP 18029371000161-1-000095/2024-000005.
2024-10-16 12:11:57,984 - INFO - Arquivos já existentes para PNCP 82911249000113-1-000182/2024-000001.
2024-10-16 12:11:57,984 - INFO - Arquivos já existentes para PNCP 00394452000103-1-017754/2024-000001.
2024-10-16 12:11:57,984 - INFO - Itens já existentes para PNCP 15126437000143-1-002559/2024-000003.
2024-10-16 12:11:57,984 - INFO - Itens já existentes para PNCP 78956513000168-1-000053/2024-000033.
2024-10-16 12:11:57,984 - INFO - Itens já existentes para PNCP 46363933000144-1-000186/2024-000006.
2024-10-16 12:11:57,984 - INFO - Itens já existentes para PNCP 15126437000143-1-002559/2024-000002.
2024-10-16 12:11:57,984 - INFO - Arquivos já existentes para PNCP 78956513000168-1-000053/2024-000034.
2024-10-16 12:11:57,985 - INFO - Iniciando download de dados adicionais para PNCP 46363933000144-1-000186/2024-000005.
2024-10-16 12:11:57,985 - INFO - Arquivos já existentes para PNCP 78956513000168-1-000053/2024-000033.
2024-10-16 12:11:57,985 - INFO - Arquivos já existentes para PNCP 15126437000143-1-002559/2024-000002.
2024-10-16 12:11:57,985 - INFO - Arquivos já existentes para PNCP 15126437000143-1-002559/2024-000003.
2024-10-16 12:11:57,985 - INFO - Arquivos já existentes para PNCP 46363933000144-1-000186/2024-000006.
2024-10-16 12:11:57,985 - INFO - Iniciando download de dados adicionais para PNCP 46363933000144-1-000186/2024-000004.
2024-10-16 12:11:57,986 - INFO - Iniciando download de dados adicionais para PNCP 78956513000168-1-000053/2024-000032.
2024-10-16 12:11:57,986 - INFO - Itens já existentes para PNCP 46363933000144-1-000186/2024-000005.
2024-10-16 12:11:57,986 - INFO - Iniciando download de dados adicionais para PNCP 60747318000162-1-000211/2024-000001.
2024-10-16 12:11:57,986 - INFO - Itens já existentes para PNCP 46363933000144-1-000186/2024-000004.
2024-10-16 12:11:57,987 - INFO - Iniciando download de dados adicionais para PNCP 46363933000144-1-000186/2024-000003.
2024-10-16 12:11:57,987 - INFO - Iniciando download de dados adicionais para PNCP 78956513000168-1-000053/2024-000031.
2024-10-16 12:11:57,987 - INFO - Iniciando download de dados adicionais para PNCP 46363933000144-1-000186/2024-000002.
2024-10-16 12:11:57,987 - INFO - Itens já existentes para PNCP 78956513000168-1-000053/2024-000032.
2024-10-16 12:11:57,987 - INFO - Arquivos já existentes para PNCP 46363933000144-1-000186/2024-000005.
2024-10-16 12:11:57,987 - INFO - Itens já existentes para PNCP 60747318000162-1-000211/2024-000001.
2024-10-16 12:11:57,987 - INFO - Itens já existentes para PNCP 46363933000144-1-000186/2024-000003.
2024-10-16 12:11:57,987 - INFO - Itens já existentes para PNCP 46363933000144-1-000186/2024-000002.
2024-10-16 12:11:57,987 - INFO - Arquivos já existentes para PNCP 46363933000144-1-000186/2024-000004.
2024-10-16 12:11:57,988 - INFO - Itens já existentes para PNCP 78956513000168-1-000053/2024-000031.
2024-10-16 12:11:57,988 - INFO - Arquivos já existentes para PNCP 78956513000168-1-000053/2024-000032.
2024-10-16 12:11:57,988 - INFO - Iniciando download de dados adicionais para PNCP 13906409000113-1-000069/2024-000001.
2024-10-16 12:11:57,989 - INFO - Arquivos já existentes para PNCP 46363933000144-1-000186/2024-000002.
2024-10-16 12:11:57,989 - INFO - Arquivos já existentes para PNCP 78956513000168-1-000053/2024-000031.
2024-10-16 12:11:57,989 - INFO - Arquivos já existentes para PNCP 46363933000144-1-000186/2024-000003.
2024-10-16 12:11:57,989 - INFO - Iniciando download de dados adicionais para PNCP 46363933000144-1-000186/2024-000001.
2024-10-16 12:11:57,989 - INFO - Iniciando download de dados adicionais para PNCP 15126437000143-1-002559/2024-000001.
2024-10-16 12:11:57,989 - INFO - Arquivos já existentes para PNCP 60747318000162-1-000211/2024-000001.
2024-10-16 12:11:57,989 - INFO - Itens já existentes para PNCP 13906409000113-1-000069/2024-000001.
2024-10-16 12:11:57,989 - INFO - Iniciando download de dados adicionais para PNCP 18029371000161-1-000095/2024-000003.
2024-10-16 12:11:57,990 - INFO - Itens já existentes para PNCP 15126437000143-1-002559/2024-000001.
2024-10-16 12:11:57,990 - INFO - Iniciando download de dados adicionais para PNCP 12207403000195-1-000056/2024-000015.
2024-10-16 12:11:57,990 - INFO - Iniciando download de dados adicionais para PNCP 78956513000168-1-000053/2024-000030.
2024-10-16 12:11:57,990 - INFO - Itens já existentes para PNCP 46363933000144-1-000186/2024-000001.
2024-10-16 12:11:57,990 - INFO - Iniciando download de dados adicionais para PNCP 78956513000168-1-000053/2024-000029.
2024-10-16 12:11:57,991 - INFO - Arquivos já existentes para PNCP 13906409000113-1-000069/2024-000001.
2024-10-16 12:11:57,991 - INFO - Buscando itens para PNCP 18029371000161-1-000095/2024-000003.
2024-10-16 12:11:57,991 - INFO - Itens já existentes para PNCP 12207403000195-1-000056/2024-000015.
2024-10-16 12:11:57,991 - INFO - Itens já existentes para PNCP 78956513000168-1-000053/2024-000030.
2024-10-16 12:11:57,991 - INFO - Arquivos já existentes para PNCP 46363933000144-1-000186/2024-000001.
2024-10-16 12:11:57,991 - INFO - Arquivos já existentes para PNCP 15126437000143-1-002559/2024-000001.
2024-10-16 12:11:57,991 - INFO - Itens já existentes para PNCP 78956513000168-1-000053/2024-000029.
2024-10-16 12:11:57,993 - INFO - Iniciando download de dados adicionais para PNCP 76416866000140-1-000088/2024-000001.
2024-10-16 12:11:57,993 - INFO - Iniciando download de dados adicionais para PNCP 15126437000143-1-001370/2024-000020.
2024-10-16 12:11:57,993 - INFO - Arquivos já existentes para PNCP 78956513000168-1-000053/2024-000030.
2024-10-16 12:11:57,993 - INFO - Arquivos já existentes para PNCP 12207403000195-1-000056/2024-000015.
2024-10-16 12:11:57,993 - INFO - Iniciando download de dados adicionais para PNCP 83102285000107-1-000433/2024-000001.
2024-10-16 12:11:57,993 - INFO - Arquivos já existentes para PNCP 78956513000168-1-000053/2024-000029.
2024-10-16 12:11:57,994 - INFO - Itens já existentes para PNCP 76416866000140-1-000088/2024-000001.
2024-10-16 12:11:57,994 - INFO - Itens já existentes para PNCP 15126437000143-1-001370/2024-000020.
2024-10-16 12:11:57,994 - INFO - Iniciando download de dados adicionais para PNCP 78956513000168-1-000053/2024-000028.
2024-10-16 12:11:57,994 - INFO - Iniciando download de dados adicionais para PNCP 00394452000103-1-017824/2024-000001.
2024-10-16 12:11:57,994 - INFO - Itens já existentes para PNCP 83102285000107-1-000433/2024-000001.
2024-10-16 12:11:57,994 - INFO - Iniciando download de dados adicionais para PNCP 00394544000185-1-000880/2024-000005.
2024-10-16 12:11:57,995 - INFO - Arquivos já existentes para PNCP 76416866000140-1-000088/2024-000001.
2024-10-16 12:11:57,995 - INFO - Arquivos já existentes para PNCP 15126437000143-1-001370/2024-000020.
2024-10-16 12:11:57,995 - INFO - Itens já existentes para PNCP 00394452000103-1-017824/2024-000001.
2024-10-16 12:11:57,995 - INFO - Arquivos já existentes para PNCP 83102285000107-1-000433/2024-000001.
2024-10-16 12:11:57,995 - INFO - Itens já existentes para PNCP 78956513000168-1-000053/2024-000028.
2024-10-16 12:11:57,995 - INFO - Itens já existentes para PNCP 00394544000185-1-000880/2024-000005.
2024-10-16 12:11:57,996 - INFO - Iniciando download de dados adicionais para PNCP 46482865000132-1-000336/2024-000002.
2024-10-16 12:11:57,996 - INFO - Iniciando download de dados adicionais para PNCP 00394429018310-1-000021/2024-000019.
2024-10-16 12:11:57,996 - INFO - Iniciando download de dados adicionais para PNCP 46482865000132-1-000336/2024-000001.
2024-10-16 12:11:57,996 - INFO - Arquivos já existentes para PNCP 78956513000168-1-000053/2024-000028.
2024-10-16 12:11:57,996 - INFO - Arquivos já existentes para PNCP 00394452000103-1-017824/2024-000001.
2024-10-16 12:11:57,996 - INFO - Arquivos já existentes para PNCP 00394544000185-1-000880/2024-000005.
2024-10-16 12:11:57,997 - INFO - Itens já existentes para PNCP 46482865000132-1-000336/2024-000002.
2024-10-16 12:11:57,997 - INFO - Itens já existentes para PNCP 00394429018310-1-000021/2024-000019.
2024-10-16 12:11:57,997 - INFO - Iniciando download de dados adicionais para PNCP 78956513000168-1-000053/2024-000027.
2024-10-16 12:11:57,997 - INFO - Iniciando download de dados adicionais para PNCP 18029371000161-1-000095/2024-000002.
2024-10-16 12:11:57,997 - INFO - Iniciando download de dados adicionais para PNCP 20321585000159-1-000043/2024-000003.
2024-10-16 12:11:57,997 - INFO - Buscando itens para PNCP 46482865000132-1-000336/2024-000001.
2024-10-16 12:11:57,999 - INFO - Arquivos já existentes para PNCP 46482865000132-1-000336/2024-000002.
2024-10-16 12:11:57,999 - INFO - Arquivos já existentes para PNCP 00394429018310-1-000021/2024-000019.
2024-10-16 12:11:57,999 - INFO - Buscando itens para PNCP 18029371000161-1-000095/2024-000002.
2024-10-16 12:11:57,999 - INFO - Itens já existentes para PNCP 78956513000168-1-000053/2024-000027.
2024-10-16 12:11:57,999 - INFO - Buscando itens para PNCP 20321585000159-1-000043/2024-000003.
2024-10-16 12:11:58,002 - INFO - Iniciando download de dados adicionais para PNCP 18836965000184-1-000107/2024-000001.
2024-10-16 12:11:58,002 - INFO - Itens já existentes para PNCP 18836965000184-1-000107/2024-000001.
2024-10-16 12:11:58,003 - INFO - Arquivos já existentes para PNCP 18836965000184-1-000107/2024-000001.
2024-10-16 12:11:58,003 - INFO - Iniciando download de dados adicionais para PNCP 78956513000168-1-000053/2024-000026.
2024-10-16 12:11:58,004 - INFO - Itens já existentes para PNCP 78956513000168-1-000053/2024-000026.
2024-10-16 12:11:58,004 - INFO - Arquivos já existentes para PNCP 78956513000168-1-000053/2024-000026.
2024-10-16 12:11:58,004 - INFO - Iniciando download de dados adicionais para PNCP 00394544000185-1-000966/2024-000001.
2024-10-16 12:11:58,005 - INFO - Itens já existentes para PNCP 00394544000185-1-000966/2024-000001.
2024-10-16 12:11:58,005 - INFO - Arquivos já existentes para PNCP 00394544000185-1-000966/2024-000001.
2024-10-16 12:11:58,005 - INFO - Iniciando download de dados adicionais para PNCP 78956513000168-1-000053/2024-000025.
2024-10-16 12:11:58,005 - INFO - Itens já existentes para PNCP 78956513000168-1-000053/2024-000025.
2024-10-16 12:11:58,006 - INFO - Arquivos já existentes para PNCP 78956513000168-1-000053/2024-000025.
2024-10-16 12:11:58,006 - INFO - Iniciando download de dados adicionais para PNCP 15126437000143-1-001464/2024-000017.
2024-10-16 12:11:58,006 - INFO - Itens já existentes para PNCP 15126437000143-1-001464/2024-000017.
2024-10-16 12:11:58,006 - INFO - Arquivos já existentes para PNCP 15126437000143-1-001464/2024-000017.
2024-10-16 12:11:58,007 - INFO - Arquivos já existentes para PNCP 78956513000168-1-000053/2024-000027.
2024-10-16 12:11:58,007 - INFO - Iniciando download de dados adicionais para PNCP 78956513000168-1-000053/2024-000024.
2024-10-16 12:11:58,007 - INFO - Itens já existentes para PNCP 78956513000168-1-000053/2024-000024.
2024-10-16 12:11:58,007 - INFO - Arquivos já existentes para PNCP 78956513000168-1-000053/2024-000024.
2024-10-16 12:11:58,007 - INFO - Iniciando download de dados adicionais para PNCP 01612320000165-1-000033/2024-000002.
2024-10-16 12:11:58,007 - INFO - Itens já existentes para PNCP 01612320000165-1-000033/2024-000002.
2024-10-16 12:11:58,007 - INFO - Arquivos já existentes para PNCP 01612320000165-1-000033/2024-000002.
2024-10-16 12:11:58,008 - INFO - Iniciando download de dados adicionais para PNCP 01612320000165-1-000033/2024-000001.
2024-10-16 12:11:58,008 - INFO - Itens já existentes para PNCP 01612320000165-1-000033/2024-000001.
2024-10-16 12:11:58,008 - INFO - Arquivos já existentes para PNCP 01612320000165-1-000033/2024-000001.
2024-10-16 12:11:58,008 - INFO - Iniciando download de dados adicionais para PNCP 78956513000168-1-000053/2024-000023.
2024-10-16 12:11:58,008 - INFO - Itens já existentes para PNCP 78956513000168-1-000053/2024-000023.
2024-10-16 12:11:58,008 - INFO - Arquivos já existentes para PNCP 78956513000168-1-000053/2024-000023.
2024-10-16 12:11:58,008 - INFO - Iniciando download de dados adicionais para PNCP 78956513000168-1-000053/2024-000022.
2024-10-16 12:11:58,009 - INFO - Itens já existentes para PNCP 78956513000168-1-000053/2024-000022.
2024-10-16 12:11:58,009 - INFO - Arquivos já existentes para PNCP 78956513000168-1-000053/2024-000022.
2024-10-16 12:11:58,009 - INFO - Iniciando download de dados adicionais para PNCP 78956513000168-1-000053/2024-000021.
2024-10-16 12:11:58,009 - INFO - Itens já existentes para PNCP 78956513000168-1-000053/2024-000021.
2024-10-16 12:11:58,010 - INFO - Arquivos já existentes para PNCP 78956513000168-1-000053/2024-000021.
2024-10-16 12:11:58,010 - INFO - Iniciando download de dados adicionais para PNCP 00509968000148-1-002822/2024-000001.
2024-10-16 12:11:58,010 - INFO - Itens já existentes para PNCP 00509968000148-1-002822/2024-000001.
2024-10-16 12:11:58,010 - INFO - Arquivos já existentes para PNCP 00509968000148-1-002822/2024-000001.
2024-10-16 12:11:58,011 - INFO - Iniciando download de dados adicionais para PNCP 15126437000143-1-001464/2024-000016.
2024-10-16 12:11:58,011 - INFO - Itens já existentes para PNCP 15126437000143-1-001464/2024-000016.
2024-10-16 12:11:58,011 - INFO - Arquivos já existentes para PNCP 15126437000143-1-001464/2024-000016.
2024-10-16 12:11:58,011 - INFO - Iniciando download de dados adicionais para PNCP 15126437000143-1-001464/2024-000018.
2024-10-16 12:11:58,011 - INFO - Iniciando download de dados adicionais para PNCP 60747318000162-1-000309/2024-000001.
2024-10-16 12:11:58,012 - INFO - Itens já existentes para PNCP 15126437000143-1-001464/2024-000018.
2024-10-16 12:11:58,012 - INFO - Arquivos já existentes para PNCP 15126437000143-1-001464/2024-000018.
2024-10-16 12:11:58,012 - INFO - Iniciando download de dados adicionais para PNCP 92963560000160-1-000663/2024-000002.
2024-10-16 12:11:58,012 - INFO - Buscando itens para PNCP 92963560000160-1-000663/2024-000002.
2024-10-16 12:11:58,014 - INFO - Itens já existentes para PNCP 60747318000162-1-000309/2024-000001.
2024-10-16 12:11:58,014 - INFO - Arquivos já existentes para PNCP 60747318000162-1-000309/2024-000001.
2024-10-16 12:11:58,014 - INFO - Iniciando download de dados adicionais para PNCP 78956513000168-1-000053/2024-000020.
2024-10-16 12:11:58,014 - INFO - Itens já existentes para PNCP 78956513000168-1-000053/2024-000020.
2024-10-16 12:11:58,015 - INFO - Arquivos já existentes para PNCP 78956513000168-1-000053/2024-000020.
2024-10-16 12:11:58,015 - INFO - Iniciando download de dados adicionais para PNCP 05853163000130-1-000038/2024-000001.
2024-10-16 12:11:58,016 - INFO - Itens já existentes para PNCP 05853163000130-1-000038/2024-000001.
2024-10-16 12:11:58,016 - INFO - Arquivos já existentes para PNCP 05853163000130-1-000038/2024-000001.
2024-10-16 12:11:58,016 - INFO - Iniciando download de dados adicionais para PNCP 05853163000130-1-000086/2024-000005.
2024-10-16 12:11:58,016 - INFO - Itens já existentes para PNCP 05853163000130-1-000086/2024-000005.
2024-10-16 12:11:58,017 - INFO - Arquivos já existentes para PNCP 05853163000130-1-000086/2024-000005.
2024-10-16 12:11:58,017 - INFO - Iniciando download de dados adicionais para PNCP 15126437000143-1-001464/2024-000015.
2024-10-16 12:11:58,017 - INFO - Itens já existentes para PNCP 15126437000143-1-001464/2024-000015.
2024-10-16 12:11:58,017 - INFO - Arquivos já existentes para PNCP 15126437000143-1-001464/2024-000015.
2024-10-16 12:11:58,018 - INFO - Iniciando download de dados adicionais para PNCP 18029371000161-1-000095/2024-000001.
2024-10-16 12:11:58,018 - INFO - Itens já existentes para PNCP 18029371000161-1-000095/2024-000001.
2024-10-16 12:11:58,018 - INFO - Arquivos já existentes para PNCP 18029371000161-1-000095/2024-000001.
2024-10-16 12:11:58,019 - INFO - Iniciando download de dados adicionais para PNCP 15126437000143-1-001464/2024-000014.
2024-10-16 12:11:58,019 - INFO - Itens já existentes para PNCP 15126437000143-1-001464/2024-000014.
2024-10-16 12:11:58,019 - INFO - Arquivos já existentes para PNCP 15126437000143-1-001464/2024-000014.
2024-10-16 12:11:58,019 - INFO - Iniciando download de dados adicionais para PNCP 78956513000168-1-000053/2024-000019.
2024-10-16 12:11:58,020 - INFO - Itens já existentes para PNCP 78956513000168-1-000053/2024-000019.
2024-10-16 12:11:58,027 - INFO - Arquivos já existentes para PNCP 78956513000168-1-000053/2024-000019.
2024-10-16 12:11:58,028 - INFO - Iniciando download de dados adicionais para PNCP 92963560000160-1-000663/2024-000001.
2024-10-16 12:11:58,028 - INFO - Itens já existentes para PNCP 92963560000160-1-000663/2024-000001.
2024-10-16 12:11:58,028 - INFO - Arquivos já existentes para PNCP 92963560000160-1-000663/2024-000001.
2024-10-16 12:11:58,028 - INFO - Iniciando download de dados adicionais para PNCP 05853163000130-1-000086/2024-000004.
2024-10-16 12:11:58,029 - INFO - Itens já existentes para PNCP 05853163000130-1-000086/2024-000004.
2024-10-16 12:11:58,029 - INFO - Arquivos já existentes para PNCP 05853163000130-1-000086/2024-000004.
2024-10-16 12:11:58,029 - INFO - Iniciando download de dados adicionais para PNCP 78956513000168-1-000053/2024-000018.
2024-10-16 12:11:58,030 - INFO - Itens já existentes para PNCP 78956513000168-1-000053/2024-000018.
2024-10-16 12:11:58,030 - INFO - Arquivos já existentes para PNCP 78956513000168-1-000053/2024-000018.
2024-10-16 12:11:58,030 - INFO - Iniciando download de dados adicionais para PNCP 10091544000160-1-000046/2024-000010.
2024-10-16 12:11:58,030 - INFO - Itens já existentes para PNCP 10091544000160-1-000046/2024-000010.
2024-10-16 12:11:58,031 - INFO - Arquivos já existentes para PNCP 10091544000160-1-000046/2024-000010.
2024-10-16 12:11:58,031 - INFO - Iniciando download de dados adicionais para PNCP 78956513000168-1-000053/2024-000017.
2024-10-16 12:11:58,031 - INFO - Itens já existentes para PNCP 78956513000168-1-000053/2024-000017.
2024-10-16 12:11:58,031 - INFO - Arquivos já existentes para PNCP 78956513000168-1-000053/2024-000017.
2024-10-16 12:11:58,032 - INFO - Iniciando download de dados adicionais para PNCP 10091544000160-1-000046/2024-000009.
2024-10-16 12:11:58,032 - INFO - Itens já existentes para PNCP 10091544000160-1-000046/2024-000009.
2024-10-16 12:11:58,032 - INFO - Arquivos já existentes para PNCP 10091544000160-1-000046/2024-000009.
2024-10-16 12:11:58,032 - INFO - Iniciando download de dados adicionais para PNCP 15126437000143-1-001464/2024-000013.
2024-10-16 12:11:58,033 - INFO - Itens já existentes para PNCP 15126437000143-1-001464/2024-000013.
2024-10-16 12:11:58,033 - INFO - Arquivos já existentes para PNCP 15126437000143-1-001464/2024-000013.
2024-10-16 12:11:58,033 - INFO - Iniciando download de dados adicionais para PNCP 24464109000148-1-000063/2024-000027.
2024-10-16 12:11:58,034 - INFO - Itens já existentes para PNCP 24464109000148-1-000063/2024-000027.
2024-10-16 12:11:58,034 - INFO - Arquivos já existentes para PNCP 24464109000148-1-000063/2024-000027.
2024-10-16 12:11:58,034 - INFO - Iniciando download de dados adicionais para PNCP 10091544000160-1-000046/2024-000008.
2024-10-16 12:11:58,034 - INFO - Itens já existentes para PNCP 10091544000160-1-000046/2024-000008.
2024-10-16 12:11:58,034 - INFO - Arquivos já existentes para PNCP 10091544000160-1-000046/2024-000008.
2024-10-16 12:11:58,034 - INFO - Iniciando download de dados adicionais para PNCP 05853163000130-1-000071/2024-000001.
2024-10-16 12:11:58,034 - INFO - Itens já existentes para PNCP 05853163000130-1-000071/2024-000001.
2024-10-16 12:11:58,034 - INFO - Arquivos já existentes para PNCP 05853163000130-1-000071/2024-000001.
2024-10-16 12:11:58,034 - INFO - Iniciando download de dados adicionais para PNCP 10091544000160-1-000046/2024-000007.
2024-10-16 12:11:58,034 - INFO - Itens já existentes para PNCP 10091544000160-1-000046/2024-000007.
2024-10-16 12:11:58,035 - INFO - Arquivos já existentes para PNCP 10091544000160-1-000046/2024-000007.
2024-10-16 12:11:58,035 - INFO - Iniciando download de dados adicionais para PNCP 46189726000115-1-000088/2024-000001.
2024-10-16 12:11:58,035 - INFO - Itens já existentes para PNCP 46189726000115-1-000088/2024-000001.
2024-10-16 12:11:58,035 - INFO - Arquivos já existentes para PNCP 46189726000115-1-000088/2024-000001.
2024-10-16 12:11:58,035 - INFO - Iniciando download de dados adicionais para PNCP 10091544000160-1-000046/2024-000006.
2024-10-16 12:11:58,035 - INFO - Itens já existentes para PNCP 10091544000160-1-000046/2024-000006.
2024-10-16 12:11:58,035 - INFO - Arquivos já existentes para PNCP 10091544000160-1-000046/2024-000006.
2024-10-16 12:11:58,035 - INFO - Iniciando download de dados adicionais para PNCP 05853163000130-1-000086/2024-000003.
2024-10-16 12:11:58,035 - INFO - Itens já existentes para PNCP 05853163000130-1-000086/2024-000003.
2024-10-16 12:11:58,035 - INFO - Arquivos já existentes para PNCP 05853163000130-1-000086/2024-000003.
2024-10-16 12:11:58,036 - INFO - Iniciando download de dados adicionais para PNCP 78956513000168-1-000053/2024-000016.
2024-10-16 12:11:58,036 - INFO - Itens já existentes para PNCP 78956513000168-1-000053/2024-000016.
2024-10-16 12:11:58,036 - INFO - Arquivos já existentes para PNCP 78956513000168-1-000053/2024-000016.
2024-10-16 12:11:58,036 - INFO - Iniciando download de dados adicionais para PNCP 10091544000160-1-000046/2024-000005.
2024-10-16 12:11:58,036 - INFO - Itens já existentes para PNCP 10091544000160-1-000046/2024-000005.
2024-10-16 12:11:58,036 - INFO - Arquivos já existentes para PNCP 10091544000160-1-000046/2024-000005.
2024-10-16 12:11:58,037 - INFO - Iniciando download de dados adicionais para PNCP 15126437000143-1-001464/2024-000012.
2024-10-16 12:11:58,037 - INFO - Itens já existentes para PNCP 15126437000143-1-001464/2024-000012.
2024-10-16 12:11:58,037 - INFO - Arquivos já existentes para PNCP 15126437000143-1-001464/2024-000012.
2024-10-16 12:11:58,037 - INFO - Iniciando download de dados adicionais para PNCP 10091544000160-1-000046/2024-000004.
2024-10-16 12:11:58,037 - INFO - Itens já existentes para PNCP 10091544000160-1-000046/2024-000004.
2024-10-16 12:11:58,038 - INFO - Arquivos já existentes para PNCP 10091544000160-1-000046/2024-000004.
2024-10-16 12:11:58,038 - INFO - Iniciando download de dados adicionais para PNCP 78956513000168-1-000053/2024-000015.
2024-10-16 12:11:58,038 - INFO - Itens já existentes para PNCP 78956513000168-1-000053/2024-000015.
2024-10-16 12:11:58,038 - INFO - Arquivos já existentes para PNCP 78956513000168-1-000053/2024-000015.
2024-10-16 12:11:58,039 - INFO - Iniciando download de dados adicionais para PNCP 41779117000100-1-000022/2024-000001.
2024-10-16 12:11:58,039 - INFO - Itens já existentes para PNCP 41779117000100-1-000022/2024-000001.
2024-10-16 12:11:58,039 - INFO - Arquivos já existentes para PNCP 41779117000100-1-000022/2024-000001.
2024-10-16 12:11:58,039 - INFO - Iniciando download de dados adicionais para PNCP 10091544000160-1-000046/2024-000003.
2024-10-16 12:11:58,039 - INFO - Itens já existentes para PNCP 10091544000160-1-000046/2024-000003.
2024-10-16 12:11:58,039 - INFO - Arquivos já existentes para PNCP 10091544000160-1-000046/2024-000003.
2024-10-16 12:11:58,040 - INFO - Iniciando download de dados adicionais para PNCP 76205715000142-1-000056/2024-000040.
2024-10-16 12:11:58,040 - INFO - Buscando itens para PNCP 76205715000142-1-000056/2024-000040.
2024-10-16 12:11:58,041 - INFO - Iniciando download de dados adicionais para PNCP 46189726000115-1-000098/2024-000001.
2024-10-16 12:11:58,041 - INFO - Itens já existentes para PNCP 46189726000115-1-000098/2024-000001.
2024-10-16 12:11:58,041 - INFO - Arquivos já existentes para PNCP 46189726000115-1-000098/2024-000001.
2024-10-16 12:11:58,041 - INFO - Iniciando download de dados adicionais para PNCP 78956513000168-1-000053/2024-000014.
2024-10-16 12:11:58,041 - INFO - Itens já existentes para PNCP 78956513000168-1-000053/2024-000014.
2024-10-16 12:11:58,041 - INFO - Arquivos já existentes para PNCP 78956513000168-1-000053/2024-000014.
2024-10-16 12:11:58,042 - INFO - Iniciando download de dados adicionais para PNCP 10091544000160-1-000046/2024-000002.
2024-10-16 12:11:58,042 - INFO - Itens já existentes para PNCP 10091544000160-1-000046/2024-000002.
2024-10-16 12:11:58,042 - INFO - Arquivos já existentes para PNCP 10091544000160-1-000046/2024-000002.
2024-10-16 12:11:58,042 - INFO - Iniciando download de dados adicionais para PNCP 41779117000100-1-000018/2024-000001.
2024-10-16 12:11:58,042 - INFO - Itens já existentes para PNCP 41779117000100-1-000018/2024-000001.
2024-10-16 12:11:58,042 - INFO - Arquivos já existentes para PNCP 41779117000100-1-000018/2024-000001.
2024-10-16 12:11:58,042 - INFO - Iniciando download de dados adicionais para PNCP 76205715000142-1-000056/2024-000039.
2024-10-16 12:11:58,042 - INFO - Itens já existentes para PNCP 76205715000142-1-000056/2024-000039.
2024-10-16 12:11:58,043 - INFO - Arquivos já existentes para PNCP 76205715000142-1-000056/2024-000039.
2024-10-16 12:11:58,043 - INFO - Iniciando download de dados adicionais para PNCP 10091544000160-1-000046/2024-000001.
2024-10-16 12:11:58,043 - INFO - Itens já existentes para PNCP 10091544000160-1-000046/2024-000001.
2024-10-16 12:11:58,043 - INFO - Arquivos já existentes para PNCP 10091544000160-1-000046/2024-000001.
2024-10-16 12:11:58,043 - INFO - Iniciando download de dados adicionais para PNCP 78956513000168-1-000053/2024-000013.
2024-10-16 12:11:58,044 - INFO - Itens já existentes para PNCP 78956513000168-1-000053/2024-000013.
2024-10-16 12:11:58,044 - INFO - Arquivos já existentes para PNCP 78956513000168-1-000053/2024-000013.
2024-10-16 12:11:58,044 - INFO - Iniciando download de dados adicionais para PNCP 05853163000130-1-000086/2024-000002.
2024-10-16 12:11:58,044 - INFO - Itens já existentes para PNCP 05853163000130-1-000086/2024-000002.
2024-10-16 12:11:58,044 - INFO - Arquivos já existentes para PNCP 05853163000130-1-000086/2024-000002.
2024-10-16 12:11:58,044 - INFO - Iniciando download de dados adicionais para PNCP 76205715000142-1-000056/2024-000038.
2024-10-16 12:11:58,044 - INFO - Itens já existentes para PNCP 76205715000142-1-000056/2024-000038.
2024-10-16 12:11:58,045 - INFO - Arquivos já existentes para PNCP 76205715000142-1-000056/2024-000038.
2024-10-16 12:11:58,045 - INFO - Iniciando download de dados adicionais para PNCP 78956513000168-1-000053/2024-000012.
2024-10-16 12:11:58,045 - INFO - Itens já existentes para PNCP 78956513000168-1-000053/2024-000012.
2024-10-16 12:11:58,045 - INFO - Arquivos já existentes para PNCP 78956513000168-1-000053/2024-000012.
2024-10-16 12:11:58,045 - INFO - Iniciando download de dados adicionais para PNCP 18029371000161-1-000089/2024-000002.
2024-10-16 12:11:58,046 - INFO - Buscando itens para PNCP 18029371000161-1-000089/2024-000002.
2024-10-16 12:11:58,427 - INFO - Cancelamento solicitado pelo usuário.
2024-10-16 12:11:58,428 - INFO - Processo cancelado pelo usuário durante o processamento de dados adicionais.
2024-10-16 12:11:58,438 - INFO - Cancelamento detectado. Encerrando processamento de dados adicionais.
2024-10-16 12:11:58,485 - ERROR - Erro na tentativa 1 para itens: 404 Client Error: Not Found for url: https://pncp.gov.br/api/pncp/v1/orgaos/18659334000137/compras/2024/1/itens?pagina=1&tamanhoPagina=20
2024-10-16 12:11:58,485 - WARNING - Nenhum item encontrado para PNCP 18659334000137-1-000443/2024-000001.
2024-10-16 12:11:58,485 - INFO - Buscando arquivos para PNCP 18659334000137-1-000443/2024-000001.
2024-10-16 12:11:58,553 - ERROR - Erro na tentativa 1 para itens: 404 Client Error: Not Found for url: https://pncp.gov.br/api/pncp/v1/orgaos/18029371000161/compras/2024/2/itens?pagina=1&tamanhoPagina=20
2024-10-16 12:11:58,554 - ERROR - Erro na tentativa 1 para itens: 404 Client Error: Not Found for url: https://pncp.gov.br/api/pncp/v1/orgaos/76205715000142/compras/2024/40/itens?pagina=1&tamanhoPagina=20
2024-10-16 12:11:58,554 - WARNING - Nenhum item encontrado para PNCP 76205715000142-1-000056/2024-000040.
2024-10-16 12:11:58,554 - INFO - Buscando arquivos para PNCP 76205715000142-1-000056/2024-000040.
2024-10-16 12:11:58,557 - ERROR - Erro na tentativa 1 para itens: 404 Client Error: Not Found for url: https://pncp.gov.br/api/pncp/v1/orgaos/18029371000161/compras/2024/5/itens?pagina=1&tamanhoPagina=20
2024-10-16 12:11:58,557 - WARNING - Nenhum item encontrado para PNCP 18029371000161-1-000095/2024-000002.
2024-10-16 12:11:58,557 - INFO - Buscando arquivos para PNCP 18029371000161-1-000095/2024-000002.
2024-10-16 12:11:58,557 - WARNING - Nenhum item encontrado para PNCP 18029371000161-1-000095/2024-000005.
2024-10-16 12:11:58,559 - INFO - Buscando arquivos para PNCP 18029371000161-1-000095/2024-000005.
2024-10-16 12:11:58,560 - ERROR - Erro na tentativa 1 para itens: 404 Client Error: Not Found for url: https://pncp.gov.br/api/pncp/v1/orgaos/20321585000159/compras/2024/3/itens?pagina=1&tamanhoPagina=20
2024-10-16 12:11:58,560 - ERROR - Erro na tentativa 1 para itens: 404 Client Error: Not Found for url: https://pncp.gov.br/api/pncp/v1/orgaos/18029371000161/compras/2024/3/itens?pagina=1&tamanhoPagina=20
2024-10-16 12:11:58,561 - WARNING - Nenhum item encontrado para PNCP 20321585000159-1-000043/2024-000003.
2024-10-16 12:11:58,561 - INFO - Buscando arquivos para PNCP 20321585000159-1-000043/2024-000003.
2024-10-16 12:11:58,562 - WARNING - Nenhum item encontrado para PNCP 18029371000161-1-000095/2024-000003.
2024-10-16 12:11:58,562 - INFO - Buscando arquivos para PNCP 18029371000161-1-000095/2024-000003.
2024-10-16 12:11:58,565 - ERROR - Erro na tentativa 1 para itens: 404 Client Error: Not Found for url: https://pncp.gov.br/api/pncp/v1/orgaos/18029371000161/compras/2024/4/itens?pagina=1&tamanhoPagina=20
2024-10-16 12:11:58,566 - WARNING - Nenhum item encontrado para PNCP 18029371000161-1-000095/2024-000004.
2024-10-16 12:11:58,566 - INFO - Buscando arquivos para PNCP 18029371000161-1-000095/2024-000004.
2024-10-16 12:11:58,574 - ERROR - Erro na tentativa 1 para itens: 404 Client Error: Not Found for url: https://pncp.gov.br/api/pncp/v1/orgaos/46482865000132/compras/2024/1/itens?pagina=1&tamanhoPagina=20
2024-10-16 12:11:58,575 - WARNING - Nenhum item encontrado para PNCP 46482865000132-1-000336/2024-000001.
2024-10-16 12:11:58,575 - INFO - Buscando arquivos para PNCP 46482865000132-1-000336/2024-000001.
2024-10-16 12:11:58,581 - ERROR - Erro na tentativa 1 para itens: 404 Client Error: Not Found for url: https://pncp.gov.br/api/pncp/v1/orgaos/92963560000160/compras/2024/2/itens?pagina=1&tamanhoPagina=20
2024-10-16 12:11:58,581 - WARNING - Nenhum item encontrado para PNCP 92963560000160-1-000663/2024-000002.
2024-10-16 12:11:58,581 - INFO - Buscando arquivos para PNCP 92963560000160-1-000663/2024-000002.
2024-10-16 12:11:58,598 - ERROR - Erro na tentativa 1 para itens: 404 Client Error: Not Found for url: https://pncp.gov.br/api/pncp/v1/orgaos/18029371000161/compras/2024/2/itens?pagina=1&tamanhoPagina=20
2024-10-16 12:11:58,599 - WARNING - Nenhum item encontrado para PNCP 18029371000161-1-000089/2024-000002.
2024-10-16 12:11:58,599 - INFO - Buscando arquivos para PNCP 18029371000161-1-000089/2024-000002.
2024-10-16 12:11:58,971 - ERROR - Erro na tentativa 1 para arquivos: 404 Client Error: Not Found for url: https://pncp.gov.br/api/pncp/v1/orgaos/18659334000137/compras/2024/1/arquivos?pagina=1&tamanhoPagina=20
2024-10-16 12:11:58,972 - WARNING - Nenhum arquivo encontrado para PNCP 18659334000137-1-000443/2024-000001.
2024-10-16 12:11:59,047 - ERROR - Erro na tentativa 1 para arquivos: 404 Client Error: Not Found for url: https://pncp.gov.br/api/pncp/v1/orgaos/20321585000159/compras/2024/3/arquivos?pagina=1&tamanhoPagina=20
2024-10-16 12:11:59,048 - WARNING - Nenhum arquivo encontrado para PNCP 20321585000159-1-000043/2024-000003.
2024-10-16 12:11:59,050 - ERROR - Erro na tentativa 1 para arquivos: 404 Client Error: Not Found for url: https://pncp.gov.br/api/pncp/v1/orgaos/76205715000142/compras/2024/40/arquivos?pagina=1&tamanhoPagina=20
2024-10-16 12:11:59,050 - ERROR - Erro na tentativa 1 para arquivos: 404 Client Error: Not Found for url: https://pncp.gov.br/api/pncp/v1/orgaos/18029371000161/compras/2024/4/arquivos?pagina=1&tamanhoPagina=20
2024-10-16 12:11:59,050 - WARNING - Nenhum arquivo encontrado para PNCP 76205715000142-1-000056/2024-000040.
2024-10-16 12:11:59,051 - ERROR - Erro na tentativa 1 para arquivos: 404 Client Error: Not Found for url: https://pncp.gov.br/api/pncp/v1/orgaos/18029371000161/compras/2024/2/arquivos?pagina=1&tamanhoPagina=20
2024-10-16 12:11:59,051 - WARNING - Nenhum arquivo encontrado para PNCP 18029371000161-1-000095/2024-000004.
2024-10-16 12:11:59,051 - WARNING - Nenhum arquivo encontrado para PNCP 18029371000161-1-000095/2024-000002.
2024-10-16 12:11:59,052 - ERROR - Erro na tentativa 1 para arquivos: 404 Client Error: Not Found for url: https://pncp.gov.br/api/pncp/v1/orgaos/18029371000161/compras/2024/5/arquivos?pagina=1&tamanhoPagina=20
2024-10-16 12:11:59,052 - ERROR - Erro na tentativa 1 para arquivos: 404 Client Error: Not Found for url: https://pncp.gov.br/api/pncp/v1/orgaos/18029371000161/compras/2024/3/arquivos?pagina=1&tamanhoPagina=20
2024-10-16 12:11:59,053 - WARNING - Nenhum arquivo encontrado para PNCP 18029371000161-1-000095/2024-000003.
2024-10-16 12:11:59,053 - WARNING - Nenhum arquivo encontrado para PNCP 18029371000161-1-000095/2024-000005.
2024-10-16 12:11:59,066 - ERROR - Erro na tentativa 1 para arquivos: 404 Client Error: Not Found for url: https://pncp.gov.br/api/pncp/v1/orgaos/92963560000160/compras/2024/2/arquivos?pagina=1&tamanhoPagina=20
2024-10-16 12:11:59,066 - ERROR - Erro na tentativa 1 para arquivos: 404 Client Error: Not Found for url: https://pncp.gov.br/api/pncp/v1/orgaos/46482865000132/compras/2024/1/arquivos?pagina=1&tamanhoPagina=20
2024-10-16 12:11:59,067 - WARNING - Nenhum arquivo encontrado para PNCP 46482865000132-1-000336/2024-000001.
2024-10-16 12:11:59,067 - WARNING - Nenhum arquivo encontrado para PNCP 92963560000160-1-000663/2024-000002.
2024-10-16 12:11:59,086 - ERROR - Erro na tentativa 1 para arquivos: 404 Client Error: Not Found for url: https://pncp.gov.br/api/pncp/v1/orgaos/18029371000161/compras/2024/2/arquivos?pagina=1&tamanhoPagina=20
2024-10-16 12:11:59,086 - WARNING - Nenhum arquivo encontrado para PNCP 18029371000161-1-000089/2024-000002.
2024-10-16 12:11:59,086 - INFO - Sanitizando arquivos CSV para remover duplicatas.
2024-10-16 12:11:59,576 - INFO - Arquivo 'pncp_data_ata_de_registro_de_precos.csv' sanitizado. Linhas removidas: 40.
2024-10-16 12:12:00,730 - INFO - Processo de crawling concluído.
2024-10-16 12:12:00,730 - INFO - Tempo de execução: 5.60 segundos.
2024-10-16 12:12:00,730 - INFO - Total de itens processados (dados principais): 20
2024-10-16 12:12:00,730 - INFO - Novos itens salvos (dados principais): 20
2024-10-16 12:12:00,730 - INFO - Itens duplicados (não salvos): 0
2024-10-16 12:12:00,730 - INFO - Número de erros encontrados: 0
2024-10-16 12:12:00,731 - INFO - Páginas processadas: 1
2024-10-16 12:12:00,731 - INFO - Parâmetro de ordenação utilizado: mais_recentes
2024-10-16 12:12:00,731 - INFO - Total de arquivos complementares salvos: 0
2024-10-16 12:12:00,731 - INFO - Total de linhas duplicadas removidas: 40
2024-10-16 12:12:00,731 - INFO - Processo de crawling concluído. Verifique os arquivos CSV na pasta 'Dados_CSV' para os resultados.
